2022-07-29 15:55:47,573 [main] INFO LearnED_Cucuber - ******** Launching browser***********
2022-07-29 15:55:47,735 [main] INFO LearnED_Cucuber - ******** opening URL***********
2022-07-29 15:56:04,401 [main] INFO LearnED_Cucuber - ********Providing login details***********
2022-07-29 15:56:04,817 [main] INFO LearnED_Cucuber - ********Stratred login***********
2022-07-29 15:56:15,082 [main] INFO LearnED_Cucuber - ********login fails***********
2022-07-29 15:56:15,103 [main] INFO LearnED_Cucuber - ********User clicks on notification icon***********
2022-07-29 15:56:35,216 [main] INFO LearnED_Cucuber - ********Count the number of notifications***********
2022-07-29 15:56:45,263 [main] INFO LearnED_Cucuber - ********User logging out***********
2022-07-29 15:56:45,390 [main] INFO LearnED_Cucuber - ********Closeing the browser***********
2022-07-29 16:04:36,968 [main] INFO LearnED_Cucuber - ******** Launching browser***********
2022-07-29 16:04:37,134 [main] INFO LearnED_Cucuber - ******** opening URL***********
2022-07-29 16:04:48,269 [main] INFO LearnED_Cucuber - ********Providing login details***********
2022-07-29 16:04:48,639 [main] INFO LearnED_Cucuber - ********Stratred login***********
2022-07-29 16:04:58,890 [main] INFO LearnED_Cucuber - ********login fails***********
2022-07-29 16:05:08,908 [main] INFO LearnED_Cucuber - ********User logging out***********
2022-07-29 16:05:09,036 [main] INFO LearnED_Cucuber - ********Closeing the browser***********
2022-07-29 16:05:09,987 [main] INFO LearnED_Cucuber - ******** Launching browser***********
2022-07-29 16:05:10,108 [main] INFO LearnED_Cucuber - ******** opening URL***********
2022-07-29 16:05:25,864 [main] INFO LearnED_Cucuber - ********Providing login details***********
2022-07-29 16:05:26,216 [main] INFO LearnED_Cucuber - ********Stratred login***********
2022-07-29 16:05:36,429 [main] INFO LearnED_Cucuber - ********login fails***********
2022-07-29 16:05:46,455 [main] INFO LearnED_Cucuber - ********User logging out***********
2022-07-29 16:05:46,597 [main] INFO LearnED_Cucuber - ********Closeing the browser***********
2022-07-29 16:05:47,531 [main] INFO LearnED_Cucuber - ******** Launching browser***********
2022-07-29 16:05:47,659 [main] INFO LearnED_Cucuber - ******** opening URL***********
2022-07-29 16:06:02,775 [main] INFO LearnED_Cucuber - ********Providing login details***********
2022-07-29 16:06:03,159 [main] INFO LearnED_Cucuber - ********Stratred login***********
2022-07-29 16:06:13,570 [main] INFO LearnED_Cucuber - ******** login pass***********
2022-07-29 16:06:14,398 [main] INFO LearnED_Cucuber - ******** Launching browser***********
2022-07-29 16:06:14,520 [main] INFO LearnED_Cucuber - ******** opening URL***********
2022-07-29 16:06:28,441 [main] INFO LearnED_Cucuber - ********Providing login details***********
2022-07-29 16:06:28,824 [main] INFO LearnED_Cucuber - ********Stratred login***********
2022-07-29 16:06:39,056 [main] INFO LearnED_Cucuber - ********login fails***********
2022-07-29 16:06:39,074 [main] INFO LearnED_Cucuber - ********User clicks on notification icon***********
2022-07-29 16:06:59,196 [main] INFO LearnED_Cucuber - ********Count the number of notifications***********
2022-07-29 16:07:09,227 [main] INFO LearnED_Cucuber - ********User logging out***********
2022-07-29 16:07:09,354 [main] INFO LearnED_Cucuber - ********Closeing the browser***********
2022-07-29 16:54:01,133 [main] INFO LearnED_Cucuber - ******** Launching browser***********
2022-07-29 16:54:01,290 [main] INFO LearnED_Cucuber - ******** opening URL***********
2022-07-29 16:54:17,211 [main] INFO LearnED_Cucuber - ********Providing login details***********
2022-07-29 16:54:17,585 [main] INFO LearnED_Cucuber - ********Stratred login***********
2022-07-29 16:54:27,842 [main] INFO LearnED_Cucuber - ********login fails***********
2022-07-29 16:54:37,863 [main] INFO LearnED_Cucuber - ********User logging out***********
2022-07-29 16:54:37,987 [main] INFO LearnED_Cucuber - ********Closing the browser***********
2022-07-29 16:54:38,943 [main] INFO LearnED_Cucuber - ******** Launching browser***********
2022-07-29 16:54:39,068 [main] INFO LearnED_Cucuber - ******** opening URL***********
2022-07-29 16:54:49,279 [main] INFO LearnED_Cucuber - ********Providing login details***********
2022-07-29 16:54:49,748 [main] INFO LearnED_Cucuber - ********Stratred login***********
2022-07-29 16:54:59,998 [main] INFO LearnED_Cucuber - ********login fails***********
2022-07-29 16:55:10,018 [main] INFO LearnED_Cucuber - ********User logging out***********
2022-07-29 16:55:10,157 [main] INFO LearnED_Cucuber - ********Closing the browser***********
2022-07-29 16:55:11,102 [main] INFO LearnED_Cucuber - ******** Launching browser***********
2022-07-29 16:55:11,235 [main] INFO LearnED_Cucuber - ******** opening URL***********
2022-07-29 16:55:21,208 [main] INFO LearnED_Cucuber - ********Providing login details***********
2022-07-29 16:55:21,542 [main] INFO LearnED_Cucuber - ********Stratred login***********
2022-07-29 16:55:31,899 [main] INFO LearnED_Cucuber - ******** login pass***********
2022-07-29 16:55:32,654 [main] INFO LearnED_Cucuber - ******** Launching browser***********
2022-07-29 16:55:32,786 [main] INFO LearnED_Cucuber - ******** opening URL***********
2022-07-29 16:55:44,916 [main] INFO LearnED_Cucuber - ********Providing login details***********
2022-07-29 16:55:45,220 [main] INFO LearnED_Cucuber - ********Stratred login***********
2022-07-29 16:55:55,433 [main] INFO LearnED_Cucuber - ********login fails***********
2022-07-29 16:55:55,449 [main] INFO LearnED_Cucuber - ********User clicks on notification icon***********
2022-07-29 16:56:15,615 [main] INFO LearnED_Cucuber - ********Count the number of notifications***********
2022-07-29 16:56:25,648 [main] INFO LearnED_Cucuber - ********User logging out***********
2022-07-29 16:56:25,835 [main] INFO LearnED_Cucuber - ********Closing the browser***********
2022-08-01 11:20:29,791 [main] INFO LearnED_Cucuber - ******** Launching browser***********
2022-08-01 11:20:30,024 [main] INFO LearnED_Cucuber - ******** opening URL***********
2022-08-01 11:20:44,091 [main] INFO LearnED_Cucuber - ********Providing login details***********
2022-08-01 11:20:44,706 [main] INFO LearnED_Cucuber - ********Stratred login***********
2022-08-01 11:20:55,089 [main] INFO LearnED_Cucuber - ********login fails***********
2022-08-01 11:20:55,126 [main] INFO LearnED_Cucuber - ********User clicks on notification icon***********
2022-08-01 11:21:15,272 [main] INFO LearnED_Cucuber - ********Count the number of notifications***********
2022-08-01 11:21:25,323 [main] INFO LearnED_Cucuber - ********User logging out***********
2022-08-01 11:21:25,587 [main] INFO LearnED_Cucuber - ********Closing the browser***********
2022-08-01 11:22:22,353 [main] INFO LearnED_Cucuber - ******** Launching browser***********
2022-08-01 11:22:22,576 [main] INFO LearnED_Cucuber - ******** opening URL***********
2022-08-01 11:22:37,880 [main] INFO LearnED_Cucuber - ********Providing login details***********
2022-08-01 11:22:38,634 [main] INFO LearnED_Cucuber - ********Stratred login***********
2022-08-01 11:22:49,167 [main] INFO LearnED_Cucuber - ********login pass***********
2022-08-01 11:22:49,193 [main] INFO LearnED_Cucuber - ********User clicks on notification icon***********
2022-08-01 11:23:09,361 [main] INFO LearnED_Cucuber - ********Count the number of notifications***********
2022-08-01 11:23:19,401 [main] INFO LearnED_Cucuber - ********User logging out***********
2022-08-01 11:23:19,589 [main] INFO LearnED_Cucuber - ********Closing the browser***********
2022-08-01 11:40:48,634 [main] INFO LearnED_Cucuber - ******** Launching chrome browser***********
2022-08-01 11:40:50,329 [main] INFO LearnED_Cucuber - ******** opening URL***********
2022-08-01 11:40:58,815 [main] INFO LearnED_Cucuber - ********Providing login details***********
2022-08-01 11:40:59,211 [main] INFO LearnED_Cucuber - ********Stratred login***********
2022-08-01 11:41:09,440 [main] INFO LearnED_Cucuber - ********login pass***********
2022-08-01 11:41:09,468 [main] INFO LearnED_Cucuber - ********User clicks on notification icon***********
2022-08-01 11:41:29,632 [main] INFO LearnED_Cucuber - ********Count the number of notifications***********
2022-08-01 11:41:39,678 [main] INFO LearnED_Cucuber - ********User logging out***********
2022-08-01 11:41:39,844 [main] INFO LearnED_Cucuber - ********Closing the browser***********
2022-08-01 11:41:48,978 [main] INFO LearnED_Cucuber - ******** Launching chrome browser***********
2022-08-01 11:41:50,572 [main] INFO LearnED_Cucuber - ******** opening URL***********
2022-08-01 11:42:02,889 [main] INFO LearnED_Cucuber - ********Providing login details***********
2022-08-01 11:42:03,323 [main] INFO LearnED_Cucuber - ********Stratred login***********
2022-08-01 11:42:13,626 [main] INFO LearnED_Cucuber - ********login pass***********
2022-08-01 11:42:13,650 [main] INFO LearnED_Cucuber - ********User clicks on notification icon***********
2022-08-01 11:42:33,792 [main] INFO LearnED_Cucuber - ********Count the number of notifications***********
2022-08-01 11:42:43,840 [main] INFO LearnED_Cucuber - ********User logging out***********
2022-08-01 11:42:44,003 [main] INFO LearnED_Cucuber - ********Closing the browser***********
2022-08-01 12:46:14,387 [main] INFO LearnED_Cucuber - ******** Launching FireFox browser***********
2022-08-01 12:46:17,370 [main] INFO LearnED_Cucuber - ******** opening URL***********
2022-08-01 13:04:29,446 [main] INFO LearnED_Cucuber - ******** Launching FireFox browser***********
2022-08-01 13:04:32,978 [main] INFO LearnED_Cucuber - ******** opening URL***********
2022-08-01 13:04:44,625 [main] INFO LearnED_Cucuber - ********Providing login details***********
2022-08-01 13:04:50,139 [main] INFO LearnED_Cucuber - ********Stratred login***********
2022-08-01 13:05:00,720 [main] INFO LearnED_Cucuber - ********login pass***********
2022-08-01 13:05:10,732 [main] INFO LearnED_Cucuber - ********User logging out***********
2022-08-01 13:05:11,264 [main] INFO LearnED_Cucuber - ********Closing the browser***********
2022-08-01 13:05:11,947 [main] INFO LearnED_Cucuber - ******** Launching chrome browser***********
2022-08-01 13:05:12,985 [main] INFO LearnED_Cucuber - ******** opening URL***********
2022-08-01 13:05:21,233 [main] INFO LearnED_Cucuber - ********Providing login details***********
2022-08-01 13:05:21,808 [main] INFO LearnED_Cucuber - ********Stratred login***********
2022-08-01 13:05:32,040 [main] INFO LearnED_Cucuber - ********login pass***********
2022-08-01 13:05:42,054 [main] INFO LearnED_Cucuber - ********User logging out***********
2022-08-01 13:05:42,173 [main] INFO LearnED_Cucuber - ********Closing the browser***********
2022-08-01 13:05:42,363 [main] INFO LearnED_Cucuber - ******** Launching chrome browser***********
2022-08-01 13:05:43,376 [main] INFO LearnED_Cucuber - ******** opening URL***********
2022-08-01 13:05:51,987 [main] INFO LearnED_Cucuber - ********Providing login details***********
2022-08-01 13:05:52,421 [main] INFO LearnED_Cucuber - ********Stratred login***********
2022-08-01 13:06:02,757 [main] INFO LearnED_Cucuber - ******** login fail***********
2022-08-01 15:22:31,720 [main] INFO LearnED_Cucuber - ******** Launching chrome browser***********
2022-08-01 15:22:33,554 [main] INFO LearnED_Cucuber - ******** opening URL***********
2022-08-01 15:22:41,723 [main] INFO LearnED_Cucuber - ********Providing login details***********
2022-08-01 15:22:42,129 [main] INFO LearnED_Cucuber - ********Stratred login***********
2022-08-01 15:22:52,366 [main] INFO LearnED_Cucuber - ********login pass***********
2022-08-01 15:23:02,383 [main] INFO LearnED_Cucuber - ********User logging out***********
2022-08-01 15:23:02,504 [main] INFO LearnED_Cucuber - ********Closing the browser***********
2022-08-01 15:23:02,748 [main] INFO LearnED_Cucuber - ******** Launching chrome browser***********
2022-08-01 15:23:03,644 [main] INFO LearnED_Cucuber - ******** opening URL***********
2022-08-01 15:23:12,467 [main] INFO LearnED_Cucuber - ********Providing login details***********
2022-08-01 15:23:12,963 [main] INFO LearnED_Cucuber - ********Stratred login***********
2022-08-01 15:23:23,298 [main] INFO LearnED_Cucuber - ********login pass***********
2022-08-01 15:23:33,308 [main] INFO LearnED_Cucuber - ********User logging out***********
2022-08-01 15:23:33,450 [main] INFO LearnED_Cucuber - ********Closing the browser***********
2022-08-01 15:23:33,643 [main] INFO LearnED_Cucuber - ******** Launching chrome browser***********
2022-08-01 15:23:34,525 [main] INFO LearnED_Cucuber - ******** opening URL***********
2022-08-01 15:23:43,157 [main] INFO LearnED_Cucuber - ********Providing login details***********
2022-08-01 15:23:43,588 [main] INFO LearnED_Cucuber - ********Stratred login***********
2022-08-01 15:23:53,996 [main] INFO LearnED_Cucuber - ******** login fail***********
2022-08-01 15:26:03,952 [main] INFO LearnED_Cucuber - ******** Launching chrome browser***********
2022-08-01 15:26:05,435 [main] INFO LearnED_Cucuber - ******** opening URL***********
2022-08-01 15:26:15,843 [main] INFO LearnED_Cucuber - ********Providing login details***********
2022-08-01 15:26:16,271 [main] INFO LearnED_Cucuber - ********Stratred login***********
2022-08-01 15:26:26,573 [main] INFO LearnED_Cucuber - ********login pass***********
2022-08-01 15:26:36,590 [main] INFO LearnED_Cucuber - ********User logging out***********
2022-08-01 15:26:36,799 [main] INFO LearnED_Cucuber - ********Closing the browser***********
2022-08-01 15:26:37,020 [main] INFO LearnED_Cucuber - ******** Launching chrome browser***********
2022-08-01 15:26:38,030 [main] INFO LearnED_Cucuber - ******** opening URL***********
2022-08-01 15:26:46,081 [main] INFO LearnED_Cucuber - ********Providing login details***********
2022-08-01 15:26:46,564 [main] INFO LearnED_Cucuber - ********Stratred login***********
2022-08-01 15:26:56,782 [main] INFO LearnED_Cucuber - ********login pass***********
2022-08-01 15:27:06,794 [main] INFO LearnED_Cucuber - ********User logging out***********
2022-08-01 15:27:06,928 [main] INFO LearnED_Cucuber - ********Closing the browser***********
2022-08-01 15:27:07,136 [main] INFO LearnED_Cucuber - ******** Launching chrome browser***********
2022-08-01 15:27:08,060 [main] INFO LearnED_Cucuber - ******** opening URL***********
2022-08-01 15:27:17,518 [main] INFO LearnED_Cucuber - ********Providing login details***********
2022-08-01 15:27:17,916 [main] INFO LearnED_Cucuber - ********Stratred login***********
2022-08-01 15:27:28,283 [main] INFO LearnED_Cucuber - ******** login fail***********
2022-08-01 15:37:07,600 [main] INFO LearnED_Cucuber - ******** Launching chrome browser***********
2022-08-01 15:37:09,433 [main] INFO LearnED_Cucuber - ******** opening URL***********
2022-08-01 15:37:17,149 [main] INFO LearnED_Cucuber - ********Providing login details***********
2022-08-01 15:37:17,721 [main] INFO LearnED_Cucuber - ********Stratred login***********
2022-08-01 15:37:27,970 [main] INFO LearnED_Cucuber - ********login pass***********
2022-08-01 15:37:38,011 [main] INFO LearnED_Cucuber - ********User logging out***********
2022-08-01 15:37:38,292 [main] INFO LearnED_Cucuber - ********Closing the browser***********
2022-08-01 15:37:38,549 [main] INFO LearnED_Cucuber - ******** Launching chrome browser***********
2022-08-01 15:37:39,469 [main] INFO LearnED_Cucuber - ******** opening URL***********
2022-08-01 15:37:47,965 [main] INFO LearnED_Cucuber - ********Providing login details***********
2022-08-01 15:37:48,745 [main] INFO LearnED_Cucuber - ********Stratred login***********
2022-08-01 15:37:59,230 [main] INFO LearnED_Cucuber - ********login pass***********
2022-08-01 15:38:09,255 [main] INFO LearnED_Cucuber - ********User logging out***********
2022-08-01 15:38:09,549 [main] INFO LearnED_Cucuber - ********Closing the browser***********
2022-08-01 15:38:09,754 [main] INFO LearnED_Cucuber - ******** Launching chrome browser***********
2022-08-01 15:38:10,926 [main] INFO LearnED_Cucuber - ******** opening URL***********
2022-08-01 15:38:21,409 [main] INFO LearnED_Cucuber - ********Providing login details***********
2022-08-01 15:38:22,297 [main] INFO LearnED_Cucuber - ********Stratred login***********
2022-08-01 15:38:32,861 [main] INFO LearnED_Cucuber - ******** login fail***********
