#
# There is insufficient memory for the Java Runtime Environment to continue.
# Native memory allocation (malloc) failed to allocate 1885776 bytes for Chunk::new
# Possible reasons:
#   The system is out of physical RAM or swap space
#   The process is running with CompressedOops enabled, and the Java Heap may be blocking the growth of the native heap
# Possible solutions:
#   Reduce memory load on the system
#   Increase physical memory or swap space
#   Check if swap backing store is full
#   Decrease Java heap size (-Xmx/-Xms)
#   Decrease number of Java threads
#   Decrease Java thread stack sizes (-Xss)
#   Set larger code cache with -XX:ReservedCodeCacheSize=
#   JVM is running with Unscaled Compressed Oops mode in which the Java heap is
#     placed in the first 4GB address space. The Java Heap base address is the
#     maximum limit for the native heap growth. Please use -XX:HeapBaseMinAddress
#     to set the Java Heap base and to place the Java Heap above 4GB virtual address.
# This output file may be truncated or incomplete.
#
#  Out of Memory Error (arena.cpp:189), pid=16236, tid=7508
#
# JRE version: OpenJDK Runtime Environment Temurin-17.0.3+7 (17.0.3+7) (build 17.0.3+7)
# Java VM: OpenJDK 64-Bit Server VM Temurin-17.0.3+7 (17.0.3+7, mixed mode, tiered, compressed oops, compressed class ptrs, g1 gc, windows-amd64)
# No core dump will be written. Minidumps are not enabled by default on client versions of Windows
#

---------------  S U M M A R Y ------------

Command Line: -ea -Dfile.encoding=UTF-8 -XX:+ShowCodeDetailsInExceptionMessages org.eclipse.jdt.internal.junit.runner.RemoteTestRunner -version 3 -port 53369 -testLoaderClass org.eclipse.jdt.internal.junit4.runner.JUnit4TestLoader -loaderpluginname org.eclipse.jdt.junit4.runtime -classNames testRunner.TestRunner

Host: 11th Gen Intel(R) Core(TM) i5-1135G7 @ 2.40GHz, 8 cores, 7G,  Windows 10 , 64 bit Build 19041 (10.0.19041.1889)
Time: Wed Sep 21 15:31:26 2022 India Standard Time elapsed time: 2.416689 seconds (0d 0h 0m 2s)

---------------  T H R E A D  ---------------

Current thread (0x000001760082b060):  JavaThread "C2 CompilerThread0" daemon [_thread_in_native, id=7508, stack(0x000000254be00000,0x000000254bf00000)]


Current CompileTask:
C2:   2416 2434       4       java.lang.invoke.MethodType::makeImpl (109 bytes)

Stack: [0x000000254be00000,0x000000254bf00000]
Native frames: (J=compiled Java code, j=interpreted, Vv=VM code, C=native code)
V  [jvm.dll+0x675efa]
V  [jvm.dll+0x830a24]
V  [jvm.dll+0x8321ce]
V  [jvm.dll+0x832833]
V  [jvm.dll+0x2454b5]
V  [jvm.dll+0xabd7b]
V  [jvm.dll+0xac30c]
V  [jvm.dll+0x3635d2]
V  [jvm.dll+0x32dca1]
V  [jvm.dll+0x32d14a]
V  [jvm.dll+0x218361]
V  [jvm.dll+0x217781]
V  [jvm.dll+0x1a3ccd]
V  [jvm.dll+0x227178]
V  [jvm.dll+0x2252bc]
V  [jvm.dll+0x7e673b]
V  [jvm.dll+0x7e0cfa]
V  [jvm.dll+0x674d85]
C  [ucrtbase.dll+0x21bb2]
C  [KERNEL32.DLL+0x17034]
C  [ntdll.dll+0x52651]


---------------  P R O C E S S  ---------------

Threads class SMR info:
_java_thread_list=0x00000176041d1940, length=25, elements={
0x0000017665fb0460, 0x000001767fdb9020, 0x000001767fdb98e0, 0x00000176008216a0,
0x0000017600821f60, 0x0000017600824fd0, 0x0000017600826030, 0x000001760082b060,
0x000001760082c1b0, 0x000001760082dac0, 0x00000176009af050, 0x00000176009cda00,
0x0000017600e53c30, 0x0000017601decfb0, 0x0000017603b65e60, 0x00000176023c0f70,
0x0000017603e77fb0, 0x00000176020d7010, 0x000001760383d170, 0x0000017601607540,
0x0000017601608880, 0x0000017601608d50, 0x0000017601607ee0, 0x000001760178a500,
0x0000017601609220
}

Java Threads: ( => current thread )
  0x0000017665fb0460 JavaThread "main" [_thread_blocked, id=1072, stack(0x000000254b100000,0x000000254b200000)]
  0x000001767fdb9020 JavaThread "Reference Handler" daemon [_thread_blocked, id=11864, stack(0x000000254b800000,0x000000254b900000)]
  0x000001767fdb98e0 JavaThread "Finalizer" daemon [_thread_blocked, id=11292, stack(0x000000254b900000,0x000000254ba00000)]
  0x00000176008216a0 JavaThread "Signal Dispatcher" daemon [_thread_blocked, id=16392, stack(0x000000254ba00000,0x000000254bb00000)]
  0x0000017600821f60 JavaThread "Attach Listener" daemon [_thread_blocked, id=18148, stack(0x000000254bb00000,0x000000254bc00000)]
  0x0000017600824fd0 JavaThread "Service Thread" daemon [_thread_blocked, id=6844, stack(0x000000254bc00000,0x000000254bd00000)]
  0x0000017600826030 JavaThread "Monitor Deflation Thread" daemon [_thread_blocked, id=17288, stack(0x000000254bd00000,0x000000254be00000)]
=>0x000001760082b060 JavaThread "C2 CompilerThread0" daemon [_thread_in_native, id=7508, stack(0x000000254be00000,0x000000254bf00000)]
  0x000001760082c1b0 JavaThread "C1 CompilerThread0" daemon [_thread_blocked, id=13556, stack(0x000000254bf00000,0x000000254c000000)]
  0x000001760082dac0 JavaThread "Sweeper thread" daemon [_thread_blocked, id=17164, stack(0x000000254c000000,0x000000254c100000)]
  0x00000176009af050 JavaThread "Notification Thread" daemon [_thread_blocked, id=9712, stack(0x000000254c100000,0x000000254c200000)]
  0x00000176009cda00 JavaThread "Common-Cleaner" daemon [_thread_blocked, id=16364, stack(0x000000254c300000,0x000000254c400000)]
  0x0000017600e53c30 JavaThread "ReaderThread" [_thread_in_native, id=13980, stack(0x000000254c500000,0x000000254c600000)]
  0x0000017601decfb0 JavaThread "ForkJoinPool.commonPool-worker-1" daemon [_thread_blocked, id=11012, stack(0x000000254cf00000,0x000000254d000000)]
  0x0000017603b65e60 JavaThread "AsyncHttpClient-1-1" daemon [_thread_blocked, id=12480, stack(0x000000254d000000,0x000000254d100000)]
  0x00000176023c0f70 JavaThread "Exec Default Executor" daemon [_thread_in_native, id=10308, stack(0x000000254c600000,0x000000254c700000)]
  0x0000017603e77fb0 JavaThread "Driver Service Executor" daemon [_thread_blocked, id=14416, stack(0x000000254d100000,0x000000254d200000)]
  0x00000176020d7010 JavaThread "Driver Service Executor" daemon [_thread_blocked, id=14696, stack(0x000000254d200000,0x000000254d300000)]
  0x000001760383d170 JavaThread "UrlChecker-2" daemon [_thread_blocked, id=8024, stack(0x000000254d300000,0x000000254d400000)]
  0x0000017601607540 JavaThread "Exec Stream Pumper" daemon [_thread_in_native, id=13732, stack(0x000000254d500000,0x000000254d600000)]
  0x0000017601608880 JavaThread "Exec Stream Pumper" daemon [_thread_in_native, id=12724, stack(0x000000254d600000,0x000000254d700000)]
  0x0000017601608d50 JavaThread "Keep-Alive-Timer" daemon [_thread_blocked, id=10796, stack(0x000000254d700000,0x000000254d800000)]
  0x0000017601607ee0 JavaThread "AsyncHttpClient-1-2" daemon [_thread_in_native, id=17680, stack(0x000000254d800000,0x000000254d900000)]
  0x000001760178a500 JavaThread "C2 CompilerThread1" daemon [_thread_in_vm, id=13024, stack(0x000000254c400000,0x000000254c500000)]
  0x0000017601609220 JavaThread "AsyncHttpClient-1-3" daemon [_thread_in_native, id=12772, stack(0x000000254d900000,0x000000254da00000)]

Other Threads:
  0x000001767fd7fa40 VMThread "VM Thread" [stack: 0x000000254b700000,0x000000254b800000] [id=8980]
  0x0000017666021a00 WatcherThread [stack: 0x000000254c200000,0x000000254c300000] [id=16064]
  0x0000017666008ca0 GCTaskThread "GC Thread#0" [stack: 0x000000254b200000,0x000000254b300000] [id=15348]
  0x0000017601775d20 GCTaskThread "GC Thread#1" [stack: 0x000000254c700000,0x000000254c800000] [id=7416]
  0x000001760179f140 GCTaskThread "GC Thread#2" [stack: 0x000000254c800000,0x000000254c900000] [id=17492]
  0x000001760179f3f0 GCTaskThread "GC Thread#3" [stack: 0x000000254c900000,0x000000254ca00000] [id=17328]
  0x0000017601d6bc50 GCTaskThread "GC Thread#4" [stack: 0x000000254ca00000,0x000000254cb00000] [id=5116]
  0x0000017601d4bb80 GCTaskThread "GC Thread#5" [stack: 0x000000254cb00000,0x000000254cc00000] [id=6188]
  0x0000017601720670 GCTaskThread "GC Thread#6" [stack: 0x000000254cc00000,0x000000254cd00000] [id=132]
  0x0000017601bdeba0 GCTaskThread "GC Thread#7" [stack: 0x000000254cd00000,0x000000254ce00000] [id=9908]
  0x0000017666019ac0 ConcurrentGCThread "G1 Main Marker" [stack: 0x000000254b300000,0x000000254b400000] [id=2232]
  0x000001766601b3f0 ConcurrentGCThread "G1 Conc#0" [stack: 0x000000254b400000,0x000000254b500000] [id=14624]
  0x0000017601a07c40 ConcurrentGCThread "G1 Conc#1" [stack: 0x000000254ce00000,0x000000254cf00000] [id=7316]
  0x000001766607dad0 ConcurrentGCThread "G1 Refine#0" [stack: 0x000000254b500000,0x000000254b600000] [id=9276]
  0x000001766607e300 ConcurrentGCThread "G1 Service" [stack: 0x000000254b600000,0x000000254b700000] [id=8840]

Threads with active compile tasks:
C2 CompilerThread0     2427 2434       4       java.lang.invoke.MethodType::makeImpl (109 bytes)
C2 CompilerThread1     2427 2432       4       sun.net.www.ParseUtil::encodePath (41 bytes)

VM state: not at safepoint (normal execution)

VM Mutex/Monitor currently owned by a thread: None

Heap address: 0x0000000084200000, size: 1982 MB, Compressed Oops mode: 32-bit

CDS archive(s) not mapped
Compressed class space mapped at: 0x0000000100000000-0x0000000140000000, reserved size: 1073741824
Narrow klass base: 0x0000000000000000, Narrow klass shift: 3, Narrow klass range: 0x140000000

GC Precious Log:
 CPUs: 8 total, 8 available
 Memory: 7926M
 Large Page Support: Disabled
 NUMA Support: Disabled
 Compressed Oops: Enabled (32-bit)
 Heap Region Size: 1M
 Heap Min Capacity: 8M
 Heap Initial Capacity: 124M
 Heap Max Capacity: 1982M
 Pre-touch: Disabled
 Parallel Workers: 8
 Concurrent Workers: 2
 Concurrent Refinement Workers: 8
 Periodic GC: Disabled

Heap:
 garbage-first heap   total 46080K, used 33785K [0x0000000084200000, 0x0000000100000000)
  region size 1024K, 6 young (6144K), 1 survivors (1024K)
 Metaspace       used 35213K, committed 35456K, reserved 1081344K
  class space    used 4085K, committed 4224K, reserved 1048576K

Heap Regions: E=young(eden), S=young(survivor), O=old, HS=humongous(starts), HC=humongous(continues), CS=collection set, F=free, OA=open archive, CA=closed archive, TAMS=top-at-mark-start (previous, next)
|   0|0x0000000084200000, 0x0000000084300000, 0x0000000084300000|100%| O|  |TAMS 0x0000000084300000, 0x0000000084300000| Untracked 
|   1|0x0000000084300000, 0x0000000084400000, 0x0000000084400000|100%| O|  |TAMS 0x0000000084400000, 0x0000000084400000| Untracked 
|   2|0x0000000084400000, 0x0000000084500000, 0x0000000084500000|100%| O|  |TAMS 0x0000000084468e00, 0x0000000084500000| Untracked 
|   3|0x0000000084500000, 0x0000000084600000, 0x0000000084600000|100%| O|  |TAMS 0x0000000084500000, 0x0000000084600000| Untracked 
|   4|0x0000000084600000, 0x0000000084700000, 0x0000000084700000|100%| O|  |TAMS 0x0000000084600000, 0x0000000084700000| Untracked 
|   5|0x0000000084700000, 0x0000000084800000, 0x0000000084800000|100%| O|  |TAMS 0x0000000084700000, 0x0000000084700000| Untracked 
|   6|0x0000000084800000, 0x0000000084900000, 0x0000000084900000|100%| O|  |TAMS 0x0000000084800000, 0x0000000084900000| Untracked 
|   7|0x0000000084900000, 0x0000000084a00000, 0x0000000084a00000|100%| O|  |TAMS 0x0000000084900000, 0x0000000084a00000| Untracked 
|   8|0x0000000084a00000, 0x0000000084a59000, 0x0000000084b00000| 34%| O|  |TAMS 0x0000000084a00000, 0x0000000084a00000| Untracked 
|   9|0x0000000084b00000, 0x0000000084b00000, 0x0000000084c00000|  0%| F|  |TAMS 0x0000000084b00000, 0x0000000084b00000| Untracked 
|  10|0x0000000084c00000, 0x0000000084c00000, 0x0000000084d00000|  0%| F|  |TAMS 0x0000000084c00000, 0x0000000084c00000| Untracked 
|  11|0x0000000084d00000, 0x0000000084d00000, 0x0000000084e00000|  0%| F|  |TAMS 0x0000000084d00000, 0x0000000084d00000| Untracked 
|  12|0x0000000084e00000, 0x0000000084e00000, 0x0000000084f00000|  0%| F|  |TAMS 0x0000000084e00000, 0x0000000084e00000| Untracked 
|  13|0x0000000084f00000, 0x0000000085000000, 0x0000000085000000|100%| O|  |TAMS 0x0000000084f00000, 0x0000000085000000| Untracked 
|  14|0x0000000085000000, 0x0000000085100000, 0x0000000085100000|100%| O|  |TAMS 0x0000000085000000, 0x0000000085100000| Untracked 
|  15|0x0000000085100000, 0x0000000085200000, 0x0000000085200000|100%| O|  |TAMS 0x0000000085100000, 0x00000000851da800| Untracked 
|  16|0x0000000085200000, 0x0000000085200000, 0x0000000085300000|  0%| F|  |TAMS 0x0000000085200000, 0x0000000085200000| Untracked 
|  17|0x0000000085300000, 0x0000000085300000, 0x0000000085400000|  0%| F|  |TAMS 0x0000000085300000, 0x0000000085300000| Untracked 
|  18|0x0000000085400000, 0x0000000085400000, 0x0000000085500000|  0%| F|  |TAMS 0x0000000085400000, 0x0000000085400000| Untracked 
|  19|0x0000000085500000, 0x0000000085500000, 0x0000000085600000|  0%| F|  |TAMS 0x0000000085500000, 0x0000000085500000| Untracked 
|  20|0x0000000085600000, 0x0000000085600000, 0x0000000085700000|  0%| F|  |TAMS 0x0000000085600000, 0x0000000085600000| Untracked 
|  21|0x0000000085700000, 0x0000000085700000, 0x0000000085800000|  0%| F|  |TAMS 0x0000000085700000, 0x0000000085700000| Untracked 
|  22|0x0000000085800000, 0x00000000858f7c08, 0x0000000085900000| 96%| E|  |TAMS 0x0000000085800000, 0x0000000085800000| Complete 
|  23|0x0000000085900000, 0x00000000859a57d0, 0x0000000085a00000| 64%| S|CS|TAMS 0x0000000085900000, 0x0000000085900000| Complete 
|  24|0x0000000085a00000, 0x0000000085b00000, 0x0000000085b00000|100%|HS|  |TAMS 0x0000000085a00000, 0x0000000085a00000| Complete 
|  25|0x0000000085b00000, 0x0000000085c00000, 0x0000000085c00000|100%|HC|  |TAMS 0x0000000085b00000, 0x0000000085b00000| Complete 
|  26|0x0000000085c00000, 0x0000000085d00000, 0x0000000085d00000|100%|HC|  |TAMS 0x0000000085c00000, 0x0000000085c00000| Complete 
|  27|0x0000000085d00000, 0x0000000085e00000, 0x0000000085e00000|100%|HC|  |TAMS 0x0000000085d00000, 0x0000000085d00000| Complete 
|  28|0x0000000085e00000, 0x0000000085f00000, 0x0000000085f00000|100%|HC|  |TAMS 0x0000000085e00000, 0x0000000085e00000| Complete 
|  29|0x0000000085f00000, 0x0000000086000000, 0x0000000086000000|100%|HC|  |TAMS 0x0000000085f00000, 0x0000000085f00000| Complete 
|  30|0x0000000086000000, 0x0000000086100000, 0x0000000086100000|100%|HC|  |TAMS 0x0000000086000000, 0x0000000086000000| Complete 
|  31|0x0000000086100000, 0x0000000086200000, 0x0000000086200000|100%|HC|  |TAMS 0x0000000086100000, 0x0000000086100000| Complete 
|  32|0x0000000086200000, 0x0000000086300000, 0x0000000086300000|100%|HC|  |TAMS 0x0000000086200000, 0x0000000086200000| Complete 
|  33|0x0000000086300000, 0x0000000086400000, 0x0000000086400000|100%|HC|  |TAMS 0x0000000086300000, 0x0000000086300000| Complete 
|  34|0x0000000086400000, 0x0000000086500000, 0x0000000086500000|100%|HC|  |TAMS 0x0000000086400000, 0x0000000086400000| Complete 
|  35|0x0000000086500000, 0x0000000086600000, 0x0000000086600000|100%|HC|  |TAMS 0x0000000086500000, 0x0000000086500000| Complete 
|  36|0x0000000086600000, 0x0000000086700000, 0x0000000086700000|100%|HC|  |TAMS 0x0000000086600000, 0x0000000086600000| Complete 
|  37|0x0000000086700000, 0x0000000086800000, 0x0000000086800000|100%|HC|  |TAMS 0x0000000086700000, 0x0000000086700000| Complete 
|  38|0x0000000086800000, 0x0000000086900000, 0x0000000086900000|100%|HC|  |TAMS 0x0000000086800000, 0x0000000086800000| Complete 
|  39|0x0000000086900000, 0x0000000086a00000, 0x0000000086a00000|100%|HC|  |TAMS 0x0000000086900000, 0x0000000086900000| Complete 
|  40|0x0000000086a00000, 0x0000000086b00000, 0x0000000086b00000|100%|HC|  |TAMS 0x0000000086a00000, 0x0000000086a00000| Complete 
|  96|0x000000008a200000, 0x000000008a300000, 0x000000008a300000|100%| E|CS|TAMS 0x000000008a200000, 0x000000008a200000| Complete 
|  97|0x000000008a300000, 0x000000008a400000, 0x000000008a400000|100%| E|CS|TAMS 0x000000008a300000, 0x000000008a300000| Complete 
| 101|0x000000008a700000, 0x000000008a800000, 0x000000008a800000|100%| E|CS|TAMS 0x000000008a700000, 0x000000008a700000| Complete 
| 123|0x000000008bd00000, 0x000000008be00000, 0x000000008be00000|100%| E|CS|TAMS 0x000000008bd00000, 0x000000008bd00000| Complete 

Card table byte_map: [0x0000017678d70000,0x0000017679150000] _byte_map_base: 0x000001767894f000

Marking Bits (Prev, Next): (CMBitMap*) 0x0000017666009200, (CMBitMap*) 0x00000176660091c0
 Prev Bits: [0x000001767b430000, 0x000001767d328000)
 Next Bits: [0x0000017679530000, 0x000001767b428000)

Polling page: 0x0000017665780000

Metaspace:

Usage:
  Non-class:     30.40 MB used.
      Class:      3.99 MB used.
       Both:     34.39 MB used.

Virtual space:
  Non-class space:       32.00 MB reserved,      30.50 MB ( 95%) committed,  4 nodes.
      Class space:        1.00 GB reserved,       4.12 MB ( <1%) committed,  1 nodes.
             Both:        1.03 GB reserved,      34.62 MB (  3%) committed. 

Chunk freelists:
   Non-Class:  1.45 MB
       Class:  3.84 MB
        Both:  5.30 MB

MaxMetaspaceSize: unlimited
CompressedClassSpaceSize: 1.00 GB
Initial GC threshold: 21.00 MB
Current GC threshold: 35.12 MB
CDS: off
MetaspaceReclaimPolicy: balanced
 - commit_granule_bytes: 65536.
 - commit_granule_words: 8192.
 - virtual_space_node_default_size: 1048576.
 - enlarge_chunks_in_place: 1.
 - new_chunks_are_fully_committed: 0.
 - uncommit_free_chunks: 1.
 - use_allocation_guard: 0.
 - handle_deallocations: 1.


Internal statistics:

num_allocs_failed_limit: 3.
num_arena_births: 238.
num_arena_deaths: 0.
num_vsnodes_births: 5.
num_vsnodes_deaths: 0.
num_space_committed: 554.
num_space_uncommitted: 0.
num_chunks_returned_to_freelist: 3.
num_chunks_taken_from_freelist: 932.
num_chunk_merges: 0.
num_chunk_splits: 652.
num_chunks_enlarged: 531.
num_purges: 0.
num_inconsistent_stats: 0.

CodeHeap 'non-profiled nmethods': size=120000Kb used=1233Kb max_used=1233Kb free=118766Kb
 bounds [0x0000017671130000, 0x00000176713a0000, 0x0000017678660000]
CodeHeap 'profiled nmethods': size=120000Kb used=4895Kb max_used=4895Kb free=115104Kb
 bounds [0x0000017669c00000, 0x000001766a0d0000, 0x0000017671130000]
CodeHeap 'non-nmethods': size=5760Kb used=1285Kb max_used=1331Kb free=4474Kb
 bounds [0x0000017669660000, 0x00000176698d0000, 0x0000017669c00000]
 total_blobs=3084 nmethods=2496 adapters=500
 compilation: enabled
              stopped_count=0, restarted_count=0
 full_count=0

Compilation events (20 events):
Event: 2.399 Thread 0x000001760082c1b0 2484       3       com.google.common.collect.ImmutableList$Builder::add (34 bytes)
Event: 2.400 Thread 0x000001760082c1b0 nmethod 2484 0x000001766a0c2010 code [0x000001766a0c21e0, 0x000001766a0c2638]
Event: 2.400 Thread 0x000001760082c1b0 2485       3       com.google.common.collect.ImmutableList$Builder::getReadyToExpandTo (66 bytes)
Event: 2.400 Thread 0x000001760082c1b0 nmethod 2485 0x000001766a0c2810 code [0x000001766a0c2a00, 0x000001766a0c2e48]
Event: 2.400 Thread 0x000001760082c1b0 2486       3       sun.nio.fs.WindowsFileSystem::getPath (106 bytes)
Event: 2.401 Thread 0x000001760082c1b0 nmethod 2486 0x000001766a0c3010 code [0x000001766a0c32a0, 0x000001766a0c3d18]
Event: 2.401 Thread 0x000001760082c1b0 2487       2       java.io.InputStream::<init> (5 bytes)
Event: 2.401 Thread 0x000001760082c1b0 nmethod 2487 0x000001766a0c4190 code [0x000001766a0c4320, 0x000001766a0c4438]
Event: 2.402 Thread 0x000001760082c1b0 2488       3       java.nio.CharBuffer::hasArray (20 bytes)
Event: 2.402 Thread 0x000001760082c1b0 nmethod 2488 0x000001766a0c4510 code [0x000001766a0c46a0, 0x000001766a0c4858]
Event: 2.402 Thread 0x000001760082c1b0 2489       3       java.lang.NamedPackage::<init> (59 bytes)
Event: 2.403 Thread 0x000001760082c1b0 nmethod 2489 0x000001766a0c4910 code [0x000001766a0c4ba0, 0x000001766a0c5698]
Event: 2.403 Thread 0x000001760082c1b0 2490       3       java.util.ImmutableCollections$ListItr::hasNext (17 bytes)
Event: 2.403 Thread 0x000001760082c1b0 nmethod 2490 0x000001766a0c5a90 code [0x000001766a0c5c20, 0x000001766a0c5d98]
Event: 2.407 Thread 0x000001760082c1b0 2491       1       com.google.common.base.Splitter::access$200 (5 bytes)
Event: 2.407 Thread 0x000001760082c1b0 nmethod 2491 0x000001767125e510 code [0x000001767125e6a0, 0x000001767125e758]
Event: 2.408 Thread 0x000001760082c1b0 2492       1       com.google.common.base.Splitter::access$300 (5 bytes)
Event: 2.408 Thread 0x000001760082c1b0 nmethod 2492 0x000001767125e810 code [0x000001767125e9a0, 0x000001767125ea58]
Event: 2.408 Thread 0x000001760082c1b0 2493       1       com.google.common.base.Splitter::access$400 (5 bytes)
Event: 2.408 Thread 0x000001760082c1b0 nmethod 2493 0x000001767125eb10 code [0x000001767125eca0, 0x000001767125ed58]

GC Heap History (12 events):
Event: 0.656 GC heap before
{Heap before GC invocations=0 (full 0):
 garbage-first heap   total 126976K, used 22528K [0x0000000084200000, 0x0000000100000000)
  region size 1024K, 23 young (23552K), 0 survivors (0K)
 Metaspace       used 14907K, committed 15040K, reserved 1064960K
  class space    used 1491K, committed 1536K, reserved 1048576K
}
Event: 0.662 GC heap after
{Heap after GC invocations=1 (full 0):
 garbage-first heap   total 126976K, used 5539K [0x0000000084200000, 0x0000000100000000)
  region size 1024K, 3 young (3072K), 3 survivors (3072K)
 Metaspace       used 14907K, committed 15040K, reserved 1064960K
  class space    used 1491K, committed 1536K, reserved 1048576K
}
Event: 1.029 GC heap before
{Heap before GC invocations=1 (full 0):
 garbage-first heap   total 126976K, used 27043K [0x0000000084200000, 0x0000000100000000)
  region size 1024K, 25 young (25600K), 3 survivors (3072K)
 Metaspace       used 21299K, committed 21504K, reserved 1073152K
  class space    used 2254K, committed 2368K, reserved 1048576K
}
Event: 1.034 GC heap after
{Heap after GC invocations=2 (full 0):
 garbage-first heap   total 126976K, used 8193K [0x0000000084200000, 0x0000000100000000)
  region size 1024K, 3 young (3072K), 3 survivors (3072K)
 Metaspace       used 21299K, committed 21504K, reserved 1073152K
  class space    used 2254K, committed 2368K, reserved 1048576K
}
Event: 1.329 GC heap before
{Heap before GC invocations=3 (full 0):
 garbage-first heap   total 34816K, used 25601K [0x0000000084200000, 0x0000000100000000)
  region size 1024K, 21 young (21504K), 3 survivors (3072K)
 Metaspace       used 26523K, committed 26752K, reserved 1073152K
  class space    used 2899K, committed 3008K, reserved 1048576K
}
Event: 1.333 GC heap after
{Heap after GC invocations=4 (full 0):
 garbage-first heap   total 34816K, used 10606K [0x0000000084200000, 0x0000000100000000)
  region size 1024K, 5 young (5120K), 5 survivors (5120K)
 Metaspace       used 26523K, committed 26752K, reserved 1073152K
  class space    used 2899K, committed 3008K, reserved 1048576K
}
Event: 1.353 GC heap before
{Heap before GC invocations=4 (full 0):
 garbage-first heap   total 34816K, used 11630K [0x0000000084200000, 0x0000000100000000)
  region size 1024K, 6 young (6144K), 5 survivors (5120K)
 Metaspace       used 27364K, committed 27648K, reserved 1073152K
  class space    used 2992K, committed 3136K, reserved 1048576K
}
Event: 1.357 GC heap after
{Heap after GC invocations=5 (full 0):
 garbage-first heap   total 34816K, used 10873K [0x0000000084200000, 0x0000000100000000)
  region size 1024K, 1 young (1024K), 1 survivors (1024K)
 Metaspace       used 27364K, committed 27648K, reserved 1073152K
  class space    used 2992K, committed 3136K, reserved 1048576K
}
Event: 1.629 GC heap before
{Heap before GC invocations=5 (full 0):
 garbage-first heap   total 34816K, used 24185K [0x0000000084200000, 0x0000000100000000)
  region size 1024K, 14 young (14336K), 1 survivors (1024K)
 Metaspace       used 31625K, committed 31872K, reserved 1081344K
  class space    used 3570K, committed 3712K, reserved 1048576K
}
Event: 1.631 GC heap after
{Heap after GC invocations=6 (full 0):
 garbage-first heap   total 34816K, used 11657K [0x0000000084200000, 0x0000000100000000)
  region size 1024K, 2 young (2048K), 2 survivors (2048K)
 Metaspace       used 31625K, committed 31872K, reserved 1081344K
  class space    used 3570K, committed 3712K, reserved 1048576K
}
Event: 1.769 GC heap before
{Heap before GC invocations=6 (full 0):
 garbage-first heap   total 34816K, used 19849K [0x0000000084200000, 0x0000000100000000)
  region size 1024K, 12 young (12288K), 2 survivors (2048K)
 Metaspace       used 33981K, committed 34240K, reserved 1081344K
  class space    used 3898K, committed 3968K, reserved 1048576K
}
Event: 1.771 GC heap after
{Heap after GC invocations=7 (full 0):
 garbage-first heap   total 34816K, used 12281K [0x0000000084200000, 0x0000000100000000)
  region size 1024K, 1 young (1024K), 1 survivors (1024K)
 Metaspace       used 33981K, committed 34240K, reserved 1081344K
  class space    used 3898K, committed 3968K, reserved 1048576K
}

Deoptimization events (20 events):
Event: 1.406 Thread 0x0000017665fb0460 DEOPT PACKING pc=0x0000017669f25543 sp=0x000000254b1fbdc0
Event: 1.406 Thread 0x0000017665fb0460 DEOPT UNPACKING pc=0x00000176696b6763 sp=0x000000254b1fb258 mode 0
Event: 1.505 Thread 0x0000017665fb0460 Uncommon trap: trap_request=0xffffff45 fr.pc=0x000001767119a9fc relative=0x000000000000055c
Event: 1.505 Thread 0x0000017665fb0460 Uncommon trap: reason=unstable_if action=reinterpret pc=0x000001767119a9fc method=java.lang.String.replace(CC)Ljava/lang/String; @ 2 c2
Event: 1.505 Thread 0x0000017665fb0460 DEOPT PACKING pc=0x000001767119a9fc sp=0x000000254b1fd200
Event: 1.505 Thread 0x0000017665fb0460 DEOPT UNPACKING pc=0x00000176696b5c23 sp=0x000000254b1fd1b0 mode 2
Event: 1.508 Thread 0x0000017603e77fb0 Uncommon trap: trap_request=0xffffffc6 fr.pc=0x00000176711e0c80 relative=0x0000000000001ee0
Event: 1.508 Thread 0x0000017603e77fb0 Uncommon trap: reason=bimorphic_or_optimized_type_check action=maybe_recompile pc=0x00000176711e0c80 method=java.net.URL.<init>(Ljava/net/URL;Ljava/lang/String;Ljava/net/URLStreamHandler;)V @ 504 c2
Event: 1.508 Thread 0x0000017603e77fb0 DEOPT PACKING pc=0x00000176711e0c80 sp=0x000000254d1feea0
Event: 1.508 Thread 0x0000017603e77fb0 DEOPT UNPACKING pc=0x00000176696b5c23 sp=0x000000254d1fee20 mode 2
Event: 1.517 Thread 0x000001760383d170 Uncommon trap: trap_request=0xffffff45 fr.pc=0x00000176712079f4 relative=0x00000000000000d4
Event: 1.517 Thread 0x000001760383d170 Uncommon trap: reason=unstable_if action=reinterpret pc=0x00000176712079f4 method=java.lang.CharacterDataLatin1.digit(II)I @ 12 c2
Event: 1.517 Thread 0x000001760383d170 DEOPT PACKING pc=0x00000176712079f4 sp=0x000000254d3fe760
Event: 1.517 Thread 0x000001760383d170 DEOPT UNPACKING pc=0x00000176696b5c23 sp=0x000000254d3fe618 mode 2
Event: 1.539 Thread 0x000001760383d170 Uncommon trap: trap_request=0xffffff45 fr.pc=0x0000017671207648 relative=0x00000000000000a8
Event: 1.540 Thread 0x000001760383d170 Uncommon trap: reason=unstable_if action=reinterpret pc=0x0000017671207648 method=java.lang.CharacterDataLatin1.digit(II)I @ 12 c2
Event: 1.540 Thread 0x000001760383d170 DEOPT PACKING pc=0x0000017671207648 sp=0x000000254d3fe6b0
Event: 1.540 Thread 0x000001760383d170 DEOPT UNPACKING pc=0x00000176696b5c23 sp=0x000000254d3fe628 mode 2
Event: 1.691 Thread 0x0000017665fb0460 DEOPT PACKING pc=0x0000017669c2ce77 sp=0x000000254b1f6b00
Event: 1.691 Thread 0x0000017665fb0460 DEOPT UNPACKING pc=0x00000176696b6763 sp=0x000000254b1f5f60 mode 0

Classes unloaded (0 events):
No events

Classes redefined (0 events):
No events

Internal exceptions (20 events):
Event: 1.473 Thread 0x0000017665fb0460 Exception <a 'java/lang/NoSuchMethodError'{0x0000000085b42650}: 'java.lang.Object java.lang.invoke.DirectMethodHandle$Holder.invokeInterface(java.lang.Object, java.lang.Object, java.lang.Object, java.lang.Object)'> (0x0000000085b42650) 
thrown [e:\jenkins\tmp\workspace\build\src\src\hotspot\share\interpreter\linkResolver.cpp, line 766]
Event: 1.474 Thread 0x0000017665fb0460 Exception <a 'java/lang/NoSuchMethodError'{0x0000000085b4ef00}: 'void java.lang.invoke.DirectMethodHandle$Holder.invokeInterface(java.lang.Object, java.lang.Object, java.lang.Object)'> (0x0000000085b4ef00) 
thrown [e:\jenkins\tmp\workspace\build\src\src\hotspot\share\interpreter\linkResolver.cpp, line 766]
Event: 1.475 Thread 0x0000017665fb0460 Exception <a 'java/lang/NoSuchMethodError'{0x0000000085b583f8}: 'java.lang.Object java.lang.invoke.DirectMethodHandle$Holder.invokeVirtual(java.lang.Object, java.lang.Object, java.lang.Object)'> (0x0000000085b583f8) 
thrown [e:\jenkins\tmp\workspace\build\src\src\hotspot\share\interpreter\linkResolver.cpp, line 766]
Event: 1.513 Thread 0x00000176023c0f70 Exception <a 'java/lang/NoSuchMethodError'{0x0000000085992720}: 'void java.lang.invoke.DirectMethodHandle$Holder.invokeStatic(java.lang.Object, long)'> (0x0000000085992720) 
thrown [e:\jenkins\tmp\workspace\build\src\src\hotspot\share\interpreter\linkResolver.cpp, line 766]
Event: 1.514 Thread 0x00000176023c0f70 Exception <a 'java/lang/NoSuchMethodError'{0x0000000085997ac8}: 'java.lang.Object java.lang.invoke.DirectMethodHandle$Holder.newInvokeSpecial(java.lang.Object, long)'> (0x0000000085997ac8) 
thrown [e:\jenkins\tmp\workspace\build\src\src\hotspot\share\interpreter\linkResolver.cpp, line 766]
Event: 1.515 Thread 0x00000176023c0f70 Exception <a 'java/lang/NoSuchMethodError'{0x00000000859ce660}: 'java.lang.Object java.lang.invoke.DirectMethodHandle$Holder.invokeStaticInit(java.lang.Object, java.lang.Object, long, java.lang.Object)'> (0x00000000859ce660) 
thrown [e:\jenkins\tmp\workspace\build\src\src\hotspot\share\interpreter\linkResolver.cpp, line 766]
Event: 1.516 Thread 0x00000176023c0f70 Exception <a 'java/lang/NoSuchMethodError'{0x00000000859d46e8}: 'java.lang.Object java.lang.invoke.DirectMethodHandle$Holder.newInvokeSpecial(java.lang.Object, java.lang.Object, long)'> (0x00000000859d46e8) 
thrown [e:\jenkins\tmp\workspace\build\src\src\hotspot\share\interpreter\linkResolver.cpp, line 766]
Event: 1.516 Thread 0x00000176023c0f70 Exception <a 'java/lang/NoSuchMethodError'{0x00000000859d8258}: 'java.lang.Object java.lang.invoke.Invokers$Holder.linkToTargetMethod(java.lang.Object, long, java.lang.Object)'> (0x00000000859d8258) 
thrown [e:\jenkins\tmp\workspace\build\src\src\hotspot\share\interpreter\linkResolver.cpp, line 766]
Event: 1.518 Thread 0x000001760383d170 Exception <a 'java/net/ConnectException'{0x00000000859b6ed8}: Connection refused: no further information> (0x00000000859b6ed8) 
thrown [e:\jenkins\tmp\workspace\build\src\src\hotspot\share\prims\jni.cpp, line 535]
Event: 1.518 Thread 0x000001760383d170 Exception <a 'java/net/SocketException'{0x00000000859b7210}: Socket is not connected: shutdown> (0x00000000859b7210) 
thrown [e:\jenkins\tmp\workspace\build\src\src\hotspot\share\prims\jni.cpp, line 535]
Event: 1.540 Thread 0x000001760383d170 Exception <a 'java/net/ConnectException'{0x00000000859b8278}: Connection refused: no further information> (0x00000000859b8278) 
thrown [e:\jenkins\tmp\workspace\build\src\src\hotspot\share\prims\jni.cpp, line 535]
Event: 1.540 Thread 0x000001760383d170 Exception <a 'java/net/SocketException'{0x00000000859b85b0}: Socket is not connected: shutdown> (0x00000000859b85b0) 
thrown [e:\jenkins\tmp\workspace\build\src\src\hotspot\share\prims\jni.cpp, line 535]
Event: 1.585 Thread 0x0000017665fb0460 Exception <a 'java/lang/NoSuchMethodError'{0x000000008586f3c0}: 'double java.lang.invoke.DirectMethodHandle$Holder.invokeVirtual(java.lang.Object, java.lang.Object)'> (0x000000008586f3c0) 
thrown [e:\jenkins\tmp\workspace\build\src\src\hotspot\share\interpreter\linkResolver.cpp, line 766]
Event: 1.586 Thread 0x0000017665fb0460 Exception <a 'java/lang/NoSuchMethodError'{0x0000000085875c20}: 'float java.lang.invoke.DirectMethodHandle$Holder.invokeVirtual(java.lang.Object, java.lang.Object)'> (0x0000000085875c20) 
thrown [e:\jenkins\tmp\workspace\build\src\src\hotspot\share\interpreter\linkResolver.cpp, line 766]
Event: 1.587 Thread 0x0000017665fb0460 Exception <a 'java/lang/NoSuchMethodError'{0x000000008587eea8}: 'long java.lang.invoke.DirectMethodHandle$Holder.invokeVirtual(java.lang.Object, java.lang.Object)'> (0x000000008587eea8) 
thrown [e:\jenkins\tmp\workspace\build\src\src\hotspot\share\interpreter\linkResolver.cpp, line 766]
Event: 1.607 Thread 0x0000017665fb0460 Exception <a 'java/lang/NoSuchMethodError'{0x00000000857c2a00}: 'void java.lang.invoke.DirectMethodHandle$Holder.invokeStatic(java.lang.Object, java.lang.Object, int)'> (0x00000000857c2a00) 
thrown [e:\jenkins\tmp\workspace\build\src\src\hotspot\share\interpreter\linkResolver.cpp, line 766]
Event: 1.636 Thread 0x0000017665fb0460 Exception <a 'java/lang/NoSuchMethodError'{0x000000008bd41620}: 'int java.lang.invoke.DirectMethodHandle$Holder.invokeSpecialIFC(java.lang.Object, java.lang.Object, java.lang.Object)'> (0x000000008bd41620) 
thrown [e:\jenkins\tmp\workspace\build\src\src\hotspot\share\interpreter\linkResolver.cpp, line 766]
Event: 1.687 Thread 0x0000017665fb0460 Exception <a 'java/lang/NoSuchMethodError'{0x000000008a29cc70}: 'void java.lang.invoke.DirectMethodHandle$Holder.invokeSpecial(java.lang.Object, java.lang.Object, java.lang.Object, java.lang.Object, java.lang.Object, java.lang.Object)'> (0x000000008a29cc70) 
thrown [e:\jenkins\tmp\workspace\build\src\src\hotspot\share\interpreter\linkResolver.cpp, line 766]
Event: 2.362 Thread 0x0000017665fb0460 Exception <a 'java/lang/NoSuchMethodError'{0x000000008a3689f8}: 'java.lang.Object java.lang.invoke.DirectMethodHandle$Holder.invokeSpecialIFC(java.lang.Object, java.lang.Object, java.lang.Object)'> (0x000000008a3689f8) 
thrown [e:\jenkins\tmp\workspace\build\src\src\hotspot\share\interpreter\linkResolver.cpp, line 766]
Event: 2.382 Thread 0x0000017665fb0460 Exception <a 'java/lang/ClassNotFoundException'{0x000000008a229ad0}: sun/util/logging/resources/spi/loggingProvider> (0x000000008a229ad0) 
thrown [e:\jenkins\tmp\workspace\build\src\src\hotspot\share\classfile\systemDictionary.cpp, line 256]

VM Operations (20 events):
Event: 1.198 Executing VM operation: HandshakeAllThreads
Event: 1.198 Executing VM operation: HandshakeAllThreads done
Event: 1.250 Executing VM operation: HandshakeAllThreads
Event: 1.250 Executing VM operation: HandshakeAllThreads done
Event: 1.329 Executing VM operation: G1CollectForAllocation
Event: 1.333 Executing VM operation: G1CollectForAllocation done
Event: 1.353 Executing VM operation: G1CollectForAllocation
Event: 1.357 Executing VM operation: G1CollectForAllocation done
Event: 1.573 Executing VM operation: HandshakeAllThreads
Event: 1.573 Executing VM operation: HandshakeAllThreads done
Event: 1.574 Executing VM operation: HandshakeAllThreads
Event: 1.574 Executing VM operation: HandshakeAllThreads done
Event: 1.575 Executing VM operation: HandshakeAllThreads
Event: 1.575 Executing VM operation: HandshakeAllThreads done
Event: 1.629 Executing VM operation: G1CollectForAllocation
Event: 1.631 Executing VM operation: G1CollectForAllocation done
Event: 1.653 Executing VM operation: HandshakeAllThreads
Event: 1.653 Executing VM operation: HandshakeAllThreads done
Event: 1.769 Executing VM operation: G1TryInitiateConcMark
Event: 1.771 Executing VM operation: G1TryInitiateConcMark done

Events (20 events):
Event: 2.375 loading class java/lang/StackStreamFactory$StackFrameTraverser$StackFrameBuffer
Event: 2.375 loading class java/lang/StackStreamFactory$FrameBuffer
Event: 2.375 loading class java/lang/StackStreamFactory$FrameBuffer done
Event: 2.375 loading class java/lang/StackStreamFactory$StackFrameTraverser$StackFrameBuffer done
Event: 2.381 loading class java/util/logging/Level$RbAccess
Event: 2.381 loading class java/util/logging/Level$RbAccess done
Event: 2.381 loading class java/util/ResourceBundle$3
Event: 2.381 loading class java/util/ResourceBundle$3 done
Event: 2.382 loading class sun/util/logging/resources/logging
Event: 2.382 loading class sun/util/logging/resources/logging done
Event: 2.383 loading class sun/util/logging/resources/logging_en
Event: 2.383 loading class sun/util/logging/resources/logging_en done
Event: 2.383 loading class sun/util/logging/resources/logging_en
Event: 2.383 loading class sun/util/logging/resources/logging_en done
Event: 2.384 loading class sun/util/logging/resources/logging_en_IN
Event: 2.384 loading class sun/util/logging/resources/logging_en_IN done
Event: 2.384 loading class sun/util/logging/resources/logging_en_IN
Event: 2.384 loading class sun/util/logging/resources/logging_en_IN done
Event: 2.384 loading class java/util/Formatter$DateTime
Event: 2.384 loading class java/util/Formatter$DateTime done


Dynamic libraries:
0x00007ff636fd0000 - 0x00007ff636fde000 	C:\Users\DELL\Downloads\eclipse\plugins\org.eclipse.justj.openjdk.hotspot.jre.full.win32.x86_64_17.0.3.v20220515-1416\jre\bin\javaw.exe
0x00007ffee2690000 - 0x00007ffee2888000 	C:\Windows\SYSTEM32\ntdll.dll
0x00007ffee0e10000 - 0x00007ffee0ecd000 	C:\Windows\System32\KERNEL32.DLL
0x00007ffedfdb0000 - 0x00007ffee007e000 	C:\Windows\System32\KERNELBASE.dll
0x00007ffee0370000 - 0x00007ffee0470000 	C:\Windows\System32\ucrtbase.dll
0x00007ffed1a20000 - 0x00007ffed1a39000 	C:\Users\DELL\Downloads\eclipse\plugins\org.eclipse.justj.openjdk.hotspot.jre.full.win32.x86_64_17.0.3.v20220515-1416\jre\bin\VCRUNTIME140.dll
0x00007ffed49d0000 - 0x00007ffed49e8000 	C:\Users\DELL\Downloads\eclipse\plugins\org.eclipse.justj.openjdk.hotspot.jre.full.win32.x86_64_17.0.3.v20220515-1416\jre\bin\jli.dll
0x00007ffee24b0000 - 0x00007ffee2650000 	C:\Windows\System32\USER32.dll
0x00007ffee0340000 - 0x00007ffee0362000 	C:\Windows\System32\win32u.dll
0x00007ffecc760000 - 0x00007ffecc9fa000 	C:\Windows\WinSxS\amd64_microsoft.windows.common-controls_6595b64144ccf1df_6.0.19041.1110_none_60b5254171f9507e\COMCTL32.dll
0x00007ffee1cd0000 - 0x00007ffee1cfa000 	C:\Windows\System32\GDI32.dll
0x00007ffee1260000 - 0x00007ffee12fe000 	C:\Windows\System32\msvcrt.dll
0x00007ffee0470000 - 0x00007ffee057b000 	C:\Windows\System32\gdi32full.dll
0x00007ffee0230000 - 0x00007ffee02cd000 	C:\Windows\System32\msvcp_win.dll
0x00007ffee1eb0000 - 0x00007ffee1ee0000 	C:\Windows\System32\IMM32.DLL
0x00007ffed4f60000 - 0x00007ffed4f6c000 	C:\Users\DELL\Downloads\eclipse\plugins\org.eclipse.justj.openjdk.hotspot.jre.full.win32.x86_64_17.0.3.v20220515-1416\jre\bin\vcruntime140_1.dll
0x00007ffed1020000 - 0x00007ffed10b1000 	C:\Users\DELL\Downloads\eclipse\plugins\org.eclipse.justj.openjdk.hotspot.jre.full.win32.x86_64_17.0.3.v20220515-1416\jre\bin\msvcp140.dll
0x00007ffe78f40000 - 0x00007ffe79b88000 	C:\Users\DELL\Downloads\eclipse\plugins\org.eclipse.justj.openjdk.hotspot.jre.full.win32.x86_64_17.0.3.v20220515-1416\jre\bin\server\jvm.dll
0x00007ffee1c20000 - 0x00007ffee1cce000 	C:\Windows\System32\ADVAPI32.dll
0x00007ffee20b0000 - 0x00007ffee214c000 	C:\Windows\System32\sechost.dll
0x00007ffee0ed0000 - 0x00007ffee0ff5000 	C:\Windows\System32\RPCRT4.dll
0x00007ffee0d70000 - 0x00007ffee0d78000 	C:\Windows\System32\PSAPI.DLL
0x00007ffec4d80000 - 0x00007ffec4da7000 	C:\Windows\SYSTEM32\WINMM.dll
0x00007ffedb420000 - 0x00007ffedb429000 	C:\Windows\SYSTEM32\WSOCK32.dll
0x00007ffed4270000 - 0x00007ffed427a000 	C:\Windows\SYSTEM32\VERSION.dll
0x00007ffee1bb0000 - 0x00007ffee1c1b000 	C:\Windows\System32\WS2_32.dll
0x00007ffede640000 - 0x00007ffede652000 	C:\Windows\SYSTEM32\kernel.appcore.dll
0x00007ffed7830000 - 0x00007ffed783a000 	C:\Users\DELL\Downloads\eclipse\plugins\org.eclipse.justj.openjdk.hotspot.jre.full.win32.x86_64_17.0.3.v20220515-1416\jre\bin\jimage.dll
0x00007ffeddb90000 - 0x00007ffeddd74000 	C:\Windows\SYSTEM32\DBGHELP.DLL
0x00007ffecbba0000 - 0x00007ffecbbcc000 	C:\Windows\SYSTEM32\dbgcore.DLL
0x00007ffee0660000 - 0x00007ffee06e2000 	C:\Windows\System32\bcryptPrimitives.dll
0x00007ffed6af0000 - 0x00007ffed6b15000 	C:\Users\DELL\Downloads\eclipse\plugins\org.eclipse.justj.openjdk.hotspot.jre.full.win32.x86_64_17.0.3.v20220515-1416\jre\bin\java.dll
0x00007ffed7770000 - 0x00007ffed7788000 	C:\Users\DELL\Downloads\eclipse\plugins\org.eclipse.justj.openjdk.hotspot.jre.full.win32.x86_64_17.0.3.v20220515-1416\jre\bin\zip.dll
0x00007ffee1300000 - 0x00007ffee1a44000 	C:\Windows\System32\SHELL32.dll
0x00007ffedde90000 - 0x00007ffede624000 	C:\Windows\SYSTEM32\windows.storage.dll
0x00007ffee2150000 - 0x00007ffee24a4000 	C:\Windows\System32\combase.dll
0x00007ffedf810000 - 0x00007ffedf840000 	C:\Windows\SYSTEM32\Wldp.dll
0x00007ffee1ee0000 - 0x00007ffee1f8d000 	C:\Windows\System32\SHCORE.dll
0x00007ffee06f0000 - 0x00007ffee0745000 	C:\Windows\System32\shlwapi.dll
0x00007ffedfcf0000 - 0x00007ffedfd0f000 	C:\Windows\SYSTEM32\profapi.dll
0x00007ffed51c0000 - 0x00007ffed51d9000 	C:\Users\DELL\Downloads\eclipse\plugins\org.eclipse.justj.openjdk.hotspot.jre.full.win32.x86_64_17.0.3.v20220515-1416\jre\bin\net.dll
0x00007ffedacb0000 - 0x00007ffedadba000 	C:\Windows\SYSTEM32\WINHTTP.dll
0x00007ffedf570000 - 0x00007ffedf5da000 	C:\Windows\system32\mswsock.dll
0x00007ffed51a0000 - 0x00007ffed51b5000 	C:\Users\DELL\Downloads\eclipse\plugins\org.eclipse.justj.openjdk.hotspot.jre.full.win32.x86_64_17.0.3.v20220515-1416\jre\bin\nio.dll
0x00007ffedf210000 - 0x00007ffedf24b000 	C:\Windows\SYSTEM32\IPHLPAPI.DLL
0x00007ffee11a0000 - 0x00007ffee11a8000 	C:\Windows\System32\NSI.dll
0x00007ffed6c30000 - 0x00007ffed6c47000 	C:\Windows\SYSTEM32\dhcpcsvc6.DLL
0x00007ffed82c0000 - 0x00007ffed82dd000 	C:\Windows\SYSTEM32\dhcpcsvc.DLL
0x00007ffedf250000 - 0x00007ffedf31a000 	C:\Windows\SYSTEM32\DNSAPI.dll
0x00007ffed5d50000 - 0x00007ffed5d60000 	C:\Users\DELL\Downloads\eclipse\plugins\org.eclipse.justj.openjdk.hotspot.jre.full.win32.x86_64_17.0.3.v20220515-1416\jre\bin\verify.dll
0x00007ffedf760000 - 0x00007ffedf778000 	C:\Windows\SYSTEM32\CRYPTSP.dll
0x00007ffedee80000 - 0x00007ffedeeb4000 	C:\Windows\system32\rsaenh.dll
0x00007ffee0580000 - 0x00007ffee05a7000 	C:\Windows\System32\bcrypt.dll
0x00007ffedfc70000 - 0x00007ffedfc9e000 	C:\Windows\SYSTEM32\USERENV.dll
0x00007ffedf780000 - 0x00007ffedf78c000 	C:\Windows\SYSTEM32\CRYPTBASE.dll
0x00007ffed6a80000 - 0x00007ffed6a8a000 	C:\Windows\System32\rasadhlp.dll
0x00007ffed66d0000 - 0x00007ffed6750000 	C:\Windows\System32\fwpuclnt.dll
0x00007ffed50f0000 - 0x00007ffed50f9000 	C:\Users\DELL\Downloads\eclipse\plugins\org.eclipse.justj.openjdk.hotspot.jre.full.win32.x86_64_17.0.3.v20220515-1416\jre\bin\management.dll
0x00007ffed4d10000 - 0x00007ffed4d1b000 	C:\Users\DELL\Downloads\eclipse\plugins\org.eclipse.justj.openjdk.hotspot.jre.full.win32.x86_64_17.0.3.v20220515-1416\jre\bin\management_ext.dll
0x00007ffed5590000 - 0x00007ffed559e000 	C:\Users\DELL\Downloads\eclipse\plugins\org.eclipse.justj.openjdk.hotspot.jre.full.win32.x86_64_17.0.3.v20220515-1416\jre\bin\sunmscapi.dll
0x00007ffee0080000 - 0x00007ffee01d6000 	C:\Windows\System32\CRYPT32.dll
0x00007ffedf880000 - 0x00007ffedf8a7000 	C:\Windows\SYSTEM32\ncrypt.dll
0x00007ffedf840000 - 0x00007ffedf87b000 	C:\Windows\SYSTEM32\NTASN1.dll
0x00007ffed4aa0000 - 0x00007ffed4aa7000 	C:\Windows\system32\wshunix.dll
0x00007ffec1260000 - 0x00007ffec1277000 	C:\Windows\system32\napinsp.dll
0x00007ffed08d0000 - 0x00007ffed08eb000 	C:\Windows\system32\pnrpnsp.dll
0x00007ffeb7550000 - 0x00007ffeb7565000 	C:\Windows\system32\wshbth.dll
0x00007ffedb2e0000 - 0x00007ffedb2fd000 	C:\Windows\system32\NLAapi.dll
0x00007ffedac80000 - 0x00007ffedac92000 	C:\Windows\System32\winrnr.dll

dbghelp: loaded successfully - version: 4.0.5 - missing functions: none
symbol engine: initialized successfully - sym options: 0x614 - pdb path: .;C:\Users\DELL\Downloads\eclipse\plugins\org.eclipse.justj.openjdk.hotspot.jre.full.win32.x86_64_17.0.3.v20220515-1416\jre\bin;C:\Windows\SYSTEM32;C:\Windows\WinSxS\amd64_microsoft.windows.common-controls_6595b64144ccf1df_6.0.19041.1110_none_60b5254171f9507e;C:\Users\DELL\Downloads\eclipse\plugins\org.eclipse.justj.openjdk.hotspot.jre.full.win32.x86_64_17.0.3.v20220515-1416\jre\bin\server

VM Arguments:
jvm_args: -ea -Dfile.encoding=UTF-8 -XX:+ShowCodeDetailsInExceptionMessages 
java_command: org.eclipse.jdt.internal.junit.runner.RemoteTestRunner -version 3 -port 53369 -testLoaderClass org.eclipse.jdt.internal.junit4.runner.JUnit4TestLoader -loaderpluginname org.eclipse.jdt.junit4.runtime -classNames testRunner.TestRunner
java_class_path (initial): C:\Users\DELL\git\LearnED_Cucumber\LearnED\target\test-classes;C:\Users\DELL\git\LearnED_Cucumber\LearnED\target\classes;C:\Users\DELL\.m2\repository\junit\junit\4.12\junit-4.12.jar;C:\Users\DELL\.m2\repository\io\cucumber\cucumber-core\7.1.0\cucumber-core-7.1.0.jar;C:\Users\DELL\.m2\repository\io\cucumber\cucumber-gherkin\7.1.0\cucumber-gherkin-7.1.0.jar;C:\Users\DELL\.m2\repository\io\cucumber\cucumber-gherkin-messages\7.1.0\cucumber-gherkin-messages-7.1.0.jar;C:\Users\DELL\.m2\repository\io\cucumber\messages\17.1.1\messages-17.1.1.jar;C:\Users\DELL\.m2\repository\io\cucumber\tag-expressions\4.1.0\tag-expressions-4.1.0.jar;C:\Users\DELL\.m2\repository\io\cucumber\cucumber-expressions\13.0.1\cucumber-expressions-13.0.1.jar;C:\Users\DELL\.m2\repository\io\cucumber\datatable\7.1.0\datatable-7.1.0.jar;C:\Users\DELL\.m2\repository\io\cucumber\cucumber-plugin\7.1.0\cucumber-plugin-7.1.0.jar;C:\Users\DELL\.m2\repository\io\cucumber\docstring\7.1.0\docstring-7.1.0.jar;C:\Users\DELL\.m2\repository\io\cucumber\html-formatter\17.0.0\html-formatter-17.0.0.jar;C:\Users\DELL\.m2\repository\io\cucumber\create-meta\6.0.4\create-meta-6.0.4.jar;C:\Users\DELL\.m2\repository\org\apiguardian\apiguardian-api\1.1.2\apiguardian-api-1.1.2.jar;C:\Users\DELL\.m2\repository\io\cucumber\cucumber-java\7.1.0\cucumber-java-7.1.0.jar;C:\Users\DELL\.m2\repository\io\cucumber\cucumber-html\0.2.7\cucumber-html-0.2.7.jar;C:\Users\DELL\.m2\repository\io\cucumber\cucumber-jvm-deps\1.0.6\cucumber-jvm-deps-1.0.6.jar;C:\Users\DELL\.m2\repository\net\masterthought\cucumber-reporting\5.6.1\cucumber-reporting-5.6.1.jar;C:\Users\DELL\.m2\repository\com\fasterxml\jackson\core\jackson-databind\2.12.1\jackson-databind-2.12.1.jar;C:\Users\DELL\.m2\repository\com\fasterxml\jackson\core\jackson-annotations\2.12.1\jackson-annotations-2.12.1.jar;C:\Users\DELL\.m2\repository\com\fasterxml\jackson\core\jackson-core\2.12.1\jackson-core-2.12.1.jar;C:\Users\DELL\.m2\repository\com\fasterxml\ja
Launcher Type: SUN_STANDARD

[Global flags]
     intx CICompilerCount                          = 4                                         {product} {ergonomic}
     uint ConcGCThreads                            = 2                                         {product} {ergonomic}
     uint G1ConcRefinementThreads                  = 8                                         {product} {ergonomic}
   size_t G1HeapRegionSize                         = 1048576                                   {product} {ergonomic}
    uintx GCDrainStackTargetSize                   = 64                                        {product} {ergonomic}
   size_t InitialHeapSize                          = 130023424                                 {product} {ergonomic}
   size_t MarkStackSize                            = 4194304                                   {product} {ergonomic}
   size_t MaxHeapSize                              = 2078277632                                {product} {ergonomic}
   size_t MaxNewSize                               = 1246756864                                {product} {ergonomic}
   size_t MinHeapDeltaBytes                        = 1048576                                   {product} {ergonomic}
   size_t MinHeapSize                              = 8388608                                   {product} {ergonomic}
    uintx NonNMethodCodeHeapSize                   = 5839372                                {pd product} {ergonomic}
    uintx NonProfiledCodeHeapSize                  = 122909434                              {pd product} {ergonomic}
    uintx ProfiledCodeHeapSize                     = 122909434                              {pd product} {ergonomic}
    uintx ReservedCodeCacheSize                    = 251658240                              {pd product} {ergonomic}
     bool SegmentedCodeCache                       = true                                      {product} {ergonomic}
     bool ShowCodeDetailsInExceptionMessages       = true                                   {manageable} {command line}
   size_t SoftMaxHeapSize                          = 2078277632                             {manageable} {ergonomic}
     bool UseCompressedClassPointers               = true                           {product lp64_product} {ergonomic}
     bool UseCompressedOops                        = true                           {product lp64_product} {ergonomic}
     bool UseG1GC                                  = true                                      {product} {ergonomic}
     bool UseLargePagesIndividualAllocation        = false                                  {pd product} {ergonomic}

Logging:
Log output configuration:
 #0: stdout all=warning uptime,level,tags
 #1: stderr all=off uptime,level,tags

Environment Variables:
JAVA_HOME=C:\Program Files\Java\jdk-17.0.4
PATH=C:/Users/DELL/Downloads/eclipse//plugins/org.eclipse.justj.openjdk.hotspot.jre.full.win32.x86_64_17.0.3.v20220515-1416/jre/bin/server;C:/Users/DELL/Downloads/eclipse//plugins/org.eclipse.justj.openjdk.hotspot.jre.full.win32.x86_64_17.0.3.v20220515-1416/jre/bin;C:\Program Files\Common Files\Oracle\Java\javapath;C:\Windows\system32;C:\Windows;C:\Windows\System32\Wbem;C:\Windows\System32\WindowsPowerShell\v1.0\;C:\Windows\System32\OpenSSH\;C:\apache-maven-3.8.6\bin;C:\apache-maven-3.8.6\bin;C:\apache-maven-3.8.6\bin;C:\Program Files\Java\jdk-17.0.4\bin;C:\Users\DELL\AppData\Local\Microsoft\WindowsApps;;C:\Users\DELL\AppData\Local\Programs\Microsoft VS Code\bin;C:\Users\DELL\Downloads\eclipse;
USERNAME=DELL
OS=Windows_NT
PROCESSOR_IDENTIFIER=Intel64 Family 6 Model 140 Stepping 1, GenuineIntel



---------------  S Y S T E M  ---------------

OS:
 Windows 10 , 64 bit Build 19041 (10.0.19041.1889)
OS uptime: 14 days 4:08 hours

CPU: total 8 (initial active 8) (4 cores per cpu, 2 threads per core) family 6 model 140 stepping 1 microcode 0xa4, cx8, cmov, fxsr, ht, mmx, 3dnowpref, sse, sse2, sse3, ssse3, sse4.1, sse4.2, popcnt, lzcnt, tsc, tscinvbit, avx, avx2, aes, erms, clmul, bmi1, bmi2, adx, avx512f, avx512dq, avx512cd, avx512bw, avx512vl, sha, fma, vzeroupper, avx512_vpopcntdq, avx512_vpclmulqdq, avx512_vaes, avx512_vnni, clflush, clflushopt, clwb, avx512_vbmi2, avx512_vbmi

Memory: 4k page, system-wide physical 7926M (675M free)
TotalPageFile size 9974M (AvailPageFile size 5M)
current process WorkingSet (physical memory assigned to process): 177M, peak: 177M
current process commit charge ("private bytes"): 209M, peak: 239M

vm_info: OpenJDK 64-Bit Server VM (17.0.3+7) for windows-amd64 JRE (17.0.3+7), built on Apr 19 2022 16:55:35 by "" with MS VC++ 16.7 (VS2019)

END.
