#
# There is insufficient memory for the Java Runtime Environment to continue.
# Native memory allocation (mmap) failed to map 22020096 bytes for G1 virtual space
# Possible reasons:
#   The system is out of physical RAM or swap space
#   The process is running with CompressedOops enabled, and the Java Heap may be blocking the growth of the native heap
# Possible solutions:
#   Reduce memory load on the system
#   Increase physical memory or swap space
#   Check if swap backing store is full
#   Decrease Java heap size (-Xmx/-Xms)
#   Decrease number of Java threads
#   Decrease Java thread stack sizes (-Xss)
#   Set larger code cache with -XX:ReservedCodeCacheSize=
#   JVM is running with Unscaled Compressed Oops mode in which the Java heap is
#     placed in the first 4GB address space. The Java Heap base address is the
#     maximum limit for the native heap growth. Please use -XX:HeapBaseMinAddress
#     to set the Java Heap base and to place the Java Heap above 4GB virtual address.
# This output file may be truncated or incomplete.
#
#  Out of Memory Error (os_windows.cpp:3535), pid=16488, tid=18524
#
# JRE version: OpenJDK Runtime Environment Temurin-17.0.3+7 (17.0.3+7) (build 17.0.3+7)
# Java VM: OpenJDK 64-Bit Server VM Temurin-17.0.3+7 (17.0.3+7, mixed mode, tiered, compressed oops, compressed class ptrs, g1 gc, windows-amd64)
# No core dump will be written. Minidumps are not enabled by default on client versions of Windows
#

---------------  S U M M A R Y ------------

Command Line: -ea -Dfile.encoding=UTF-8 -XX:+ShowCodeDetailsInExceptionMessages org.eclipse.jdt.internal.junit.runner.RemoteTestRunner -version 3 -port 61156 -testLoaderClass org.eclipse.jdt.internal.junit4.runner.JUnit4TestLoader -loaderpluginname org.eclipse.jdt.junit4.runtime -classNames testRunner.TestRunner

Host: 11th Gen Intel(R) Core(TM) i5-1135G7 @ 2.40GHz, 8 cores, 7G,  Windows 10 , 64 bit Build 19041 (10.0.19041.1889)
Time: Wed Sep 21 15:30:37 2022 India Standard Time elapsed time: 3.769987 seconds (0d 0h 0m 3s)

---------------  T H R E A D  ---------------

Current thread (0x000001fed6b482e0):  VMThread "VM Thread" [stack: 0x000000764c700000,0x000000764c800000] [id=18524]

Stack: [0x000000764c700000,0x000000764c800000]
Native frames: (J=compiled Java code, j=interpreted, Vv=VM code, C=native code)
V  [jvm.dll+0x675efa]
V  [jvm.dll+0x830a24]
V  [jvm.dll+0x8321ce]
V  [jvm.dll+0x832833]
V  [jvm.dll+0x2454b5]
V  [jvm.dll+0x672de9]
V  [jvm.dll+0x667732]
V  [jvm.dll+0x3043ab]
V  [jvm.dll+0x30b8f6]
V  [jvm.dll+0x35b62e]
V  [jvm.dll+0x35b85f]
V  [jvm.dll+0x2db248]
V  [jvm.dll+0x2d94fc]
V  [jvm.dll+0x2d8acc]
V  [jvm.dll+0x32c51c]
V  [jvm.dll+0x836cdb]
V  [jvm.dll+0x837a14]
V  [jvm.dll+0x837f2c]
V  [jvm.dll+0x838304]
V  [jvm.dll+0x8383d0]
V  [jvm.dll+0x7e0cfa]
V  [jvm.dll+0x674d85]
C  [ucrtbase.dll+0x21bb2]
C  [KERNEL32.DLL+0x17034]
C  [ntdll.dll+0x52651]

VM_Operation (0x000000764c1fce10): CollectForMetadataAllocation, mode: safepoint, requested by thread 0x000001febcd6de50


---------------  P R O C E S S  ---------------

Threads class SMR info:
_java_thread_list=0x000001fedb3029c0, length=26, elements={
0x000001febcd6de50, 0x000001fed7433020, 0x000001fed7435090, 0x000001fed743b020,
0x000001fed6b5e3a0, 0x000001fed6b61410, 0x000001fed6b61cd0, 0x000001fed6b628c0,
0x000001fed748bb40, 0x000001fed74bd7a0, 0x000001fed75e7460, 0x000001fed7607bf0,
0x000001fed7d05ec0, 0x000001fed87f6f20, 0x000001fed898b250, 0x000001fed8a9a460,
0x000001fed88a5730, 0x000001fed8d14cb0, 0x000001fed8d171a0, 0x000001fed90b5e70,
0x000001fed90b6340, 0x000001fed90b2e50, 0x000001fed90b4b30, 0x000001fed90b6810,
0x000001fed90b4660, 0x000001fed90b5000
}

Java Threads: ( => current thread )
  0x000001febcd6de50 JavaThread "main" [_thread_blocked, id=11656, stack(0x000000764c100000,0x000000764c200000)]
  0x000001fed7433020 JavaThread "Reference Handler" daemon [_thread_blocked, id=1180, stack(0x000000764c800000,0x000000764c900000)]
  0x000001fed7435090 JavaThread "Finalizer" daemon [_thread_blocked, id=17424, stack(0x000000764c900000,0x000000764ca00000)]
  0x000001fed743b020 JavaThread "Signal Dispatcher" daemon [_thread_blocked, id=1548, stack(0x000000764ca00000,0x000000764cb00000)]
  0x000001fed6b5e3a0 JavaThread "Attach Listener" daemon [_thread_blocked, id=5748, stack(0x000000764cb00000,0x000000764cc00000)]
  0x000001fed6b61410 JavaThread "Service Thread" daemon [_thread_blocked, id=10320, stack(0x000000764cc00000,0x000000764cd00000)]
  0x000001fed6b61cd0 JavaThread "Monitor Deflation Thread" daemon [_thread_blocked, id=12828, stack(0x000000764cd00000,0x000000764ce00000)]
  0x000001fed6b628c0 JavaThread "C2 CompilerThread0" daemon [_thread_blocked, id=1608, stack(0x000000764ce00000,0x000000764cf00000)]
  0x000001fed748bb40 JavaThread "C1 CompilerThread0" daemon [_thread_blocked, id=6804, stack(0x000000764cf00000,0x000000764d000000)]
  0x000001fed74bd7a0 JavaThread "Sweeper thread" daemon [_thread_blocked, id=15264, stack(0x000000764d000000,0x000000764d100000)]
  0x000001fed75e7460 JavaThread "Notification Thread" daemon [_thread_blocked, id=10820, stack(0x000000764d100000,0x000000764d200000)]
  0x000001fed7607bf0 JavaThread "Common-Cleaner" daemon [_thread_blocked, id=14112, stack(0x000000764d300000,0x000000764d400000)]
  0x000001fed7d05ec0 JavaThread "ReaderThread" [_thread_in_native, id=19364, stack(0x000000764d500000,0x000000764d600000)]
  0x000001fed87f6f20 JavaThread "ForkJoinPool.commonPool-worker-1" daemon [_thread_blocked, id=15688, stack(0x000000764df00000,0x000000764e000000)]
  0x000001fed898b250 JavaThread "AsyncHttpClient-1-1" daemon [_thread_blocked, id=14116, stack(0x000000764e000000,0x000000764e100000)]
  0x000001fed8a9a460 JavaThread "Exec Default Executor" daemon [_thread_in_native, id=14608, stack(0x000000764e100000,0x000000764e200000)]
  0x000001fed88a5730 JavaThread "Driver Service Executor" daemon [_thread_blocked, id=13448, stack(0x000000764e200000,0x000000764e300000)]
  0x000001fed8d14cb0 JavaThread "Driver Service Executor" daemon [_thread_blocked, id=3020, stack(0x000000764e300000,0x000000764e400000)]
  0x000001fed8d171a0 JavaThread "UrlChecker-2" daemon [_thread_blocked, id=6564, stack(0x000000764e400000,0x000000764e500000)]
  0x000001fed90b5e70 JavaThread "Exec Stream Pumper" daemon [_thread_in_native, id=14356, stack(0x000000764e500000,0x000000764e600000)]
  0x000001fed90b6340 JavaThread "Exec Stream Pumper" daemon [_thread_in_native, id=11732, stack(0x000000764e600000,0x000000764e700000)]
  0x000001fed90b2e50 JavaThread "Keep-Alive-Timer" daemon [_thread_blocked, id=16128, stack(0x000000764e800000,0x000000764e900000)]
  0x000001fed90b4b30 JavaThread "AsyncHttpClient-1-2" daemon [_thread_in_native, id=12324, stack(0x000000764e900000,0x000000764ea00000)]
  0x000001fed90b6810 JavaThread "AsyncHttpClient-1-3" daemon [_thread_in_native, id=1924, stack(0x000000764ea00000,0x000000764eb00000)]
  0x000001fed90b4660 JavaThread "AsyncHttpClient-1-4" daemon [_thread_in_native, id=16160, stack(0x000000764d400000,0x000000764d500000)]
  0x000001fed90b5000 JavaThread "AsyncHttpClient-1-5" daemon [_thread_in_native, id=6304, stack(0x000000764d600000,0x000000764d700000)]

Other Threads:
=>0x000001fed6b482e0 VMThread "VM Thread" [stack: 0x000000764c700000,0x000000764c800000] [id=18524]
  0x000001febcde5010 WatcherThread [stack: 0x000000764d200000,0x000000764d300000] [id=15700]
  0x000001febcdc8900 GCTaskThread "GC Thread#0" [stack: 0x000000764c200000,0x000000764c300000] [id=13532]
  0x000001fed83396c0 GCTaskThread "GC Thread#1" [stack: 0x000000764d700000,0x000000764d800000] [id=6368]
  0x000001fed84bbad0 GCTaskThread "GC Thread#2" [stack: 0x000000764d800000,0x000000764d900000] [id=724]
  0x000001fed84bbd80 GCTaskThread "GC Thread#3" [stack: 0x000000764d900000,0x000000764da00000] [id=6440]
  0x000001fed852d9c0 GCTaskThread "GC Thread#4" [stack: 0x000000764da00000,0x000000764db00000] [id=10092]
  0x000001fed8690cc0 GCTaskThread "GC Thread#5" [stack: 0x000000764db00000,0x000000764dc00000] [id=8336]
  0x000001fed86a60d0 GCTaskThread "GC Thread#6" [stack: 0x000000764dc00000,0x000000764dd00000] [id=12448]
  0x000001fed87dfa40 GCTaskThread "GC Thread#7" [stack: 0x000000764dd00000,0x000000764de00000] [id=16640]
  0x000001febcdd9f90 ConcurrentGCThread "G1 Main Marker" [stack: 0x000000764c300000,0x000000764c400000] [id=5016]
  0x000001febcddb050 ConcurrentGCThread "G1 Conc#0" [stack: 0x000000764c400000,0x000000764c500000] [id=14348]
  0x000001fed87e4c30 ConcurrentGCThread "G1 Conc#1" [stack: 0x000000764de00000,0x000000764df00000] [id=16816]
  0x000001fed69b2510 ConcurrentGCThread "G1 Refine#0" [stack: 0x000000764c500000,0x000000764c600000] [id=12080]
  0x000001fed69b4d50 ConcurrentGCThread "G1 Service" [stack: 0x000000764c600000,0x000000764c700000] [id=9404]

Threads with active compile tasks:

VM state: at safepoint (normal execution)

VM Mutex/Monitor currently owned by a thread:  ([mutex/lock_event])
[0x000001febcd69af0] Threads_lock - owner thread: 0x000001fed6b482e0
[0x000001febcd69dc0] Heap_lock - owner thread: 0x000001febcd6de50

Heap address: 0x0000000084200000, size: 1982 MB, Compressed Oops mode: 32-bit

CDS archive(s) not mapped
Compressed class space mapped at: 0x0000000100000000-0x0000000140000000, reserved size: 1073741824
Narrow klass base: 0x0000000000000000, Narrow klass shift: 3, Narrow klass range: 0x140000000

GC Precious Log:
 CPUs: 8 total, 8 available
 Memory: 7926M
 Large Page Support: Disabled
 NUMA Support: Disabled
 Compressed Oops: Enabled (32-bit)
 Heap Region Size: 1M
 Heap Min Capacity: 8M
 Heap Initial Capacity: 124M
 Heap Max Capacity: 1982M
 Pre-touch: Disabled
 Parallel Workers: 8
 Concurrent Workers: 2
 Concurrent Refinement Workers: 8
 Periodic GC: Disabled

Heap:
 garbage-first heap   total 46080K, used 30699K [0x0000000084200000, 0x0000000100000000)
  region size 1024K, 2 young (2048K), 2 survivors (2048K)
 Metaspace       used 35711K, committed 35968K, reserved 1081344K
  class space    used 4166K, committed 4288K, reserved 1048576K

Heap Regions: E=young(eden), S=young(survivor), O=old, HS=humongous(starts), HC=humongous(continues), CS=collection set, F=free, OA=open archive, CA=closed archive, TAMS=top-at-mark-start (previous, next)
|   0|0x0000000084200000, 0x0000000084300000, 0x0000000084300000|100%| O|  |TAMS 0x0000000084300000, 0x0000000084300000| Untracked 
|   1|0x0000000084300000, 0x0000000084400000, 0x0000000084400000|100%| O|  |TAMS 0x0000000084400000, 0x0000000084400000| Untracked 
|   2|0x0000000084400000, 0x0000000084500000, 0x0000000084500000|100%| O|  |TAMS 0x0000000084469e00, 0x0000000084500000| Untracked 
|   3|0x0000000084500000, 0x0000000084600000, 0x0000000084600000|100%| O|  |TAMS 0x0000000084500000, 0x0000000084600000| Untracked 
|   4|0x0000000084600000, 0x0000000084700000, 0x0000000084700000|100%| O|  |TAMS 0x0000000084600000, 0x0000000084700000| Untracked 
|   5|0x0000000084700000, 0x0000000084800000, 0x0000000084800000|100%| O|  |TAMS 0x0000000084700000, 0x0000000084800000| Untracked 
|   6|0x0000000084800000, 0x0000000084900000, 0x0000000084900000|100%| O|  |TAMS 0x0000000084800000, 0x0000000084900000| Untracked 
|   7|0x0000000084900000, 0x0000000084a00000, 0x0000000084a00000|100%| O|  |TAMS 0x0000000084900000, 0x0000000084a00000| Untracked 
|   8|0x0000000084a00000, 0x0000000084a4d400, 0x0000000084b00000| 30%| O|  |TAMS 0x0000000084a00000, 0x0000000084a4d400| Untracked 
|   9|0x0000000084b00000, 0x0000000084b00000, 0x0000000084c00000|  0%| F|  |TAMS 0x0000000084b00000, 0x0000000084b00000| Untracked 
|  10|0x0000000084c00000, 0x0000000084c00000, 0x0000000084d00000|  0%| F|  |TAMS 0x0000000084c00000, 0x0000000084c00000| Untracked 
|  11|0x0000000084d00000, 0x0000000084d00000, 0x0000000084e00000|  0%| F|  |TAMS 0x0000000084d00000, 0x0000000084d00000| Untracked 
|  12|0x0000000084e00000, 0x0000000084e00000, 0x0000000084f00000|  0%| F|  |TAMS 0x0000000084e00000, 0x0000000084e00000| Untracked 
|  13|0x0000000084f00000, 0x0000000085000000, 0x0000000085000000|100%| O|  |TAMS 0x0000000084f00000, 0x0000000085000000| Untracked 
|  14|0x0000000085000000, 0x0000000085100000, 0x0000000085100000|100%| O|  |TAMS 0x0000000085000000, 0x0000000085100000| Untracked 
|  15|0x0000000085100000, 0x0000000085200000, 0x0000000085200000|100%| O|  |TAMS 0x0000000085100000, 0x0000000085200000| Untracked 
|  16|0x0000000085200000, 0x0000000085200000, 0x0000000085300000|  0%| F|  |TAMS 0x0000000085200000, 0x0000000085200000| Untracked 
|  17|0x0000000085300000, 0x00000000853ada28, 0x0000000085400000| 67%| S|CS|TAMS 0x0000000085300000, 0x0000000085300000| Complete 
|  18|0x0000000085400000, 0x0000000085500000, 0x0000000085500000|100%| S|CS|TAMS 0x0000000085400000, 0x0000000085400000| Complete 
|  19|0x0000000085500000, 0x0000000085500000, 0x0000000085600000|  0%| F|  |TAMS 0x0000000085500000, 0x0000000085500000| Untracked 
|  20|0x0000000085600000, 0x0000000085600000, 0x0000000085700000|  0%| F|  |TAMS 0x0000000085600000, 0x0000000085600000| Untracked 
|  21|0x0000000085700000, 0x0000000085700000, 0x0000000085800000|  0%| F|  |TAMS 0x0000000085700000, 0x0000000085700000| Untracked 
|  22|0x0000000085800000, 0x0000000085800000, 0x0000000085900000|  0%| F|  |TAMS 0x0000000085800000, 0x0000000085800000| Untracked 
|  23|0x0000000085900000, 0x0000000085900000, 0x0000000085a00000|  0%| F|  |TAMS 0x0000000085900000, 0x0000000085900000| Untracked 
|  24|0x0000000085a00000, 0x0000000085b00000, 0x0000000085b00000|100%|HS|  |TAMS 0x0000000085a00000, 0x0000000085b00000| Complete 
|  25|0x0000000085b00000, 0x0000000085c00000, 0x0000000085c00000|100%|HC|  |TAMS 0x0000000085b00000, 0x0000000085c00000| Complete 
|  26|0x0000000085c00000, 0x0000000085d00000, 0x0000000085d00000|100%|HC|  |TAMS 0x0000000085c00000, 0x0000000085d00000| Complete 
|  27|0x0000000085d00000, 0x0000000085e00000, 0x0000000085e00000|100%|HC|  |TAMS 0x0000000085d00000, 0x0000000085e00000| Complete 
|  28|0x0000000085e00000, 0x0000000085f00000, 0x0000000085f00000|100%|HC|  |TAMS 0x0000000085e00000, 0x0000000085f00000| Complete 
|  29|0x0000000085f00000, 0x0000000086000000, 0x0000000086000000|100%|HC|  |TAMS 0x0000000085f00000, 0x0000000086000000| Complete 
|  30|0x0000000086000000, 0x0000000086100000, 0x0000000086100000|100%|HC|  |TAMS 0x0000000086000000, 0x0000000086100000| Complete 
|  31|0x0000000086100000, 0x0000000086200000, 0x0000000086200000|100%|HC|  |TAMS 0x0000000086100000, 0x0000000086200000| Complete 
|  32|0x0000000086200000, 0x0000000086300000, 0x0000000086300000|100%|HC|  |TAMS 0x0000000086200000, 0x0000000086300000| Complete 
|  33|0x0000000086300000, 0x0000000086400000, 0x0000000086400000|100%|HC|  |TAMS 0x0000000086300000, 0x0000000086400000| Complete 
|  34|0x0000000086400000, 0x0000000086500000, 0x0000000086500000|100%|HC|  |TAMS 0x0000000086400000, 0x0000000086500000| Complete 
|  35|0x0000000086500000, 0x0000000086600000, 0x0000000086600000|100%|HC|  |TAMS 0x0000000086500000, 0x0000000086600000| Complete 
|  36|0x0000000086600000, 0x0000000086700000, 0x0000000086700000|100%|HC|  |TAMS 0x0000000086600000, 0x0000000086700000| Complete 
|  37|0x0000000086700000, 0x0000000086800000, 0x0000000086800000|100%|HC|  |TAMS 0x0000000086700000, 0x0000000086800000| Complete 
|  38|0x0000000086800000, 0x0000000086900000, 0x0000000086900000|100%|HC|  |TAMS 0x0000000086800000, 0x0000000086900000| Complete 
|  39|0x0000000086900000, 0x0000000086a00000, 0x0000000086a00000|100%|HC|  |TAMS 0x0000000086900000, 0x0000000086a00000| Complete 
|  40|0x0000000086a00000, 0x0000000086b00000, 0x0000000086b00000|100%|HC|  |TAMS 0x0000000086a00000, 0x0000000086b00000| Complete 
|  96|0x000000008a200000, 0x000000008a200000, 0x000000008a300000|  0%| F|  |TAMS 0x000000008a200000, 0x000000008a200000| Untracked 
|  97|0x000000008a300000, 0x000000008a300000, 0x000000008a400000|  0%| F|  |TAMS 0x000000008a300000, 0x000000008a300000| Untracked 
| 101|0x000000008a700000, 0x000000008a700000, 0x000000008a800000|  0%| F|  |TAMS 0x000000008a700000, 0x000000008a700000| Untracked 
| 123|0x000000008bd00000, 0x000000008bd00000, 0x000000008be00000|  0%| F|  |TAMS 0x000000008bd00000, 0x000000008bd00000| Untracked 

Card table byte_map: [0x000001fecfb30000,0x000001fecff10000] _byte_map_base: 0x000001fecf70f000

Marking Bits (Prev, Next): (CMBitMap*) 0x000001febcdc9e70, (CMBitMap*) 0x000001febcdc9e30
 Prev Bits: [0x000001fed21f0000, 0x000001fed40e8000)
 Next Bits: [0x000001fed02f0000, 0x000001fed21e8000)

Polling page: 0x000001febc540000

Metaspace:

Usage:
  Non-class:     30.81 MB used.
      Class:      4.07 MB used.
       Both:     34.87 MB used.

Virtual space:
  Non-class space:       32.00 MB reserved,      30.94 MB ( 97%) committed,  4 nodes.
      Class space:        1.00 GB reserved,       4.19 MB ( <1%) committed,  1 nodes.
             Both:        1.03 GB reserved,      35.12 MB (  3%) committed. 

Chunk freelists:
   Non-Class:  160.00 KB
       Class:  3.77 MB
        Both:  3.92 MB

MaxMetaspaceSize: unlimited
CompressedClassSpaceSize: 1.00 GB
Initial GC threshold: 21.00 MB
Current GC threshold: 35.12 MB
CDS: off
MetaspaceReclaimPolicy: balanced
 - commit_granule_bytes: 65536.
 - commit_granule_words: 8192.
 - virtual_space_node_default_size: 1048576.
 - enlarge_chunks_in_place: 1.
 - new_chunks_are_fully_committed: 0.
 - uncommit_free_chunks: 1.
 - use_allocation_guard: 0.
 - handle_deallocations: 1.


Internal statistics:

num_allocs_failed_limit: 6.
num_arena_births: 276.
num_arena_deaths: 0.
num_vsnodes_births: 5.
num_vsnodes_deaths: 0.
num_space_committed: 562.
num_space_uncommitted: 0.
num_chunks_returned_to_freelist: 6.
num_chunks_taken_from_freelist: 990.
num_chunk_merges: 0.
num_chunk_splits: 680.
num_chunks_enlarged: 539.
num_purges: 0.
num_inconsistent_stats: 0.

CodeHeap 'non-profiled nmethods': size=120000Kb used=1307Kb max_used=1307Kb free=118692Kb
 bounds [0x000001fec7ef0000, 0x000001fec8160000, 0x000001fecf420000]
CodeHeap 'profiled nmethods': size=120000Kb used=5042Kb max_used=5042Kb free=114957Kb
 bounds [0x000001fec09c0000, 0x000001fec0eb0000, 0x000001fec7ef0000]
CodeHeap 'non-nmethods': size=5760Kb used=1289Kb max_used=1337Kb free=4470Kb
 bounds [0x000001fec0420000, 0x000001fec0690000, 0x000001fec09c0000]
 total_blobs=3214 nmethods=2624 adapters=502
 compilation: enabled
              stopped_count=0, restarted_count=0
 full_count=0

Compilation events (20 events):
Event: 3.760 Thread 0x000001fed748bb40 nmethod 2615 0x000001fec0ea8e10 code [0x000001fec0ea8fc0, 0x000001fec0ea9248]
Event: 3.760 Thread 0x000001fed748bb40 2616       3       java.lang.reflect.Method::isSynthetic (5 bytes)
Event: 3.761 Thread 0x000001fed748bb40 nmethod 2616 0x000001fec0ea9310 code [0x000001fec0ea94c0, 0x000001fec0ea96f8]
Event: 3.761 Thread 0x000001fed748bb40 2614       3       io.cucumber.messages.internal.com.fasterxml.jackson.databind.introspect.AnnotatedMethod::getName (8 bytes)
Event: 3.761 Thread 0x000001fed6b628c0 nmethod 2617 0x000001fec8036510 code [0x000001fec8036680, 0x000001fec8036738]
Event: 3.761 Thread 0x000001fed748bb40 nmethod 2614 0x000001fec0ea9810 code [0x000001fec0ea99a0, 0x000001fec0ea9ad8]
Event: 3.761 Thread 0x000001fed748bb40 2618       1       java.lang.reflect.Constructor::getSignature (5 bytes)
Event: 3.761 Thread 0x000001fed748bb40 nmethod 2618 0x000001fec8036810 code [0x000001fec80369a0, 0x000001fec8036a78]
Event: 3.761 Thread 0x000001fed748bb40 2620       3       io.cucumber.messages.internal.com.fasterxml.jackson.databind.introspect.POJOPropertyBuilder::_anyVisible (23 bytes)
Event: 3.761 Thread 0x000001fed748bb40 nmethod 2620 0x000001fec0ea9b90 code [0x000001fec0ea9d40, 0x000001fec0ea9f78]
Event: 3.761 Thread 0x000001fed748bb40 2621       3       io.cucumber.messages.internal.com.fasterxml.jackson.databind.introspect.JacksonAnnotationIntrospector::findInjectableValue (94 bytes)
Event: 3.763 Thread 0x000001fed748bb40 nmethod 2621 0x000001fec0eaa090 code [0x000001fec0eaa3c0, 0x000001fec0eab948]
Event: 3.763 Thread 0x000001fed748bb40 2622       3       java.nio.Buffer::flip (20 bytes)
Event: 3.763 Thread 0x000001fed748bb40 nmethod 2622 0x000001fec0eabf90 code [0x000001fec0eac120, 0x000001fec0eac238]
Event: 3.763 Thread 0x000001fed748bb40 2619       1       sun.reflect.generics.repository.AbstractRepository::getFactory (5 bytes)
Event: 3.763 Thread 0x000001fed748bb40 nmethod 2619 0x000001fec8036b10 code [0x000001fec8036ca0, 0x000001fec8036d78]
Event: 3.763 Thread 0x000001fed748bb40 2623       3       java.lang.invoke.LambdaFormEditor$Transform::equals (32 bytes)
Event: 3.764 Thread 0x000001fed748bb40 nmethod 2623 0x000001fec0eac310 code [0x000001fec0eac4c0, 0x000001fec0eac6a8]
Event: 3.764 Thread 0x000001fed748bb40 2624       3       java.lang.invoke.LambdaFormEditor$TransformKey::inRange (36 bytes)
Event: 3.764 Thread 0x000001fed748bb40 nmethod 2624 0x000001fec0eac790 code [0x000001fec0eac920, 0x000001fec0eaca78]

GC Heap History (13 events):
Event: 0.731 GC heap before
{Heap before GC invocations=0 (full 0):
 garbage-first heap   total 126976K, used 22528K [0x0000000084200000, 0x0000000100000000)
  region size 1024K, 23 young (23552K), 0 survivors (0K)
 Metaspace       used 14911K, committed 15104K, reserved 1064960K
  class space    used 1490K, committed 1536K, reserved 1048576K
}
Event: 0.738 GC heap after
{Heap after GC invocations=1 (full 0):
 garbage-first heap   total 126976K, used 5543K [0x0000000084200000, 0x0000000100000000)
  region size 1024K, 3 young (3072K), 3 survivors (3072K)
 Metaspace       used 14911K, committed 15104K, reserved 1064960K
  class space    used 1490K, committed 1536K, reserved 1048576K
}
Event: 1.109 GC heap before
{Heap before GC invocations=1 (full 0):
 garbage-first heap   total 126976K, used 27047K [0x0000000084200000, 0x0000000100000000)
  region size 1024K, 25 young (25600K), 3 survivors (3072K)
 Metaspace       used 21286K, committed 21504K, reserved 1073152K
  class space    used 2250K, committed 2368K, reserved 1048576K
}
Event: 1.114 GC heap after
{Heap after GC invocations=2 (full 0):
 garbage-first heap   total 126976K, used 8071K [0x0000000084200000, 0x0000000100000000)
  region size 1024K, 3 young (3072K), 3 survivors (3072K)
 Metaspace       used 21286K, committed 21504K, reserved 1073152K
  class space    used 2250K, committed 2368K, reserved 1048576K
}
Event: 1.413 GC heap before
{Heap before GC invocations=3 (full 0):
 garbage-first heap   total 34816K, used 25479K [0x0000000084200000, 0x0000000100000000)
  region size 1024K, 21 young (21504K), 3 survivors (3072K)
 Metaspace       used 26529K, committed 26752K, reserved 1073152K
  class space    used 2896K, committed 3008K, reserved 1048576K
}
Event: 1.417 GC heap after
{Heap after GC invocations=4 (full 0):
 garbage-first heap   total 34816K, used 10723K [0x0000000084200000, 0x0000000100000000)
  region size 1024K, 5 young (5120K), 5 survivors (5120K)
 Metaspace       used 26529K, committed 26752K, reserved 1073152K
  class space    used 2896K, committed 3008K, reserved 1048576K
}
Event: 1.438 GC heap before
{Heap before GC invocations=4 (full 0):
 garbage-first heap   total 34816K, used 11747K [0x0000000084200000, 0x0000000100000000)
  region size 1024K, 6 young (6144K), 5 survivors (5120K)
 Metaspace       used 27359K, committed 27520K, reserved 1073152K
  class space    used 2989K, committed 3072K, reserved 1048576K
}
Event: 1.442 GC heap after
{Heap after GC invocations=5 (full 0):
 garbage-first heap   total 34816K, used 10865K [0x0000000084200000, 0x0000000100000000)
  region size 1024K, 1 young (1024K), 1 survivors (1024K)
 Metaspace       used 27359K, committed 27520K, reserved 1073152K
  class space    used 2989K, committed 3072K, reserved 1048576K
}
Event: 1.707 GC heap before
{Heap before GC invocations=5 (full 0):
 garbage-first heap   total 34816K, used 23153K [0x0000000084200000, 0x0000000100000000)
  region size 1024K, 14 young (14336K), 1 survivors (1024K)
 Metaspace       used 31621K, committed 31872K, reserved 1081344K
  class space    used 3570K, committed 3712K, reserved 1048576K
}
Event: 1.710 GC heap after
{Heap after GC invocations=6 (full 0):
 garbage-first heap   total 34816K, used 11626K [0x0000000084200000, 0x0000000100000000)
  region size 1024K, 2 young (2048K), 2 survivors (2048K)
 Metaspace       used 31621K, committed 31872K, reserved 1081344K
  class space    used 3570K, committed 3712K, reserved 1048576K
}
Event: 1.899 GC heap before
{Heap before GC invocations=6 (full 0):
 garbage-first heap   total 34816K, used 20842K [0x0000000084200000, 0x0000000100000000)
  region size 1024K, 12 young (12288K), 2 survivors (2048K)
 Metaspace       used 33987K, committed 34240K, reserved 1081344K
  class space    used 3898K, committed 3968K, reserved 1048576K
}
Event: 1.901 GC heap after
{Heap after GC invocations=7 (full 0):
 garbage-first heap   total 34816K, used 12247K [0x0000000084200000, 0x0000000100000000)
  region size 1024K, 1 young (1024K), 1 survivors (1024K)
 Metaspace       used 33987K, committed 34240K, reserved 1081344K
  class space    used 3898K, committed 3968K, reserved 1048576K
}
Event: 3.766 GC heap before
{Heap before GC invocations=7 (full 0):
 garbage-first heap   total 46080K, used 36823K [0x0000000084200000, 0x0000000100000000)
  region size 1024K, 9 young (9216K), 1 survivors (1024K)
 Metaspace       used 35711K, committed 35968K, reserved 1081344K
  class space    used 4166K, committed 4288K, reserved 1048576K
}

Deoptimization events (20 events):
Event: 1.591 Thread 0x000001fed88a5730 Uncommon trap: trap_request=0xffffffc6 fr.pc=0x000001fec7f9eb44 relative=0x0000000000001da4
Event: 1.591 Thread 0x000001fed88a5730 Uncommon trap: reason=bimorphic_or_optimized_type_check action=maybe_recompile pc=0x000001fec7f9eb44 method=java.net.URL.<init>(Ljava/net/URL;Ljava/lang/String;Ljava/net/URLStreamHandler;)V @ 504 c2
Event: 1.591 Thread 0x000001fed88a5730 DEOPT PACKING pc=0x000001fec7f9eb44 sp=0x000000764e2fed30
Event: 1.591 Thread 0x000001fed88a5730 DEOPT UNPACKING pc=0x000001fec0475c23 sp=0x000000764e2fecb0 mode 2
Event: 1.602 Thread 0x000001fed8d171a0 Uncommon trap: trap_request=0xffffff45 fr.pc=0x000001fec7fc7e78 relative=0x00000000000000d8
Event: 1.602 Thread 0x000001fed8d171a0 Uncommon trap: reason=unstable_if action=reinterpret pc=0x000001fec7fc7e78 method=java.lang.CharacterDataLatin1.digit(II)I @ 12 c2
Event: 1.602 Thread 0x000001fed8d171a0 DEOPT PACKING pc=0x000001fec7fc7e78 sp=0x000000764e4fe9d0
Event: 1.602 Thread 0x000001fed8d171a0 DEOPT UNPACKING pc=0x000001fec0475c23 sp=0x000000764e4fe888 mode 2
Event: 1.617 Thread 0x000001fed8d171a0 Uncommon trap: trap_request=0xffffff45 fr.pc=0x000001fec7fc7ac8 relative=0x00000000000000a8
Event: 1.617 Thread 0x000001fed8d171a0 Uncommon trap: reason=unstable_if action=reinterpret pc=0x000001fec7fc7ac8 method=java.lang.CharacterDataLatin1.digit(II)I @ 12 c2
Event: 1.617 Thread 0x000001fed8d171a0 DEOPT PACKING pc=0x000001fec7fc7ac8 sp=0x000000764e4fe920
Event: 1.617 Thread 0x000001fed8d171a0 DEOPT UNPACKING pc=0x000001fec0475c23 sp=0x000000764e4fe898 mode 2
Event: 3.758 Thread 0x000001febcd6de50 Uncommon trap: trap_request=0xffffff45 fr.pc=0x000001fec80332fc relative=0x00000000000002dc
Event: 3.758 Thread 0x000001febcd6de50 Uncommon trap: reason=unstable_if action=reinterpret pc=0x000001fec80332fc method=java.util.HashMap.getNode(Ljava/lang/Object;)Ljava/util/HashMap$Node; @ 66 c2
Event: 3.758 Thread 0x000001febcd6de50 DEOPT PACKING pc=0x000001fec80332fc sp=0x000000764c1fdc60
Event: 3.758 Thread 0x000001febcd6de50 DEOPT UNPACKING pc=0x000001fec0475c23 sp=0x000000764c1fdb70 mode 2
Event: 3.758 Thread 0x000001febcd6de50 Uncommon trap: trap_request=0xffffff45 fr.pc=0x000001fec7fa6e90 relative=0x0000000000000250
Event: 3.758 Thread 0x000001febcd6de50 Uncommon trap: reason=unstable_if action=reinterpret pc=0x000001fec7fa6e90 method=java.util.HashMap.getNode(Ljava/lang/Object;)Ljava/util/HashMap$Node; @ 66 c2
Event: 3.758 Thread 0x000001febcd6de50 DEOPT PACKING pc=0x000001fec7fa6e90 sp=0x000000764c1fdbe0
Event: 3.758 Thread 0x000001febcd6de50 DEOPT UNPACKING pc=0x000001fec0475c23 sp=0x000000764c1fdb70 mode 2

Classes unloaded (0 events):
No events

Classes redefined (0 events):
No events

Internal exceptions (20 events):
Event: 1.550 Thread 0x000001febcd6de50 Exception <a 'java/lang/NoSuchMethodError'{0x0000000085b5bb80}: 'void java.lang.invoke.DirectMethodHandle$Holder.invokeInterface(java.lang.Object, java.lang.Object, java.lang.Object)'> (0x0000000085b5bb80) 
thrown [e:\jenkins\tmp\workspace\build\src\src\hotspot\share\interpreter\linkResolver.cpp, line 766]
Event: 1.551 Thread 0x000001febcd6de50 Exception <a 'java/lang/NoSuchMethodError'{0x0000000085b65078}: 'java.lang.Object java.lang.invoke.DirectMethodHandle$Holder.invokeVirtual(java.lang.Object, java.lang.Object, java.lang.Object)'> (0x0000000085b65078) 
thrown [e:\jenkins\tmp\workspace\build\src\src\hotspot\share\interpreter\linkResolver.cpp, line 766]
Event: 1.596 Thread 0x000001fed8a9a460 Exception <a 'java/lang/NoSuchMethodError'{0x0000000085996770}: 'void java.lang.invoke.DirectMethodHandle$Holder.invokeStatic(java.lang.Object, long)'> (0x0000000085996770) 
thrown [e:\jenkins\tmp\workspace\build\src\src\hotspot\share\interpreter\linkResolver.cpp, line 766]
Event: 1.597 Thread 0x000001fed8a9a460 Exception <a 'java/lang/NoSuchMethodError'{0x000000008599bb18}: 'java.lang.Object java.lang.invoke.DirectMethodHandle$Holder.newInvokeSpecial(java.lang.Object, long)'> (0x000000008599bb18) 
thrown [e:\jenkins\tmp\workspace\build\src\src\hotspot\share\interpreter\linkResolver.cpp, line 766]
Event: 1.598 Thread 0x000001fed8a9a460 Exception <a 'java/lang/NoSuchMethodError'{0x00000000859d26b0}: 'java.lang.Object java.lang.invoke.DirectMethodHandle$Holder.invokeStaticInit(java.lang.Object, java.lang.Object, long, java.lang.Object)'> (0x00000000859d26b0) 
thrown [e:\jenkins\tmp\workspace\build\src\src\hotspot\share\interpreter\linkResolver.cpp, line 766]
Event: 1.599 Thread 0x000001fed8a9a460 Exception <a 'java/lang/NoSuchMethodError'{0x00000000859d8738}: 'java.lang.Object java.lang.invoke.DirectMethodHandle$Holder.newInvokeSpecial(java.lang.Object, java.lang.Object, long)'> (0x00000000859d8738) 
thrown [e:\jenkins\tmp\workspace\build\src\src\hotspot\share\interpreter\linkResolver.cpp, line 766]
Event: 1.599 Thread 0x000001fed8a9a460 Exception <a 'java/lang/NoSuchMethodError'{0x00000000859dc2a8}: 'java.lang.Object java.lang.invoke.Invokers$Holder.linkToTargetMethod(java.lang.Object, long, java.lang.Object)'> (0x00000000859dc2a8) 
thrown [e:\jenkins\tmp\workspace\build\src\src\hotspot\share\interpreter\linkResolver.cpp, line 766]
Event: 1.602 Thread 0x000001fed8d171a0 Exception <a 'java/net/ConnectException'{0x00000000859baf28}: Connection refused: no further information> (0x00000000859baf28) 
thrown [e:\jenkins\tmp\workspace\build\src\src\hotspot\share\prims\jni.cpp, line 535]
Event: 1.602 Thread 0x000001fed8d171a0 Exception <a 'java/net/SocketException'{0x00000000859bb260}: Socket is not connected: shutdown> (0x00000000859bb260) 
thrown [e:\jenkins\tmp\workspace\build\src\src\hotspot\share\prims\jni.cpp, line 535]
Event: 1.617 Thread 0x000001fed8d171a0 Exception <a 'java/net/ConnectException'{0x00000000859bc2c8}: Connection refused: no further information> (0x00000000859bc2c8) 
thrown [e:\jenkins\tmp\workspace\build\src\src\hotspot\share\prims\jni.cpp, line 535]
Event: 1.617 Thread 0x000001fed8d171a0 Exception <a 'java/net/SocketException'{0x00000000859bc600}: Socket is not connected: shutdown> (0x00000000859bc600) 
thrown [e:\jenkins\tmp\workspace\build\src\src\hotspot\share\prims\jni.cpp, line 535]
Event: 1.660 Thread 0x000001febcd6de50 Exception <a 'java/lang/NoSuchMethodError'{0x0000000085877a60}: 'double java.lang.invoke.DirectMethodHandle$Holder.invokeVirtual(java.lang.Object, java.lang.Object)'> (0x0000000085877a60) 
thrown [e:\jenkins\tmp\workspace\build\src\src\hotspot\share\interpreter\linkResolver.cpp, line 766]
Event: 1.661 Thread 0x000001febcd6de50 Exception <a 'java/lang/NoSuchMethodError'{0x000000008587e2c0}: 'float java.lang.invoke.DirectMethodHandle$Holder.invokeVirtual(java.lang.Object, java.lang.Object)'> (0x000000008587e2c0) 
thrown [e:\jenkins\tmp\workspace\build\src\src\hotspot\share\interpreter\linkResolver.cpp, line 766]
Event: 1.661 Thread 0x000001febcd6de50 Exception <a 'java/lang/NoSuchMethodError'{0x0000000085887548}: 'long java.lang.invoke.DirectMethodHandle$Holder.invokeVirtual(java.lang.Object, java.lang.Object)'> (0x0000000085887548) 
thrown [e:\jenkins\tmp\workspace\build\src\src\hotspot\share\interpreter\linkResolver.cpp, line 766]
Event: 1.684 Thread 0x000001febcd6de50 Exception <a 'java/lang/NoSuchMethodError'{0x00000000857cbcf0}: 'void java.lang.invoke.DirectMethodHandle$Holder.invokeStatic(java.lang.Object, java.lang.Object, int)'> (0x00000000857cbcf0) 
thrown [e:\jenkins\tmp\workspace\build\src\src\hotspot\share\interpreter\linkResolver.cpp, line 766]
Event: 1.718 Thread 0x000001febcd6de50 Exception <a 'java/lang/NoSuchMethodError'{0x000000008bd4c3f0}: 'int java.lang.invoke.DirectMethodHandle$Holder.invokeSpecialIFC(java.lang.Object, java.lang.Object, java.lang.Object)'> (0x000000008bd4c3f0) 
thrown [e:\jenkins\tmp\workspace\build\src\src\hotspot\share\interpreter\linkResolver.cpp, line 766]
Event: 1.792 Thread 0x000001febcd6de50 Exception <a 'java/lang/NoSuchMethodError'{0x000000008a2a50f0}: 'void java.lang.invoke.DirectMethodHandle$Holder.invokeSpecial(java.lang.Object, java.lang.Object, java.lang.Object, java.lang.Object, java.lang.Object, java.lang.Object)'> (0x000000008a2a50f0) 
thrown [e:\jenkins\tmp\workspace\build\src\src\hotspot\share\interpreter\linkResolver.cpp, line 766]
Event: 2.633 Thread 0x000001febcd6de50 Exception <a 'java/lang/NoSuchMethodError'{0x000000008a386b28}: 'java.lang.Object java.lang.invoke.DirectMethodHandle$Holder.invokeSpecialIFC(java.lang.Object, java.lang.Object, java.lang.Object)'> (0x000000008a386b28) 
thrown [e:\jenkins\tmp\workspace\build\src\src\hotspot\share\interpreter\linkResolver.cpp, line 766]
Event: 2.646 Thread 0x000001febcd6de50 Exception <a 'java/lang/ClassNotFoundException'{0x000000008a248488}: sun/util/logging/resources/spi/loggingProvider> (0x000000008a248488) 
thrown [e:\jenkins\tmp\workspace\build\src\src\hotspot\share\classfile\systemDictionary.cpp, line 256]
Event: 3.719 Thread 0x000001febcd6de50 Exception <a 'java/lang/reflect/InvocationTargetException'{0x0000000085796550}> (0x0000000085796550) 
thrown [e:\jenkins\tmp\workspace\build\src\src\hotspot\share\runtime\reflection.cpp, line 1121]

VM Operations (20 events):
Event: 1.324 Executing VM operation: HandshakeAllThreads done
Event: 1.412 Executing VM operation: G1CollectForAllocation
Event: 1.417 Executing VM operation: G1CollectForAllocation done
Event: 1.438 Executing VM operation: G1CollectForAllocation
Event: 1.442 Executing VM operation: G1CollectForAllocation done
Event: 1.650 Executing VM operation: HandshakeAllThreads
Event: 1.650 Executing VM operation: HandshakeAllThreads done
Event: 1.651 Executing VM operation: HandshakeAllThreads
Event: 1.651 Executing VM operation: HandshakeAllThreads done
Event: 1.652 Executing VM operation: HandshakeAllThreads
Event: 1.652 Executing VM operation: HandshakeAllThreads done
Event: 1.707 Executing VM operation: G1CollectForAllocation
Event: 1.710 Executing VM operation: G1CollectForAllocation done
Event: 1.744 Executing VM operation: HandshakeAllThreads
Event: 1.744 Executing VM operation: HandshakeAllThreads done
Event: 1.899 Executing VM operation: G1TryInitiateConcMark
Event: 1.901 Executing VM operation: G1TryInitiateConcMark done
Event: 2.907 Executing VM operation: Cleanup
Event: 2.907 Executing VM operation: Cleanup done
Event: 3.766 Executing VM operation: CollectForMetadataAllocation

Events (20 events):
Event: 3.749 loading class org/w3c/dom/Text done
Event: 3.749 loading class org/w3c/dom/CDATASection done
Event: 3.749 loading class com/sun/org/apache/xerces/internal/dom/TextImpl
Event: 3.749 loading class com/sun/org/apache/xerces/internal/dom/CharacterDataImpl
Event: 3.749 loading class com/sun/org/apache/xerces/internal/dom/CharacterDataImpl done
Event: 3.749 loading class com/sun/org/apache/xerces/internal/dom/TextImpl done
Event: 3.749 loading class com/sun/org/apache/xerces/internal/dom/CDATASectionImpl done
Event: 3.749 loading class com/sun/org/apache/xerces/internal/dom/CharacterDataImpl$1
Event: 3.749 loading class com/sun/org/apache/xerces/internal/dom/CharacterDataImpl$1 done
Event: 3.762 loading class com/sun/org/apache/xerces/internal/dom/DeepNodeListImpl
Event: 3.762 loading class com/sun/org/apache/xerces/internal/dom/DeepNodeListImpl done
Event: 3.763 loading class javax/xml/transform/TransformerFactory
Event: 3.763 loading class javax/xml/transform/TransformerFactory done
Event: 3.763 loading class javax/xml/transform/FactoryFinder
Event: 3.763 loading class javax/xml/transform/FactoryFinder done
Event: 3.764 loading class javax/xml/transform/FactoryFinder$1
Event: 3.764 loading class javax/xml/transform/FactoryFinder$1 done
Event: 3.764 loading class com/sun/org/apache/xalan/internal/xsltc/trax/TransformerFactoryImpl
Event: 3.765 loading class com/sun/org/apache/xalan/internal/xsltc/compiler/SourceLoader
Event: 3.765 loading class com/sun/org/apache/xalan/internal/xsltc/compiler/SourceLoader done


Dynamic libraries:
0x00007ff636fd0000 - 0x00007ff636fde000 	C:\Users\DELL\Downloads\eclipse\plugins\org.eclipse.justj.openjdk.hotspot.jre.full.win32.x86_64_17.0.3.v20220515-1416\jre\bin\javaw.exe
0x00007ffee2690000 - 0x00007ffee2888000 	C:\Windows\SYSTEM32\ntdll.dll
0x00007ffee0e10000 - 0x00007ffee0ecd000 	C:\Windows\System32\KERNEL32.DLL
0x00007ffedfdb0000 - 0x00007ffee007e000 	C:\Windows\System32\KERNELBASE.dll
0x00007ffee0370000 - 0x00007ffee0470000 	C:\Windows\System32\ucrtbase.dll
0x00007ffed1a20000 - 0x00007ffed1a39000 	C:\Users\DELL\Downloads\eclipse\plugins\org.eclipse.justj.openjdk.hotspot.jre.full.win32.x86_64_17.0.3.v20220515-1416\jre\bin\VCRUNTIME140.dll
0x00007ffed49d0000 - 0x00007ffed49e8000 	C:\Users\DELL\Downloads\eclipse\plugins\org.eclipse.justj.openjdk.hotspot.jre.full.win32.x86_64_17.0.3.v20220515-1416\jre\bin\jli.dll
0x00007ffee24b0000 - 0x00007ffee2650000 	C:\Windows\System32\USER32.dll
0x00007ffee0340000 - 0x00007ffee0362000 	C:\Windows\System32\win32u.dll
0x00007ffecc760000 - 0x00007ffecc9fa000 	C:\Windows\WinSxS\amd64_microsoft.windows.common-controls_6595b64144ccf1df_6.0.19041.1110_none_60b5254171f9507e\COMCTL32.dll
0x00007ffee1cd0000 - 0x00007ffee1cfa000 	C:\Windows\System32\GDI32.dll
0x00007ffee1260000 - 0x00007ffee12fe000 	C:\Windows\System32\msvcrt.dll
0x00007ffee0470000 - 0x00007ffee057b000 	C:\Windows\System32\gdi32full.dll
0x00007ffee0230000 - 0x00007ffee02cd000 	C:\Windows\System32\msvcp_win.dll
0x00007ffee1eb0000 - 0x00007ffee1ee0000 	C:\Windows\System32\IMM32.DLL
0x00007ffed4f60000 - 0x00007ffed4f6c000 	C:\Users\DELL\Downloads\eclipse\plugins\org.eclipse.justj.openjdk.hotspot.jre.full.win32.x86_64_17.0.3.v20220515-1416\jre\bin\vcruntime140_1.dll
0x00007ffed1020000 - 0x00007ffed10b1000 	C:\Users\DELL\Downloads\eclipse\plugins\org.eclipse.justj.openjdk.hotspot.jre.full.win32.x86_64_17.0.3.v20220515-1416\jre\bin\msvcp140.dll
0x00007ffe78f40000 - 0x00007ffe79b88000 	C:\Users\DELL\Downloads\eclipse\plugins\org.eclipse.justj.openjdk.hotspot.jre.full.win32.x86_64_17.0.3.v20220515-1416\jre\bin\server\jvm.dll
0x00007ffee1c20000 - 0x00007ffee1cce000 	C:\Windows\System32\ADVAPI32.dll
0x00007ffee20b0000 - 0x00007ffee214c000 	C:\Windows\System32\sechost.dll
0x00007ffee0ed0000 - 0x00007ffee0ff5000 	C:\Windows\System32\RPCRT4.dll
0x00007ffee0d70000 - 0x00007ffee0d78000 	C:\Windows\System32\PSAPI.DLL
0x00007ffec4d80000 - 0x00007ffec4da7000 	C:\Windows\SYSTEM32\WINMM.dll
0x00007ffed4270000 - 0x00007ffed427a000 	C:\Windows\SYSTEM32\VERSION.dll
0x00007ffedb420000 - 0x00007ffedb429000 	C:\Windows\SYSTEM32\WSOCK32.dll
0x00007ffee1bb0000 - 0x00007ffee1c1b000 	C:\Windows\System32\WS2_32.dll
0x00007ffede640000 - 0x00007ffede652000 	C:\Windows\SYSTEM32\kernel.appcore.dll
0x00007ffed7830000 - 0x00007ffed783a000 	C:\Users\DELL\Downloads\eclipse\plugins\org.eclipse.justj.openjdk.hotspot.jre.full.win32.x86_64_17.0.3.v20220515-1416\jre\bin\jimage.dll
0x00007ffeddb90000 - 0x00007ffeddd74000 	C:\Windows\SYSTEM32\DBGHELP.DLL
0x00007ffecbba0000 - 0x00007ffecbbcc000 	C:\Windows\SYSTEM32\dbgcore.DLL
0x00007ffee0660000 - 0x00007ffee06e2000 	C:\Windows\System32\bcryptPrimitives.dll
0x00007ffed6af0000 - 0x00007ffed6b15000 	C:\Users\DELL\Downloads\eclipse\plugins\org.eclipse.justj.openjdk.hotspot.jre.full.win32.x86_64_17.0.3.v20220515-1416\jre\bin\java.dll
0x00007ffed7770000 - 0x00007ffed7788000 	C:\Users\DELL\Downloads\eclipse\plugins\org.eclipse.justj.openjdk.hotspot.jre.full.win32.x86_64_17.0.3.v20220515-1416\jre\bin\zip.dll
0x00007ffee1300000 - 0x00007ffee1a44000 	C:\Windows\System32\SHELL32.dll
0x00007ffedde90000 - 0x00007ffede624000 	C:\Windows\SYSTEM32\windows.storage.dll
0x00007ffee2150000 - 0x00007ffee24a4000 	C:\Windows\System32\combase.dll
0x00007ffedf810000 - 0x00007ffedf840000 	C:\Windows\SYSTEM32\Wldp.dll
0x00007ffee1ee0000 - 0x00007ffee1f8d000 	C:\Windows\System32\SHCORE.dll
0x00007ffee06f0000 - 0x00007ffee0745000 	C:\Windows\System32\shlwapi.dll
0x00007ffedfcf0000 - 0x00007ffedfd0f000 	C:\Windows\SYSTEM32\profapi.dll
0x00007ffed51c0000 - 0x00007ffed51d9000 	C:\Users\DELL\Downloads\eclipse\plugins\org.eclipse.justj.openjdk.hotspot.jre.full.win32.x86_64_17.0.3.v20220515-1416\jre\bin\net.dll
0x00007ffedacb0000 - 0x00007ffedadba000 	C:\Windows\SYSTEM32\WINHTTP.dll
0x00007ffedf570000 - 0x00007ffedf5da000 	C:\Windows\system32\mswsock.dll
0x00007ffed51a0000 - 0x00007ffed51b5000 	C:\Users\DELL\Downloads\eclipse\plugins\org.eclipse.justj.openjdk.hotspot.jre.full.win32.x86_64_17.0.3.v20220515-1416\jre\bin\nio.dll
0x00007ffedf210000 - 0x00007ffedf24b000 	C:\Windows\SYSTEM32\IPHLPAPI.DLL
0x00007ffee11a0000 - 0x00007ffee11a8000 	C:\Windows\System32\NSI.dll
0x00007ffed6c30000 - 0x00007ffed6c47000 	C:\Windows\SYSTEM32\dhcpcsvc6.DLL
0x00007ffed82c0000 - 0x00007ffed82dd000 	C:\Windows\SYSTEM32\dhcpcsvc.DLL
0x00007ffedf250000 - 0x00007ffedf31a000 	C:\Windows\SYSTEM32\DNSAPI.dll
0x00007ffed5d50000 - 0x00007ffed5d60000 	C:\Users\DELL\Downloads\eclipse\plugins\org.eclipse.justj.openjdk.hotspot.jre.full.win32.x86_64_17.0.3.v20220515-1416\jre\bin\verify.dll
0x00007ffedf760000 - 0x00007ffedf778000 	C:\Windows\SYSTEM32\CRYPTSP.dll
0x00007ffedee80000 - 0x00007ffedeeb4000 	C:\Windows\system32\rsaenh.dll
0x00007ffee0580000 - 0x00007ffee05a7000 	C:\Windows\System32\bcrypt.dll
0x00007ffedfc70000 - 0x00007ffedfc9e000 	C:\Windows\SYSTEM32\USERENV.dll
0x00007ffedf780000 - 0x00007ffedf78c000 	C:\Windows\SYSTEM32\CRYPTBASE.dll
0x00007ffed6a80000 - 0x00007ffed6a8a000 	C:\Windows\System32\rasadhlp.dll
0x00007ffed66d0000 - 0x00007ffed6750000 	C:\Windows\System32\fwpuclnt.dll
0x00007ffed50f0000 - 0x00007ffed50f9000 	C:\Users\DELL\Downloads\eclipse\plugins\org.eclipse.justj.openjdk.hotspot.jre.full.win32.x86_64_17.0.3.v20220515-1416\jre\bin\management.dll
0x00007ffed4d10000 - 0x00007ffed4d1b000 	C:\Users\DELL\Downloads\eclipse\plugins\org.eclipse.justj.openjdk.hotspot.jre.full.win32.x86_64_17.0.3.v20220515-1416\jre\bin\management_ext.dll
0x00007ffed5590000 - 0x00007ffed559e000 	C:\Users\DELL\Downloads\eclipse\plugins\org.eclipse.justj.openjdk.hotspot.jre.full.win32.x86_64_17.0.3.v20220515-1416\jre\bin\sunmscapi.dll
0x00007ffee0080000 - 0x00007ffee01d6000 	C:\Windows\System32\CRYPT32.dll
0x00007ffedf880000 - 0x00007ffedf8a7000 	C:\Windows\SYSTEM32\ncrypt.dll
0x00007ffedf840000 - 0x00007ffedf87b000 	C:\Windows\SYSTEM32\NTASN1.dll
0x00007ffed4aa0000 - 0x00007ffed4aa7000 	C:\Windows\system32\wshunix.dll
0x00007ffec1260000 - 0x00007ffec1277000 	C:\Windows\system32\napinsp.dll
0x00007ffed08d0000 - 0x00007ffed08eb000 	C:\Windows\system32\pnrpnsp.dll
0x00007ffeb7550000 - 0x00007ffeb7565000 	C:\Windows\system32\wshbth.dll
0x00007ffedb2e0000 - 0x00007ffedb2fd000 	C:\Windows\system32\NLAapi.dll
0x00007ffedac80000 - 0x00007ffedac92000 	C:\Windows\System32\winrnr.dll

dbghelp: loaded successfully - version: 4.0.5 - missing functions: none
symbol engine: initialized successfully - sym options: 0x614 - pdb path: .;C:\Users\DELL\Downloads\eclipse\plugins\org.eclipse.justj.openjdk.hotspot.jre.full.win32.x86_64_17.0.3.v20220515-1416\jre\bin;C:\Windows\SYSTEM32;C:\Windows\WinSxS\amd64_microsoft.windows.common-controls_6595b64144ccf1df_6.0.19041.1110_none_60b5254171f9507e;C:\Users\DELL\Downloads\eclipse\plugins\org.eclipse.justj.openjdk.hotspot.jre.full.win32.x86_64_17.0.3.v20220515-1416\jre\bin\server

VM Arguments:
jvm_args: -ea -Dfile.encoding=UTF-8 -XX:+ShowCodeDetailsInExceptionMessages 
java_command: org.eclipse.jdt.internal.junit.runner.RemoteTestRunner -version 3 -port 61156 -testLoaderClass org.eclipse.jdt.internal.junit4.runner.JUnit4TestLoader -loaderpluginname org.eclipse.jdt.junit4.runtime -classNames testRunner.TestRunner
java_class_path (initial): C:\Users\DELL\git\LearnED_Cucumber\LearnED\target\test-classes;C:\Users\DELL\git\LearnED_Cucumber\LearnED\target\classes;C:\Users\DELL\.m2\repository\junit\junit\4.12\junit-4.12.jar;C:\Users\DELL\.m2\repository\io\cucumber\cucumber-core\7.1.0\cucumber-core-7.1.0.jar;C:\Users\DELL\.m2\repository\io\cucumber\cucumber-gherkin\7.1.0\cucumber-gherkin-7.1.0.jar;C:\Users\DELL\.m2\repository\io\cucumber\cucumber-gherkin-messages\7.1.0\cucumber-gherkin-messages-7.1.0.jar;C:\Users\DELL\.m2\repository\io\cucumber\messages\17.1.1\messages-17.1.1.jar;C:\Users\DELL\.m2\repository\io\cucumber\tag-expressions\4.1.0\tag-expressions-4.1.0.jar;C:\Users\DELL\.m2\repository\io\cucumber\cucumber-expressions\13.0.1\cucumber-expressions-13.0.1.jar;C:\Users\DELL\.m2\repository\io\cucumber\datatable\7.1.0\datatable-7.1.0.jar;C:\Users\DELL\.m2\repository\io\cucumber\cucumber-plugin\7.1.0\cucumber-plugin-7.1.0.jar;C:\Users\DELL\.m2\repository\io\cucumber\docstring\7.1.0\docstring-7.1.0.jar;C:\Users\DELL\.m2\repository\io\cucumber\html-formatter\17.0.0\html-formatter-17.0.0.jar;C:\Users\DELL\.m2\repository\io\cucumber\create-meta\6.0.4\create-meta-6.0.4.jar;C:\Users\DELL\.m2\repository\org\apiguardian\apiguardian-api\1.1.2\apiguardian-api-1.1.2.jar;C:\Users\DELL\.m2\repository\io\cucumber\cucumber-java\7.1.0\cucumber-java-7.1.0.jar;C:\Users\DELL\.m2\repository\io\cucumber\cucumber-html\0.2.7\cucumber-html-0.2.7.jar;C:\Users\DELL\.m2\repository\io\cucumber\cucumber-jvm-deps\1.0.6\cucumber-jvm-deps-1.0.6.jar;C:\Users\DELL\.m2\repository\net\masterthought\cucumber-reporting\5.6.1\cucumber-reporting-5.6.1.jar;C:\Users\DELL\.m2\repository\com\fasterxml\jackson\core\jackson-databind\2.12.1\jackson-databind-2.12.1.jar;C:\Users\DELL\.m2\repository\com\fasterxml\jackson\core\jackson-annotations\2.12.1\jackson-annotations-2.12.1.jar;C:\Users\DELL\.m2\repository\com\fasterxml\jackson\core\jackson-core\2.12.1\jackson-core-2.12.1.jar;C:\Users\DELL\.m2\repository\com\fasterxml\ja
Launcher Type: SUN_STANDARD

[Global flags]
     intx CICompilerCount                          = 4                                         {product} {ergonomic}
     uint ConcGCThreads                            = 2                                         {product} {ergonomic}
     uint G1ConcRefinementThreads                  = 8                                         {product} {ergonomic}
   size_t G1HeapRegionSize                         = 1048576                                   {product} {ergonomic}
    uintx GCDrainStackTargetSize                   = 64                                        {product} {ergonomic}
   size_t InitialHeapSize                          = 130023424                                 {product} {ergonomic}
   size_t MarkStackSize                            = 4194304                                   {product} {ergonomic}
   size_t MaxHeapSize                              = 2078277632                                {product} {ergonomic}
   size_t MaxNewSize                               = 1246756864                                {product} {ergonomic}
   size_t MinHeapDeltaBytes                        = 1048576                                   {product} {ergonomic}
   size_t MinHeapSize                              = 8388608                                   {product} {ergonomic}
    uintx NonNMethodCodeHeapSize                   = 5839372                                {pd product} {ergonomic}
    uintx NonProfiledCodeHeapSize                  = 122909434                              {pd product} {ergonomic}
    uintx ProfiledCodeHeapSize                     = 122909434                              {pd product} {ergonomic}
    uintx ReservedCodeCacheSize                    = 251658240                              {pd product} {ergonomic}
     bool SegmentedCodeCache                       = true                                      {product} {ergonomic}
     bool ShowCodeDetailsInExceptionMessages       = true                                   {manageable} {command line}
   size_t SoftMaxHeapSize                          = 2078277632                             {manageable} {ergonomic}
     bool UseCompressedClassPointers               = true                           {product lp64_product} {ergonomic}
     bool UseCompressedOops                        = true                           {product lp64_product} {ergonomic}
     bool UseG1GC                                  = true                                      {product} {ergonomic}
     bool UseLargePagesIndividualAllocation        = false                                  {pd product} {ergonomic}

Logging:
Log output configuration:
 #0: stdout all=warning uptime,level,tags
 #1: stderr all=off uptime,level,tags

Environment Variables:
JAVA_HOME=C:\Program Files\Java\jdk-17.0.4
PATH=C:/Users/DELL/Downloads/eclipse//plugins/org.eclipse.justj.openjdk.hotspot.jre.full.win32.x86_64_17.0.3.v20220515-1416/jre/bin/server;C:/Users/DELL/Downloads/eclipse//plugins/org.eclipse.justj.openjdk.hotspot.jre.full.win32.x86_64_17.0.3.v20220515-1416/jre/bin;C:\Program Files\Common Files\Oracle\Java\javapath;C:\Windows\system32;C:\Windows;C:\Windows\System32\Wbem;C:\Windows\System32\WindowsPowerShell\v1.0\;C:\Windows\System32\OpenSSH\;C:\apache-maven-3.8.6\bin;C:\apache-maven-3.8.6\bin;C:\apache-maven-3.8.6\bin;C:\Program Files\Java\jdk-17.0.4\bin;C:\Users\DELL\AppData\Local\Microsoft\WindowsApps;;C:\Users\DELL\AppData\Local\Programs\Microsoft VS Code\bin;C:\Users\DELL\Downloads\eclipse;
USERNAME=DELL
OS=Windows_NT
PROCESSOR_IDENTIFIER=Intel64 Family 6 Model 140 Stepping 1, GenuineIntel



---------------  S Y S T E M  ---------------

OS:
 Windows 10 , 64 bit Build 19041 (10.0.19041.1889)
OS uptime: 14 days 4:07 hours

CPU: total 8 (initial active 8) (4 cores per cpu, 2 threads per core) family 6 model 140 stepping 1 microcode 0xa4, cx8, cmov, fxsr, ht, mmx, 3dnowpref, sse, sse2, sse3, ssse3, sse4.1, sse4.2, popcnt, lzcnt, tsc, tscinvbit, avx, avx2, aes, erms, clmul, bmi1, bmi2, adx, avx512f, avx512dq, avx512cd, avx512bw, avx512vl, sha, fma, vzeroupper, avx512_vpopcntdq, avx512_vpclmulqdq, avx512_vaes, avx512_vnni, clflush, clflushopt, clwb, avx512_vbmi2, avx512_vbmi

Memory: 4k page, system-wide physical 7926M (702M free)
TotalPageFile size 9974M (AvailPageFile size 5M)
current process WorkingSet (physical memory assigned to process): 195M, peak: 195M
current process commit charge ("private bytes"): 228M, peak: 249M

vm_info: OpenJDK 64-Bit Server VM (17.0.3+7) for windows-amd64 JRE (17.0.3+7), built on Apr 19 2022 16:55:35 by "" with MS VC++ 16.7 (VS2019)

END.
