#
# There is insufficient memory for the Java Runtime Environment to continue.
# Native memory allocation (malloc) failed to allocate 1639216 bytes for Chunk::new
# Possible reasons:
#   The system is out of physical RAM or swap space
#   The process is running with CompressedOops enabled, and the Java Heap may be blocking the growth of the native heap
# Possible solutions:
#   Reduce memory load on the system
#   Increase physical memory or swap space
#   Check if swap backing store is full
#   Decrease Java heap size (-Xmx/-Xms)
#   Decrease number of Java threads
#   Decrease Java thread stack sizes (-Xss)
#   Set larger code cache with -XX:ReservedCodeCacheSize=
#   JVM is running with Unscaled Compressed Oops mode in which the Java heap is
#     placed in the first 4GB address space. The Java Heap base address is the
#     maximum limit for the native heap growth. Please use -XX:HeapBaseMinAddress
#     to set the Java Heap base and to place the Java Heap above 4GB virtual address.
# This output file may be truncated or incomplete.
#
#  Out of Memory Error (arena.cpp:189), pid=8588, tid=1540
#
# JRE version: OpenJDK Runtime Environment Temurin-17.0.3+7 (17.0.3+7) (build 17.0.3+7)
# Java VM: OpenJDK 64-Bit Server VM Temurin-17.0.3+7 (17.0.3+7, mixed mode, tiered, compressed oops, compressed class ptrs, g1 gc, windows-amd64)
# No core dump will be written. Minidumps are not enabled by default on client versions of Windows
#

---------------  S U M M A R Y ------------

Command Line: -ea -Dfile.encoding=UTF-8 -XX:+ShowCodeDetailsInExceptionMessages org.eclipse.jdt.internal.junit.runner.RemoteTestRunner -version 3 -port 54609 -testLoaderClass org.eclipse.jdt.internal.junit4.runner.JUnit4TestLoader -loaderpluginname org.eclipse.jdt.junit4.runtime -classNames testRunner.TestRunner

Host: 11th Gen Intel(R) Core(TM) i5-1135G7 @ 2.40GHz, 8 cores, 7G,  Windows 10 , 64 bit Build 19041 (10.0.19041.1889)
Time: Wed Sep 21 15:44:40 2022 India Standard Time elapsed time: 2.916319 seconds (0d 0h 0m 2s)

---------------  T H R E A D  ---------------

Current thread (0x000001b8e582fc30):  JavaThread "C2 CompilerThread0" daemon [_thread_in_native, id=1540, stack(0x0000006aff600000,0x0000006aff700000)]


Current CompileTask:
C2:   2916 2440   !   4       jdk.internal.loader.BuiltinClassLoader::loadClassOrNull (143 bytes)

Stack: [0x0000006aff600000,0x0000006aff700000]
Native frames: (J=compiled Java code, j=interpreted, Vv=VM code, C=native code)
V  [jvm.dll+0x675efa]
V  [jvm.dll+0x830a24]
V  [jvm.dll+0x8321ce]
V  [jvm.dll+0x832833]
V  [jvm.dll+0x2454b5]
V  [jvm.dll+0xabd7b]
V  [jvm.dll+0xac30c]
V  [jvm.dll+0x3635d2]
V  [jvm.dll+0x32dca1]
V  [jvm.dll+0x32d14a]
V  [jvm.dll+0x218361]
V  [jvm.dll+0x217781]
V  [jvm.dll+0x1a3ccd]
V  [jvm.dll+0x227178]
V  [jvm.dll+0x2252bc]
V  [jvm.dll+0x7e673b]
V  [jvm.dll+0x7e0cfa]
V  [jvm.dll+0x674d85]
C  [ucrtbase.dll+0x21bb2]
C  [KERNEL32.DLL+0x17034]
C  [ntdll.dll+0x52651]


---------------  P R O C E S S  ---------------

Threads class SMR info:
_java_thread_list=0x000001b8e9b363e0, length=25, elements={
0x000001b8c91d08e0, 0x000001b8e4f673e0, 0x000001b8e4f338d0, 0x000001b8e4f4f760,
0x000001b8e4f50430, 0x000001b8e4f52d00, 0x000001b8e4f545d0, 0x000001b8e582fc30,
0x000001b8e5830530, 0x000001b8e5831e50, 0x000001b8e599ad60, 0x000001b8e59b44f0,
0x000001b8e613efc0, 0x000001b8e6e8db80, 0x000001b8e8df5670, 0x000001b8e8ed5b00,
0x000001b8e8feba90, 0x000001b8e8fecdd0, 0x000001b8e8fe98e0, 0x000001b8e8feb0f0,
0x000001b8e8fec900, 0x000001b8e8febf60, 0x000001b8e8fec430, 0x000001b8e8fe9db0,
0x000001b8e8e4cef0
}

Java Threads: ( => current thread )
  0x000001b8c91d08e0 JavaThread "main" [_thread_blocked, id=1536, stack(0x0000006afe900000,0x0000006afea00000)]
  0x000001b8e4f673e0 JavaThread "Reference Handler" daemon [_thread_blocked, id=12448, stack(0x0000006aff000000,0x0000006aff100000)]
  0x000001b8e4f338d0 JavaThread "Finalizer" daemon [_thread_blocked, id=8972, stack(0x0000006aff100000,0x0000006aff200000)]
  0x000001b8e4f4f760 JavaThread "Signal Dispatcher" daemon [_thread_blocked, id=16564, stack(0x0000006aff200000,0x0000006aff300000)]
  0x000001b8e4f50430 JavaThread "Attach Listener" daemon [_thread_blocked, id=2948, stack(0x0000006aff300000,0x0000006aff400000)]
  0x000001b8e4f52d00 JavaThread "Service Thread" daemon [_thread_blocked, id=14352, stack(0x0000006aff400000,0x0000006aff500000)]
  0x000001b8e4f545d0 JavaThread "Monitor Deflation Thread" daemon [_thread_blocked, id=16448, stack(0x0000006aff500000,0x0000006aff600000)]
=>0x000001b8e582fc30 JavaThread "C2 CompilerThread0" daemon [_thread_in_native, id=1540, stack(0x0000006aff600000,0x0000006aff700000)]
  0x000001b8e5830530 JavaThread "C1 CompilerThread0" daemon [_thread_blocked, id=12716, stack(0x0000006aff700000,0x0000006aff800000)]
  0x000001b8e5831e50 JavaThread "Sweeper thread" daemon [_thread_blocked, id=16728, stack(0x0000006aff800000,0x0000006aff900000)]
  0x000001b8e599ad60 JavaThread "Notification Thread" daemon [_thread_blocked, id=16860, stack(0x0000006aff900000,0x0000006affa00000)]
  0x000001b8e59b44f0 JavaThread "Common-Cleaner" daemon [_thread_blocked, id=7308, stack(0x0000006affb00000,0x0000006affc00000)]
  0x000001b8e613efc0 JavaThread "ReaderThread" [_thread_in_native, id=17884, stack(0x0000006affe00000,0x0000006afff00000)]
  0x000001b8e6e8db80 JavaThread "ForkJoinPool.commonPool-worker-1" daemon [_thread_blocked, id=15560, stack(0x0000006a80700000,0x0000006a80800000)]
  0x000001b8e8df5670 JavaThread "AsyncHttpClient-1-1" daemon [_thread_blocked, id=8200, stack(0x0000006a80800000,0x0000006a80900000)]
  0x000001b8e8ed5b00 JavaThread "Exec Default Executor" daemon [_thread_in_native, id=13564, stack(0x0000006a80900000,0x0000006a80a00000)]
  0x000001b8e8feba90 JavaThread "Driver Service Executor" daemon [_thread_blocked, id=14848, stack(0x0000006a80a00000,0x0000006a80b00000)]
  0x000001b8e8fecdd0 JavaThread "Driver Service Executor" daemon [_thread_blocked, id=7284, stack(0x0000006a80b00000,0x0000006a80c00000)]
  0x000001b8e8fe98e0 JavaThread "UrlChecker-2" daemon [_thread_blocked, id=5952, stack(0x0000006a80c00000,0x0000006a80d00000)]
  0x000001b8e8feb0f0 JavaThread "Exec Stream Pumper" daemon [_thread_in_native, id=18764, stack(0x0000006a80d00000,0x0000006a80e00000)]
  0x000001b8e8fec900 JavaThread "Exec Stream Pumper" daemon [_thread_in_native, id=19200, stack(0x0000006a80e00000,0x0000006a80f00000)]
  0x000001b8e8febf60 JavaThread "Keep-Alive-Timer" daemon [_thread_blocked, id=11984, stack(0x0000006a81000000,0x0000006a81100000)]
  0x000001b8e8fec430 JavaThread "AsyncHttpClient-1-2" daemon [_thread_in_native, id=14260, stack(0x0000006a81100000,0x0000006a81200000)]
  0x000001b8e8fe9db0 JavaThread "AsyncHttpClient-1-3" daemon [_thread_in_native, id=11284, stack(0x0000006a81200000,0x0000006a81300000)]
  0x000001b8e8e4cef0 JavaThread "C2 CompilerThread1" daemon [_thread_in_native, id=17272, stack(0x0000006a81300000,0x0000006a81400000)]

Other Threads:
  0x000001b8e4f2de70 VMThread "VM Thread" [stack: 0x0000006afef00000,0x0000006aff000000] [id=15512]
  0x000001b8e599b230 WatcherThread [stack: 0x0000006affa00000,0x0000006affb00000] [id=18852]
  0x000001b8c922b3f0 GCTaskThread "GC Thread#0" [stack: 0x0000006afea00000,0x0000006afeb00000] [id=13592]
  0x000001b8e6a5c010 GCTaskThread "GC Thread#1" [stack: 0x0000006afff00000,0x0000006b00000000] [id=14020]
  0x000001b8e68574d0 GCTaskThread "GC Thread#2" [stack: 0x0000006a80000000,0x0000006a80100000] [id=14624]
  0x000001b8e6857780 GCTaskThread "GC Thread#3" [stack: 0x0000006a80100000,0x0000006a80200000] [id=8840]
  0x000001b8e6777230 GCTaskThread "GC Thread#4" [stack: 0x0000006a80200000,0x0000006a80300000] [id=8720]
  0x000001b8e6629e20 GCTaskThread "GC Thread#5" [stack: 0x0000006a80300000,0x0000006a80400000] [id=15152]
  0x000001b8e66ff860 GCTaskThread "GC Thread#6" [stack: 0x0000006a80400000,0x0000006a80500000] [id=11736]
  0x000001b8e6d03680 GCTaskThread "GC Thread#7" [stack: 0x0000006a80500000,0x0000006a80600000] [id=5128]
  0x000001b8c923ba00 ConcurrentGCThread "G1 Main Marker" [stack: 0x0000006afeb00000,0x0000006afec00000] [id=15236]
  0x000001b8c923cac0 ConcurrentGCThread "G1 Conc#0" [stack: 0x0000006afec00000,0x0000006afed00000] [id=17592]
  0x000001b8e6d04c00 ConcurrentGCThread "G1 Conc#1" [stack: 0x0000006a80600000,0x0000006a80700000] [id=19396]
  0x000001b8c9298a70 ConcurrentGCThread "G1 Refine#0" [stack: 0x0000006afed00000,0x0000006afee00000] [id=7224]
  0x000001b8e4d924a0 ConcurrentGCThread "G1 Service" [stack: 0x0000006afee00000,0x0000006afef00000] [id=7956]

Threads with active compile tasks:
C2 CompilerThread0     2924 2440   !   4       jdk.internal.loader.BuiltinClassLoader::loadClassOrNull (143 bytes)
C2 CompilerThread1     2924 2441       4       jdk.internal.loader.BuiltinClassLoader::findLoadedModule (33 bytes)

VM state: not at safepoint (normal execution)

VM Mutex/Monitor currently owned by a thread: None

Heap address: 0x0000000084200000, size: 1982 MB, Compressed Oops mode: 32-bit

CDS archive(s) not mapped
Compressed class space mapped at: 0x0000000100000000-0x0000000140000000, reserved size: 1073741824
Narrow klass base: 0x0000000000000000, Narrow klass shift: 3, Narrow klass range: 0x140000000

GC Precious Log:
 CPUs: 8 total, 8 available
 Memory: 7926M
 Large Page Support: Disabled
 NUMA Support: Disabled
 Compressed Oops: Enabled (32-bit)
 Heap Region Size: 1M
 Heap Min Capacity: 8M
 Heap Initial Capacity: 124M
 Heap Max Capacity: 1982M
 Pre-touch: Disabled
 Parallel Workers: 8
 Concurrent Workers: 2
 Concurrent Refinement Workers: 8
 Periodic GC: Disabled

Heap:
 garbage-first heap   total 46080K, used 34694K [0x0000000084200000, 0x0000000100000000)
  region size 1024K, 7 young (7168K), 1 survivors (1024K)
 Metaspace       used 35192K, committed 35456K, reserved 1081344K
  class space    used 4083K, committed 4224K, reserved 1048576K

Heap Regions: E=young(eden), S=young(survivor), O=old, HS=humongous(starts), HC=humongous(continues), CS=collection set, F=free, OA=open archive, CA=closed archive, TAMS=top-at-mark-start (previous, next)
|   0|0x0000000084200000, 0x0000000084300000, 0x0000000084300000|100%| O|  |TAMS 0x0000000084300000, 0x0000000084300000| Untracked 
|   1|0x0000000084300000, 0x0000000084400000, 0x0000000084400000|100%| O|  |TAMS 0x0000000084400000, 0x0000000084400000| Untracked 
|   2|0x0000000084400000, 0x0000000084500000, 0x0000000084500000|100%| O|  |TAMS 0x000000008448a800, 0x0000000084500000| Untracked 
|   3|0x0000000084500000, 0x0000000084600000, 0x0000000084600000|100%| O|  |TAMS 0x0000000084500000, 0x0000000084600000| Untracked 
|   4|0x0000000084600000, 0x0000000084700000, 0x0000000084700000|100%| O|  |TAMS 0x0000000084600000, 0x0000000084700000| Untracked 
|   5|0x0000000084700000, 0x0000000084800000, 0x0000000084800000|100%| O|  |TAMS 0x0000000084700000, 0x0000000084700000| Untracked 
|   6|0x0000000084800000, 0x0000000084900000, 0x0000000084900000|100%| O|  |TAMS 0x0000000084800000, 0x0000000084900000| Untracked 
|   7|0x0000000084900000, 0x0000000084a00000, 0x0000000084a00000|100%| O|  |TAMS 0x0000000084900000, 0x0000000084a00000| Untracked 
|   8|0x0000000084a00000, 0x0000000084a3a200, 0x0000000084b00000| 22%| O|  |TAMS 0x0000000084a00000, 0x0000000084a00000| Untracked 
|   9|0x0000000084b00000, 0x0000000084b00000, 0x0000000084c00000|  0%| F|  |TAMS 0x0000000084b00000, 0x0000000084b00000| Untracked 
|  10|0x0000000084c00000, 0x0000000084c00000, 0x0000000084d00000|  0%| F|  |TAMS 0x0000000084c00000, 0x0000000084c00000| Untracked 
|  11|0x0000000084d00000, 0x0000000084d00000, 0x0000000084e00000|  0%| F|  |TAMS 0x0000000084d00000, 0x0000000084d00000| Untracked 
|  12|0x0000000084e00000, 0x0000000084e00000, 0x0000000084f00000|  0%| F|  |TAMS 0x0000000084e00000, 0x0000000084e00000| Untracked 
|  13|0x0000000084f00000, 0x0000000085000000, 0x0000000085000000|100%| O|  |TAMS 0x0000000084f00000, 0x0000000085000000| Untracked 
|  14|0x0000000085000000, 0x0000000085100000, 0x0000000085100000|100%| O|  |TAMS 0x0000000085000000, 0x0000000085100000| Untracked 
|  15|0x0000000085100000, 0x0000000085200000, 0x0000000085200000|100%| O|  |TAMS 0x0000000085100000, 0x00000000851cee00| Untracked 
|  16|0x0000000085200000, 0x0000000085200000, 0x0000000085300000|  0%| F|  |TAMS 0x0000000085200000, 0x0000000085200000| Untracked 
|  17|0x0000000085300000, 0x0000000085300000, 0x0000000085400000|  0%| F|  |TAMS 0x0000000085300000, 0x0000000085300000| Untracked 
|  18|0x0000000085400000, 0x0000000085400000, 0x0000000085500000|  0%| F|  |TAMS 0x0000000085400000, 0x0000000085400000| Untracked 
|  19|0x0000000085500000, 0x0000000085500000, 0x0000000085600000|  0%| F|  |TAMS 0x0000000085500000, 0x0000000085500000| Untracked 
|  20|0x0000000085600000, 0x0000000085600000, 0x0000000085700000|  0%| F|  |TAMS 0x0000000085600000, 0x0000000085600000| Untracked 
|  21|0x0000000085700000, 0x000000008572f050, 0x0000000085800000| 18%| E|  |TAMS 0x0000000085700000, 0x0000000085700000| Complete 
|  22|0x0000000085800000, 0x0000000085900000, 0x0000000085900000|100%| E|CS|TAMS 0x0000000085800000, 0x0000000085800000| Complete 
|  23|0x0000000085900000, 0x00000000859a7850, 0x0000000085a00000| 65%| S|CS|TAMS 0x0000000085900000, 0x0000000085900000| Complete 
|  24|0x0000000085a00000, 0x0000000085b00000, 0x0000000085b00000|100%|HS|  |TAMS 0x0000000085a00000, 0x0000000085a00000| Complete 
|  25|0x0000000085b00000, 0x0000000085c00000, 0x0000000085c00000|100%|HC|  |TAMS 0x0000000085b00000, 0x0000000085b00000| Complete 
|  26|0x0000000085c00000, 0x0000000085d00000, 0x0000000085d00000|100%|HC|  |TAMS 0x0000000085c00000, 0x0000000085c00000| Complete 
|  27|0x0000000085d00000, 0x0000000085e00000, 0x0000000085e00000|100%|HC|  |TAMS 0x0000000085d00000, 0x0000000085d00000| Complete 
|  28|0x0000000085e00000, 0x0000000085f00000, 0x0000000085f00000|100%|HC|  |TAMS 0x0000000085e00000, 0x0000000085e00000| Complete 
|  29|0x0000000085f00000, 0x0000000086000000, 0x0000000086000000|100%|HC|  |TAMS 0x0000000085f00000, 0x0000000085f00000| Complete 
|  30|0x0000000086000000, 0x0000000086100000, 0x0000000086100000|100%|HC|  |TAMS 0x0000000086000000, 0x0000000086000000| Complete 
|  31|0x0000000086100000, 0x0000000086200000, 0x0000000086200000|100%|HC|  |TAMS 0x0000000086100000, 0x0000000086100000| Complete 
|  32|0x0000000086200000, 0x0000000086300000, 0x0000000086300000|100%|HC|  |TAMS 0x0000000086200000, 0x0000000086200000| Complete 
|  33|0x0000000086300000, 0x0000000086400000, 0x0000000086400000|100%|HC|  |TAMS 0x0000000086300000, 0x0000000086300000| Complete 
|  34|0x0000000086400000, 0x0000000086500000, 0x0000000086500000|100%|HC|  |TAMS 0x0000000086400000, 0x0000000086400000| Complete 
|  35|0x0000000086500000, 0x0000000086600000, 0x0000000086600000|100%|HC|  |TAMS 0x0000000086500000, 0x0000000086500000| Complete 
|  36|0x0000000086600000, 0x0000000086700000, 0x0000000086700000|100%|HC|  |TAMS 0x0000000086600000, 0x0000000086600000| Complete 
|  37|0x0000000086700000, 0x0000000086800000, 0x0000000086800000|100%|HC|  |TAMS 0x0000000086700000, 0x0000000086700000| Complete 
|  38|0x0000000086800000, 0x0000000086900000, 0x0000000086900000|100%|HC|  |TAMS 0x0000000086800000, 0x0000000086800000| Complete 
|  39|0x0000000086900000, 0x0000000086a00000, 0x0000000086a00000|100%|HC|  |TAMS 0x0000000086900000, 0x0000000086900000| Complete 
|  40|0x0000000086a00000, 0x0000000086b00000, 0x0000000086b00000|100%|HC|  |TAMS 0x0000000086a00000, 0x0000000086a00000| Complete 
|  95|0x000000008a100000, 0x000000008a200000, 0x000000008a200000|100%| E|CS|TAMS 0x000000008a100000, 0x000000008a100000| Complete 
|  96|0x000000008a200000, 0x000000008a300000, 0x000000008a300000|100%| E|CS|TAMS 0x000000008a200000, 0x000000008a200000| Complete 
|  97|0x000000008a300000, 0x000000008a400000, 0x000000008a400000|100%| E|CS|TAMS 0x000000008a300000, 0x000000008a300000| Complete 
| 123|0x000000008bd00000, 0x000000008be00000, 0x000000008be00000|100%| E|CS|TAMS 0x000000008bd00000, 0x000000008bd00000| Complete 

Card table byte_map: [0x000001b8ddeb0000,0x000001b8de290000] _byte_map_base: 0x000001b8dda8f000

Marking Bits (Prev, Next): (CMBitMap*) 0x000001b8c922b950, (CMBitMap*) 0x000001b8c922b910
 Prev Bits: [0x000001b8e0570000, 0x000001b8e2468000)
 Next Bits: [0x000001b8de670000, 0x000001b8e0568000)

Polling page: 0x000001b8c8fc0000

Metaspace:

Usage:
  Non-class:     30.38 MB used.
      Class:      3.99 MB used.
       Both:     34.37 MB used.

Virtual space:
  Non-class space:       32.00 MB reserved,      30.50 MB ( 95%) committed,  4 nodes.
      Class space:        1.00 GB reserved,       4.12 MB ( <1%) committed,  1 nodes.
             Both:        1.03 GB reserved,      34.62 MB (  3%) committed. 

Chunk freelists:
   Non-Class:  1.41 MB
       Class:  3.84 MB
        Both:  5.25 MB

MaxMetaspaceSize: unlimited
CompressedClassSpaceSize: 1.00 GB
Initial GC threshold: 21.00 MB
Current GC threshold: 35.25 MB
CDS: off
MetaspaceReclaimPolicy: balanced
 - commit_granule_bytes: 65536.
 - commit_granule_words: 8192.
 - virtual_space_node_default_size: 1048576.
 - enlarge_chunks_in_place: 1.
 - new_chunks_are_fully_committed: 0.
 - uncommit_free_chunks: 1.
 - use_allocation_guard: 0.
 - handle_deallocations: 1.


Internal statistics:

num_allocs_failed_limit: 3.
num_arena_births: 238.
num_arena_deaths: 0.
num_vsnodes_births: 5.
num_vsnodes_deaths: 0.
num_space_committed: 554.
num_space_uncommitted: 0.
num_chunks_returned_to_freelist: 3.
num_chunks_taken_from_freelist: 937.
num_chunk_merges: 0.
num_chunk_splits: 658.
num_chunks_enlarged: 529.
num_purges: 0.
num_inconsistent_stats: 0.

CodeHeap 'non-profiled nmethods': size=120000Kb used=1195Kb max_used=1195Kb free=118804Kb
 bounds [0x000001b8d5b30000, 0x000001b8d5da0000, 0x000001b8dd060000]
CodeHeap 'profiled nmethods': size=120000Kb used=4936Kb max_used=4936Kb free=115063Kb
 bounds [0x000001b8ce600000, 0x000001b8ceae0000, 0x000001b8d5b30000]
CodeHeap 'non-nmethods': size=5760Kb used=1287Kb max_used=1331Kb free=4472Kb
 bounds [0x000001b8ce060000, 0x000001b8ce2d0000, 0x000001b8ce600000]
 total_blobs=3084 nmethods=2496 adapters=500
 compilation: enabled
              stopped_count=0, restarted_count=0
 full_count=0

Compilation events (20 events):
Event: 2.887 Thread 0x000001b8e5830530 nmethod 2487 0x000001b8ceacf110 code [0x000001b8ceacf2e0, 0x000001b8ceacf658]
Event: 2.888 Thread 0x000001b8e5830530 2492       3       com.google.common.collect.ImmutableList$Builder::getReadyToExpandTo (66 bytes)
Event: 2.888 Thread 0x000001b8e5830530 nmethod 2492 0x000001b8ceacf790 code [0x000001b8ceacf980, 0x000001b8ceacfdc8]
Event: 2.888 Thread 0x000001b8e5830530 2491       3       com.google.common.collect.ImmutableList$Builder::add (6 bytes)
Event: 2.888 Thread 0x000001b8e5830530 nmethod 2491 0x000001b8ceacff90 code [0x000001b8cead0120, 0x000001b8cead0268]
Event: 2.888 Thread 0x000001b8e5830530 2488       1       com.google.common.base.Splitter::access$200 (5 bytes)
Event: 2.888 Thread 0x000001b8e5830530 nmethod 2488 0x000001b8d5c55d10 code [0x000001b8d5c55ea0, 0x000001b8d5c55f58]
Event: 2.888 Thread 0x000001b8e5830530 2489       1       com.google.common.base.Splitter::access$300 (5 bytes)
Event: 2.888 Thread 0x000001b8e5830530 nmethod 2489 0x000001b8d5c56010 code [0x000001b8d5c561a0, 0x000001b8d5c56258]
Event: 2.888 Thread 0x000001b8e5830530 2490       1       com.google.common.base.Splitter::access$400 (5 bytes)
Event: 2.888 Thread 0x000001b8e5830530 nmethod 2490 0x000001b8d5c56310 code [0x000001b8d5c564a0, 0x000001b8d5c56558]
Event: 2.897 Thread 0x000001b8e5830530 2494       3       java.lang.reflect.Method::getAnnotation (6 bytes)
Event: 2.897 Thread 0x000001b8e5830530 nmethod 2494 0x000001b8cead0310 code [0x000001b8cead0520, 0x000001b8cead0c08]
Event: 2.897 Thread 0x000001b8e5830530 2495       3       java.lang.reflect.Executable::getAnnotation (23 bytes)
Event: 2.897 Thread 0x000001b8e5830530 nmethod 2495 0x000001b8cead0e90 code [0x000001b8cead10a0, 0x000001b8cead1728]
Event: 2.897 Thread 0x000001b8e5830530 2496       1       java.util.concurrent.atomic.AtomicInteger::get (5 bytes)
Event: 2.897 Thread 0x000001b8e5830530 nmethod 2496 0x000001b8d5c56a10 code [0x000001b8d5c56ba0, 0x000001b8d5c56c78]
Event: 2.898 Thread 0x000001b8e8e4cef0 2455       4       java.io.DataInputStream::readUTF (501 bytes)
Event: 2.899 Thread 0x000001b8e5830530 2498       3       java.lang.Math::multiplyExact (74 bytes)
Event: 2.899 Thread 0x000001b8e5830530 nmethod 2498 0x000001b8cead1990 code [0x000001b8cead1b60, 0x000001b8cead2088]

GC Heap History (12 events):
Event: 0.616 GC heap before
{Heap before GC invocations=0 (full 0):
 garbage-first heap   total 126976K, used 22528K [0x0000000084200000, 0x0000000100000000)
  region size 1024K, 23 young (23552K), 0 survivors (0K)
 Metaspace       used 14866K, committed 15040K, reserved 1064960K
  class space    used 1482K, committed 1536K, reserved 1048576K
}
Event: 0.620 GC heap after
{Heap after GC invocations=1 (full 0):
 garbage-first heap   total 126976K, used 5674K [0x0000000084200000, 0x0000000100000000)
  region size 1024K, 3 young (3072K), 3 survivors (3072K)
 Metaspace       used 14866K, committed 15040K, reserved 1064960K
  class space    used 1482K, committed 1536K, reserved 1048576K
}
Event: 0.964 GC heap before
{Heap before GC invocations=1 (full 0):
 garbage-first heap   total 126976K, used 28202K [0x0000000084200000, 0x0000000100000000)
  region size 1024K, 26 young (26624K), 3 survivors (3072K)
 Metaspace       used 21284K, committed 21504K, reserved 1073152K
  class space    used 2252K, committed 2368K, reserved 1048576K
}
Event: 0.969 GC heap after
{Heap after GC invocations=2 (full 0):
 garbage-first heap   total 126976K, used 7979K [0x0000000084200000, 0x0000000100000000)
  region size 1024K, 3 young (3072K), 3 survivors (3072K)
 Metaspace       used 21284K, committed 21504K, reserved 1073152K
  class space    used 2252K, committed 2368K, reserved 1048576K
}
Event: 1.255 GC heap before
{Heap before GC invocations=3 (full 0):
 garbage-first heap   total 34816K, used 25387K [0x0000000084200000, 0x0000000100000000)
  region size 1024K, 21 young (21504K), 3 survivors (3072K)
 Metaspace       used 26547K, committed 26752K, reserved 1073152K
  class space    used 2894K, committed 3008K, reserved 1048576K
}
Event: 1.259 GC heap after
{Heap after GC invocations=4 (full 0):
 garbage-first heap   total 34816K, used 10646K [0x0000000084200000, 0x0000000100000000)
  region size 1024K, 5 young (5120K), 5 survivors (5120K)
 Metaspace       used 26547K, committed 26752K, reserved 1073152K
  class space    used 2894K, committed 3008K, reserved 1048576K
}
Event: 1.279 GC heap before
{Heap before GC invocations=4 (full 0):
 garbage-first heap   total 34816K, used 11670K [0x0000000084200000, 0x0000000100000000)
  region size 1024K, 6 young (6144K), 5 survivors (5120K)
 Metaspace       used 27351K, committed 27520K, reserved 1073152K
  class space    used 2987K, committed 3072K, reserved 1048576K
}
Event: 1.282 GC heap after
{Heap after GC invocations=5 (full 0):
 garbage-first heap   total 34816K, used 10832K [0x0000000084200000, 0x0000000100000000)
  region size 1024K, 1 young (1024K), 1 survivors (1024K)
 Metaspace       used 27351K, committed 27520K, reserved 1073152K
  class space    used 2987K, committed 3072K, reserved 1048576K
}
Event: 1.559 GC heap before
{Heap before GC invocations=5 (full 0):
 garbage-first heap   total 34816K, used 24144K [0x0000000084200000, 0x0000000100000000)
  region size 1024K, 14 young (14336K), 1 survivors (1024K)
 Metaspace       used 31604K, committed 31808K, reserved 1081344K
  class space    used 3567K, committed 3648K, reserved 1048576K
}
Event: 1.562 GC heap after
{Heap after GC invocations=6 (full 0):
 garbage-first heap   total 34816K, used 11619K [0x0000000084200000, 0x0000000100000000)
  region size 1024K, 2 young (2048K), 2 survivors (2048K)
 Metaspace       used 31604K, committed 31808K, reserved 1081344K
  class space    used 3567K, committed 3648K, reserved 1048576K
}
Event: 1.721 GC heap before
{Heap before GC invocations=6 (full 0):
 garbage-first heap   total 34816K, used 19811K [0x0000000084200000, 0x0000000100000000)
  region size 1024K, 12 young (12288K), 2 survivors (2048K)
 Metaspace       used 33968K, committed 34176K, reserved 1081344K
  class space    used 3897K, committed 3968K, reserved 1048576K
}
Event: 1.723 GC heap after
{Heap after GC invocations=7 (full 0):
 garbage-first heap   total 34816K, used 12166K [0x0000000084200000, 0x0000000100000000)
  region size 1024K, 1 young (1024K), 1 survivors (1024K)
 Metaspace       used 33968K, committed 34176K, reserved 1081344K
  class space    used 3897K, committed 3968K, reserved 1048576K
}

Deoptimization events (20 events):
Event: 1.426 Thread 0x000001b8e8feba90 Uncommon trap: trap_request=0xffffffc6 fr.pc=0x000001b8d5bd9428 relative=0x0000000000001e88
Event: 1.426 Thread 0x000001b8e8feba90 Uncommon trap: reason=bimorphic_or_optimized_type_check action=maybe_recompile pc=0x000001b8d5bd9428 method=java.net.URL.<init>(Ljava/net/URL;Ljava/lang/String;Ljava/net/URLStreamHandler;)V @ 504 c2
Event: 1.426 Thread 0x000001b8e8feba90 DEOPT PACKING pc=0x000001b8d5bd9428 sp=0x0000006a80aff010
Event: 1.426 Thread 0x000001b8e8feba90 DEOPT UNPACKING pc=0x000001b8ce0b5c23 sp=0x0000006a80afef90 mode 2
Event: 1.437 Thread 0x000001b8e8fe98e0 Uncommon trap: trap_request=0xffffff45 fr.pc=0x000001b8d5c049f4 relative=0x00000000000000d4
Event: 1.437 Thread 0x000001b8e8fe98e0 Uncommon trap: reason=unstable_if action=reinterpret pc=0x000001b8d5c049f4 method=java.lang.CharacterDataLatin1.digit(II)I @ 12 c2
Event: 1.437 Thread 0x000001b8e8fe98e0 DEOPT PACKING pc=0x000001b8d5c049f4 sp=0x0000006a80cfe930
Event: 1.437 Thread 0x000001b8e8fe98e0 DEOPT UNPACKING pc=0x000001b8ce0b5c23 sp=0x0000006a80cfe7e8 mode 2
Event: 1.454 Thread 0x000001b8e8fe98e0 Uncommon trap: trap_request=0xffffff45 fr.pc=0x000001b8d5c04648 relative=0x00000000000000a8
Event: 1.454 Thread 0x000001b8e8fe98e0 Uncommon trap: reason=unstable_if action=reinterpret pc=0x000001b8d5c04648 method=java.lang.CharacterDataLatin1.digit(II)I @ 12 c2
Event: 1.454 Thread 0x000001b8e8fe98e0 DEOPT PACKING pc=0x000001b8d5c04648 sp=0x0000006a80cfe880
Event: 1.454 Thread 0x000001b8e8fe98e0 DEOPT UNPACKING pc=0x000001b8ce0b5c23 sp=0x0000006a80cfe7f8 mode 2
Event: 1.730 Thread 0x000001b8e8fec430 Uncommon trap: trap_request=0xffffffde fr.pc=0x000001b8d5c0b80c relative=0x00000000000009ec
Event: 1.730 Thread 0x000001b8e8fec430 Uncommon trap: reason=class_check action=maybe_recompile pc=0x000001b8d5c0b80c method=java.util.HashMap.putVal(ILjava/lang/Object;Ljava/lang/Object;ZZ)Ljava/lang/Object; @ 91 c2
Event: 1.730 Thread 0x000001b8e8fec430 DEOPT PACKING pc=0x000001b8d5c0b80c sp=0x0000006a811ff070
Event: 1.730 Thread 0x000001b8e8fec430 DEOPT UNPACKING pc=0x000001b8ce0b5c23 sp=0x0000006a811ff040 mode 2
Event: 1.730 Thread 0x000001b8e8fec430 Uncommon trap: trap_request=0xffffffde fr.pc=0x000001b8d5c0b80c relative=0x00000000000009ec
Event: 1.730 Thread 0x000001b8e8fec430 Uncommon trap: reason=class_check action=maybe_recompile pc=0x000001b8d5c0b80c method=java.util.HashMap.putVal(ILjava/lang/Object;Ljava/lang/Object;ZZ)Ljava/lang/Object; @ 91 c2
Event: 1.730 Thread 0x000001b8e8fec430 DEOPT PACKING pc=0x000001b8d5c0b80c sp=0x0000006a811ff070
Event: 1.730 Thread 0x000001b8e8fec430 DEOPT UNPACKING pc=0x000001b8ce0b5c23 sp=0x0000006a811ff040 mode 2

Classes unloaded (0 events):
No events

Classes redefined (0 events):
No events

Internal exceptions (20 events):
Event: 1.386 Thread 0x000001b8c91d08e0 Exception <a 'java/lang/NoSuchMethodError'{0x0000000085b4e6c0}: 'java.lang.Object java.lang.invoke.DirectMethodHandle$Holder.invokeInterface(java.lang.Object, java.lang.Object, java.lang.Object, java.lang.Object)'> (0x0000000085b4e6c0) 
thrown [e:\jenkins\tmp\workspace\build\src\src\hotspot\share\interpreter\linkResolver.cpp, line 766]
Event: 1.387 Thread 0x000001b8c91d08e0 Exception <a 'java/lang/NoSuchMethodError'{0x0000000085b5af70}: 'void java.lang.invoke.DirectMethodHandle$Holder.invokeInterface(java.lang.Object, java.lang.Object, java.lang.Object)'> (0x0000000085b5af70) 
thrown [e:\jenkins\tmp\workspace\build\src\src\hotspot\share\interpreter\linkResolver.cpp, line 766]
Event: 1.388 Thread 0x000001b8c91d08e0 Exception <a 'java/lang/NoSuchMethodError'{0x0000000085b64468}: 'java.lang.Object java.lang.invoke.DirectMethodHandle$Holder.invokeVirtual(java.lang.Object, java.lang.Object, java.lang.Object)'> (0x0000000085b64468) 
thrown [e:\jenkins\tmp\workspace\build\src\src\hotspot\share\interpreter\linkResolver.cpp, line 766]
Event: 1.430 Thread 0x000001b8e8ed5b00 Exception <a 'java/lang/NoSuchMethodError'{0x0000000085994b58}: 'void java.lang.invoke.DirectMethodHandle$Holder.invokeStatic(java.lang.Object, long)'> (0x0000000085994b58) 
thrown [e:\jenkins\tmp\workspace\build\src\src\hotspot\share\interpreter\linkResolver.cpp, line 766]
Event: 1.431 Thread 0x000001b8e8ed5b00 Exception <a 'java/lang/NoSuchMethodError'{0x0000000085999f00}: 'java.lang.Object java.lang.invoke.DirectMethodHandle$Holder.newInvokeSpecial(java.lang.Object, long)'> (0x0000000085999f00) 
thrown [e:\jenkins\tmp\workspace\build\src\src\hotspot\share\interpreter\linkResolver.cpp, line 766]
Event: 1.433 Thread 0x000001b8e8ed5b00 Exception <a 'java/lang/NoSuchMethodError'{0x00000000859d0a98}: 'java.lang.Object java.lang.invoke.DirectMethodHandle$Holder.invokeStaticInit(java.lang.Object, java.lang.Object, long, java.lang.Object)'> (0x00000000859d0a98) 
thrown [e:\jenkins\tmp\workspace\build\src\src\hotspot\share\interpreter\linkResolver.cpp, line 766]
Event: 1.434 Thread 0x000001b8e8ed5b00 Exception <a 'java/lang/NoSuchMethodError'{0x00000000859d6b20}: 'java.lang.Object java.lang.invoke.DirectMethodHandle$Holder.newInvokeSpecial(java.lang.Object, java.lang.Object, long)'> (0x00000000859d6b20) 
thrown [e:\jenkins\tmp\workspace\build\src\src\hotspot\share\interpreter\linkResolver.cpp, line 766]
Event: 1.434 Thread 0x000001b8e8ed5b00 Exception <a 'java/lang/NoSuchMethodError'{0x00000000859da690}: 'java.lang.Object java.lang.invoke.Invokers$Holder.linkToTargetMethod(java.lang.Object, long, java.lang.Object)'> (0x00000000859da690) 
thrown [e:\jenkins\tmp\workspace\build\src\src\hotspot\share\interpreter\linkResolver.cpp, line 766]
Event: 1.438 Thread 0x000001b8e8fe98e0 Exception <a 'java/net/ConnectException'{0x00000000859b9310}: Connection refused: no further information> (0x00000000859b9310) 
thrown [e:\jenkins\tmp\workspace\build\src\src\hotspot\share\prims\jni.cpp, line 535]
Event: 1.438 Thread 0x000001b8e8fe98e0 Exception <a 'java/net/SocketException'{0x00000000859b9648}: Socket is not connected: shutdown> (0x00000000859b9648) 
thrown [e:\jenkins\tmp\workspace\build\src\src\hotspot\share\prims\jni.cpp, line 535]
Event: 1.455 Thread 0x000001b8e8fe98e0 Exception <a 'java/net/ConnectException'{0x00000000859ba6b0}: Connection refused: no further information> (0x00000000859ba6b0) 
thrown [e:\jenkins\tmp\workspace\build\src\src\hotspot\share\prims\jni.cpp, line 535]
Event: 1.455 Thread 0x000001b8e8fe98e0 Exception <a 'java/net/SocketException'{0x00000000859ba9e8}: Socket is not connected: shutdown> (0x00000000859ba9e8) 
thrown [e:\jenkins\tmp\workspace\build\src\src\hotspot\share\prims\jni.cpp, line 535]
Event: 1.501 Thread 0x000001b8c91d08e0 Exception <a 'java/lang/NoSuchMethodError'{0x000000008587a180}: 'double java.lang.invoke.DirectMethodHandle$Holder.invokeVirtual(java.lang.Object, java.lang.Object)'> (0x000000008587a180) 
thrown [e:\jenkins\tmp\workspace\build\src\src\hotspot\share\interpreter\linkResolver.cpp, line 766]
Event: 1.501 Thread 0x000001b8c91d08e0 Exception <a 'java/lang/NoSuchMethodError'{0x00000000858809e0}: 'float java.lang.invoke.DirectMethodHandle$Holder.invokeVirtual(java.lang.Object, java.lang.Object)'> (0x00000000858809e0) 
thrown [e:\jenkins\tmp\workspace\build\src\src\hotspot\share\interpreter\linkResolver.cpp, line 766]
Event: 1.502 Thread 0x000001b8c91d08e0 Exception <a 'java/lang/NoSuchMethodError'{0x0000000085889c68}: 'long java.lang.invoke.DirectMethodHandle$Holder.invokeVirtual(java.lang.Object, java.lang.Object)'> (0x0000000085889c68) 
thrown [e:\jenkins\tmp\workspace\build\src\src\hotspot\share\interpreter\linkResolver.cpp, line 766]
Event: 1.532 Thread 0x000001b8c91d08e0 Exception <a 'java/lang/NoSuchMethodError'{0x00000000857ce470}: 'void java.lang.invoke.DirectMethodHandle$Holder.invokeStatic(java.lang.Object, java.lang.Object, int)'> (0x00000000857ce470) 
thrown [e:\jenkins\tmp\workspace\build\src\src\hotspot\share\interpreter\linkResolver.cpp, line 766]
Event: 1.569 Thread 0x000001b8c91d08e0 Exception <a 'java/lang/NoSuchMethodError'{0x000000008bd4cc08}: 'int java.lang.invoke.DirectMethodHandle$Holder.invokeSpecialIFC(java.lang.Object, java.lang.Object, java.lang.Object)'> (0x000000008bd4cc08) 
thrown [e:\jenkins\tmp\workspace\build\src\src\hotspot\share\interpreter\linkResolver.cpp, line 766]
Event: 1.630 Thread 0x000001b8c91d08e0 Exception <a 'java/lang/NoSuchMethodError'{0x000000008a1a4ff0}: 'void java.lang.invoke.DirectMethodHandle$Holder.invokeSpecial(java.lang.Object, java.lang.Object, java.lang.Object, java.lang.Object, java.lang.Object, java.lang.Object)'> (0x000000008a1a4ff0) 
thrown [e:\jenkins\tmp\workspace\build\src\src\hotspot\share\interpreter\linkResolver.cpp, line 766]
Event: 2.853 Thread 0x000001b8c91d08e0 Exception <a 'java/lang/NoSuchMethodError'{0x000000008a2865f0}: 'java.lang.Object java.lang.invoke.DirectMethodHandle$Holder.invokeSpecialIFC(java.lang.Object, java.lang.Object, java.lang.Object)'> (0x000000008a2865f0) 
thrown [e:\jenkins\tmp\workspace\build\src\src\hotspot\share\interpreter\linkResolver.cpp, line 766]
Event: 2.872 Thread 0x000001b8c91d08e0 Exception <a 'java/lang/ClassNotFoundException'{0x000000008a147950}: sun/util/logging/resources/spi/loggingProvider> (0x000000008a147950) 
thrown [e:\jenkins\tmp\workspace\build\src\src\hotspot\share\classfile\systemDictionary.cpp, line 256]

VM Operations (20 events):
Event: 1.172 Executing VM operation: HandshakeAllThreads
Event: 1.172 Executing VM operation: HandshakeAllThreads done
Event: 1.255 Executing VM operation: G1CollectForAllocation
Event: 1.259 Executing VM operation: G1CollectForAllocation done
Event: 1.279 Executing VM operation: G1CollectForAllocation
Event: 1.282 Executing VM operation: G1CollectForAllocation done
Event: 1.488 Executing VM operation: HandshakeAllThreads
Event: 1.488 Executing VM operation: HandshakeAllThreads done
Event: 1.489 Executing VM operation: HandshakeAllThreads
Event: 1.489 Executing VM operation: HandshakeAllThreads done
Event: 1.490 Executing VM operation: HandshakeAllThreads
Event: 1.490 Executing VM operation: HandshakeAllThreads done
Event: 1.559 Executing VM operation: G1CollectForAllocation
Event: 1.562 Executing VM operation: G1CollectForAllocation done
Event: 1.596 Executing VM operation: HandshakeAllThreads
Event: 1.596 Executing VM operation: HandshakeAllThreads done
Event: 1.720 Executing VM operation: G1TryInitiateConcMark
Event: 1.723 Executing VM operation: G1TryInitiateConcMark done
Event: 2.729 Executing VM operation: Cleanup
Event: 2.729 Executing VM operation: Cleanup done

Events (20 events):
Event: 2.872 loading class java/util/logging/Level$RbAccess
Event: 2.872 loading class java/util/logging/Level$RbAccess done
Event: 2.872 loading class java/util/ResourceBundle$3
Event: 2.872 loading class java/util/ResourceBundle$3 done
Event: 2.872 loading class sun/util/logging/resources/logging
Event: 2.872 loading class sun/util/logging/resources/logging done
Event: 2.872 loading class sun/util/logging/resources/logging_en
Event: 2.872 loading class sun/util/logging/resources/logging_en done
Event: 2.872 loading class sun/util/logging/resources/logging_en
Event: 2.872 loading class sun/util/logging/resources/logging_en done
Event: 2.873 loading class sun/util/logging/resources/logging_en_IN
Event: 2.873 loading class sun/util/logging/resources/logging_en_IN done
Event: 2.873 loading class sun/util/logging/resources/logging_en_IN
Event: 2.873 loading class sun/util/logging/resources/logging_en_IN done
Event: 2.873 loading class java/util/Formatter$DateTime
Event: 2.873 loading class java/util/Formatter$DateTime done
Event: 2.896 Thread 0x000001b8e8fe9db0 Thread added: 0x000001b8e8fe9db0
Event: 2.898 Thread 0x000001b8e8e4cef0 Thread added: 0x000001b8e8e4cef0
Event: 2.898 loading class java/util/concurrent/CompletionException
Event: 2.898 loading class java/util/concurrent/CompletionException done


Dynamic libraries:
0x00007ff636fd0000 - 0x00007ff636fde000 	C:\Users\DELL\Downloads\eclipse\plugins\org.eclipse.justj.openjdk.hotspot.jre.full.win32.x86_64_17.0.3.v20220515-1416\jre\bin\javaw.exe
0x00007ffee2690000 - 0x00007ffee2888000 	C:\Windows\SYSTEM32\ntdll.dll
0x00007ffee0e10000 - 0x00007ffee0ecd000 	C:\Windows\System32\KERNEL32.DLL
0x00007ffedfdb0000 - 0x00007ffee007e000 	C:\Windows\System32\KERNELBASE.dll
0x00007ffee0370000 - 0x00007ffee0470000 	C:\Windows\System32\ucrtbase.dll
0x00007ffed49d0000 - 0x00007ffed49e8000 	C:\Users\DELL\Downloads\eclipse\plugins\org.eclipse.justj.openjdk.hotspot.jre.full.win32.x86_64_17.0.3.v20220515-1416\jre\bin\jli.dll
0x00007ffee24b0000 - 0x00007ffee2650000 	C:\Windows\System32\USER32.dll
0x00007ffed1a20000 - 0x00007ffed1a39000 	C:\Users\DELL\Downloads\eclipse\plugins\org.eclipse.justj.openjdk.hotspot.jre.full.win32.x86_64_17.0.3.v20220515-1416\jre\bin\VCRUNTIME140.dll
0x00007ffee0340000 - 0x00007ffee0362000 	C:\Windows\System32\win32u.dll
0x00007ffee1cd0000 - 0x00007ffee1cfa000 	C:\Windows\System32\GDI32.dll
0x00007ffee0470000 - 0x00007ffee057b000 	C:\Windows\System32\gdi32full.dll
0x00007ffecc760000 - 0x00007ffecc9fa000 	C:\Windows\WinSxS\amd64_microsoft.windows.common-controls_6595b64144ccf1df_6.0.19041.1110_none_60b5254171f9507e\COMCTL32.dll
0x00007ffee0230000 - 0x00007ffee02cd000 	C:\Windows\System32\msvcp_win.dll
0x00007ffee1260000 - 0x00007ffee12fe000 	C:\Windows\System32\msvcrt.dll
0x00007ffee1eb0000 - 0x00007ffee1ee0000 	C:\Windows\System32\IMM32.DLL
0x00007ffed4f60000 - 0x00007ffed4f6c000 	C:\Users\DELL\Downloads\eclipse\plugins\org.eclipse.justj.openjdk.hotspot.jre.full.win32.x86_64_17.0.3.v20220515-1416\jre\bin\vcruntime140_1.dll
0x00007ffed1020000 - 0x00007ffed10b1000 	C:\Users\DELL\Downloads\eclipse\plugins\org.eclipse.justj.openjdk.hotspot.jre.full.win32.x86_64_17.0.3.v20220515-1416\jre\bin\msvcp140.dll
0x00007ffe78f40000 - 0x00007ffe79b88000 	C:\Users\DELL\Downloads\eclipse\plugins\org.eclipse.justj.openjdk.hotspot.jre.full.win32.x86_64_17.0.3.v20220515-1416\jre\bin\server\jvm.dll
0x00007ffee1c20000 - 0x00007ffee1cce000 	C:\Windows\System32\ADVAPI32.dll
0x00007ffee20b0000 - 0x00007ffee214c000 	C:\Windows\System32\sechost.dll
0x00007ffee0ed0000 - 0x00007ffee0ff5000 	C:\Windows\System32\RPCRT4.dll
0x00007ffee0d70000 - 0x00007ffee0d78000 	C:\Windows\System32\PSAPI.DLL
0x00007ffedb420000 - 0x00007ffedb429000 	C:\Windows\SYSTEM32\WSOCK32.dll
0x00007ffed4270000 - 0x00007ffed427a000 	C:\Windows\SYSTEM32\VERSION.dll
0x00007ffee1bb0000 - 0x00007ffee1c1b000 	C:\Windows\System32\WS2_32.dll
0x00007ffec4d80000 - 0x00007ffec4da7000 	C:\Windows\SYSTEM32\WINMM.dll
0x00007ffede640000 - 0x00007ffede652000 	C:\Windows\SYSTEM32\kernel.appcore.dll
0x00007ffed7830000 - 0x00007ffed783a000 	C:\Users\DELL\Downloads\eclipse\plugins\org.eclipse.justj.openjdk.hotspot.jre.full.win32.x86_64_17.0.3.v20220515-1416\jre\bin\jimage.dll
0x00007ffeddb90000 - 0x00007ffeddd74000 	C:\Windows\SYSTEM32\DBGHELP.DLL
0x00007ffecbba0000 - 0x00007ffecbbcc000 	C:\Windows\SYSTEM32\dbgcore.DLL
0x00007ffee0660000 - 0x00007ffee06e2000 	C:\Windows\System32\bcryptPrimitives.dll
0x00007ffed6af0000 - 0x00007ffed6b15000 	C:\Users\DELL\Downloads\eclipse\plugins\org.eclipse.justj.openjdk.hotspot.jre.full.win32.x86_64_17.0.3.v20220515-1416\jre\bin\java.dll
0x00007ffed7770000 - 0x00007ffed7788000 	C:\Users\DELL\Downloads\eclipse\plugins\org.eclipse.justj.openjdk.hotspot.jre.full.win32.x86_64_17.0.3.v20220515-1416\jre\bin\zip.dll
0x00007ffee1300000 - 0x00007ffee1a44000 	C:\Windows\System32\SHELL32.dll
0x00007ffedde90000 - 0x00007ffede624000 	C:\Windows\SYSTEM32\windows.storage.dll
0x00007ffee2150000 - 0x00007ffee24a4000 	C:\Windows\System32\combase.dll
0x00007ffedf810000 - 0x00007ffedf840000 	C:\Windows\SYSTEM32\Wldp.dll
0x00007ffee1ee0000 - 0x00007ffee1f8d000 	C:\Windows\System32\SHCORE.dll
0x00007ffee06f0000 - 0x00007ffee0745000 	C:\Windows\System32\shlwapi.dll
0x00007ffedfcf0000 - 0x00007ffedfd0f000 	C:\Windows\SYSTEM32\profapi.dll
0x00007ffed51c0000 - 0x00007ffed51d9000 	C:\Users\DELL\Downloads\eclipse\plugins\org.eclipse.justj.openjdk.hotspot.jre.full.win32.x86_64_17.0.3.v20220515-1416\jre\bin\net.dll
0x00007ffedacb0000 - 0x00007ffedadba000 	C:\Windows\SYSTEM32\WINHTTP.dll
0x00007ffedf570000 - 0x00007ffedf5da000 	C:\Windows\system32\mswsock.dll
0x00007ffed51a0000 - 0x00007ffed51b5000 	C:\Users\DELL\Downloads\eclipse\plugins\org.eclipse.justj.openjdk.hotspot.jre.full.win32.x86_64_17.0.3.v20220515-1416\jre\bin\nio.dll
0x00007ffedf210000 - 0x00007ffedf24b000 	C:\Windows\SYSTEM32\IPHLPAPI.DLL
0x00007ffee11a0000 - 0x00007ffee11a8000 	C:\Windows\System32\NSI.dll
0x00007ffed6c30000 - 0x00007ffed6c47000 	C:\Windows\SYSTEM32\dhcpcsvc6.DLL
0x00007ffed82c0000 - 0x00007ffed82dd000 	C:\Windows\SYSTEM32\dhcpcsvc.DLL
0x00007ffedf250000 - 0x00007ffedf31a000 	C:\Windows\SYSTEM32\DNSAPI.dll
0x00007ffed5d50000 - 0x00007ffed5d60000 	C:\Users\DELL\Downloads\eclipse\plugins\org.eclipse.justj.openjdk.hotspot.jre.full.win32.x86_64_17.0.3.v20220515-1416\jre\bin\verify.dll
0x00007ffedf760000 - 0x00007ffedf778000 	C:\Windows\SYSTEM32\CRYPTSP.dll
0x00007ffedee80000 - 0x00007ffedeeb4000 	C:\Windows\system32\rsaenh.dll
0x00007ffee0580000 - 0x00007ffee05a7000 	C:\Windows\System32\bcrypt.dll
0x00007ffedfc70000 - 0x00007ffedfc9e000 	C:\Windows\SYSTEM32\USERENV.dll
0x00007ffedf780000 - 0x00007ffedf78c000 	C:\Windows\SYSTEM32\CRYPTBASE.dll
0x00007ffed6a80000 - 0x00007ffed6a8a000 	C:\Windows\System32\rasadhlp.dll
0x00007ffed66d0000 - 0x00007ffed6750000 	C:\Windows\System32\fwpuclnt.dll
0x00007ffed50f0000 - 0x00007ffed50f9000 	C:\Users\DELL\Downloads\eclipse\plugins\org.eclipse.justj.openjdk.hotspot.jre.full.win32.x86_64_17.0.3.v20220515-1416\jre\bin\management.dll
0x00007ffed4d10000 - 0x00007ffed4d1b000 	C:\Users\DELL\Downloads\eclipse\plugins\org.eclipse.justj.openjdk.hotspot.jre.full.win32.x86_64_17.0.3.v20220515-1416\jre\bin\management_ext.dll
0x00007ffed5590000 - 0x00007ffed559e000 	C:\Users\DELL\Downloads\eclipse\plugins\org.eclipse.justj.openjdk.hotspot.jre.full.win32.x86_64_17.0.3.v20220515-1416\jre\bin\sunmscapi.dll
0x00007ffee0080000 - 0x00007ffee01d6000 	C:\Windows\System32\CRYPT32.dll
0x00007ffedf880000 - 0x00007ffedf8a7000 	C:\Windows\SYSTEM32\ncrypt.dll
0x00007ffedf840000 - 0x00007ffedf87b000 	C:\Windows\SYSTEM32\NTASN1.dll
0x00007ffed4aa0000 - 0x00007ffed4aa7000 	C:\Windows\system32\wshunix.dll
0x00007ffec1260000 - 0x00007ffec1277000 	C:\Windows\system32\napinsp.dll
0x00007ffed08d0000 - 0x00007ffed08eb000 	C:\Windows\system32\pnrpnsp.dll
0x00007ffeb7550000 - 0x00007ffeb7565000 	C:\Windows\system32\wshbth.dll
0x00007ffedb2e0000 - 0x00007ffedb2fd000 	C:\Windows\system32\NLAapi.dll
0x00007ffedac80000 - 0x00007ffedac92000 	C:\Windows\System32\winrnr.dll

dbghelp: loaded successfully - version: 4.0.5 - missing functions: none
symbol engine: initialized successfully - sym options: 0x614 - pdb path: .;C:\Users\DELL\Downloads\eclipse\plugins\org.eclipse.justj.openjdk.hotspot.jre.full.win32.x86_64_17.0.3.v20220515-1416\jre\bin;C:\Windows\SYSTEM32;C:\Windows\WinSxS\amd64_microsoft.windows.common-controls_6595b64144ccf1df_6.0.19041.1110_none_60b5254171f9507e;C:\Users\DELL\Downloads\eclipse\plugins\org.eclipse.justj.openjdk.hotspot.jre.full.win32.x86_64_17.0.3.v20220515-1416\jre\bin\server

VM Arguments:
jvm_args: -ea -Dfile.encoding=UTF-8 -XX:+ShowCodeDetailsInExceptionMessages 
java_command: org.eclipse.jdt.internal.junit.runner.RemoteTestRunner -version 3 -port 54609 -testLoaderClass org.eclipse.jdt.internal.junit4.runner.JUnit4TestLoader -loaderpluginname org.eclipse.jdt.junit4.runtime -classNames testRunner.TestRunner
java_class_path (initial): C:\Users\DELL\git\LearnED_Cucumber\LearnED\target\test-classes;C:\Users\DELL\git\LearnED_Cucumber\LearnED\target\classes;C:\Users\DELL\.m2\repository\junit\junit\4.12\junit-4.12.jar;C:\Users\DELL\.m2\repository\io\cucumber\cucumber-core\7.1.0\cucumber-core-7.1.0.jar;C:\Users\DELL\.m2\repository\io\cucumber\cucumber-gherkin\7.1.0\cucumber-gherkin-7.1.0.jar;C:\Users\DELL\.m2\repository\io\cucumber\cucumber-gherkin-messages\7.1.0\cucumber-gherkin-messages-7.1.0.jar;C:\Users\DELL\.m2\repository\io\cucumber\messages\17.1.1\messages-17.1.1.jar;C:\Users\DELL\.m2\repository\io\cucumber\tag-expressions\4.1.0\tag-expressions-4.1.0.jar;C:\Users\DELL\.m2\repository\io\cucumber\cucumber-expressions\13.0.1\cucumber-expressions-13.0.1.jar;C:\Users\DELL\.m2\repository\io\cucumber\datatable\7.1.0\datatable-7.1.0.jar;C:\Users\DELL\.m2\repository\io\cucumber\cucumber-plugin\7.1.0\cucumber-plugin-7.1.0.jar;C:\Users\DELL\.m2\repository\io\cucumber\docstring\7.1.0\docstring-7.1.0.jar;C:\Users\DELL\.m2\repository\io\cucumber\html-formatter\17.0.0\html-formatter-17.0.0.jar;C:\Users\DELL\.m2\repository\io\cucumber\create-meta\6.0.4\create-meta-6.0.4.jar;C:\Users\DELL\.m2\repository\org\apiguardian\apiguardian-api\1.1.2\apiguardian-api-1.1.2.jar;C:\Users\DELL\.m2\repository\io\cucumber\cucumber-java\7.1.0\cucumber-java-7.1.0.jar;C:\Users\DELL\.m2\repository\io\cucumber\cucumber-html\0.2.7\cucumber-html-0.2.7.jar;C:\Users\DELL\.m2\repository\io\cucumber\cucumber-jvm-deps\1.0.6\cucumber-jvm-deps-1.0.6.jar;C:\Users\DELL\.m2\repository\net\masterthought\cucumber-reporting\5.6.1\cucumber-reporting-5.6.1.jar;C:\Users\DELL\.m2\repository\com\fasterxml\jackson\core\jackson-databind\2.12.1\jackson-databind-2.12.1.jar;C:\Users\DELL\.m2\repository\com\fasterxml\jackson\core\jackson-annotations\2.12.1\jackson-annotations-2.12.1.jar;C:\Users\DELL\.m2\repository\com\fasterxml\jackson\core\jackson-core\2.12.1\jackson-core-2.12.1.jar;C:\Users\DELL\.m2\repository\com\fasterxml\ja
Launcher Type: SUN_STANDARD

[Global flags]
     intx CICompilerCount                          = 4                                         {product} {ergonomic}
     uint ConcGCThreads                            = 2                                         {product} {ergonomic}
     uint G1ConcRefinementThreads                  = 8                                         {product} {ergonomic}
   size_t G1HeapRegionSize                         = 1048576                                   {product} {ergonomic}
    uintx GCDrainStackTargetSize                   = 64                                        {product} {ergonomic}
   size_t InitialHeapSize                          = 130023424                                 {product} {ergonomic}
   size_t MarkStackSize                            = 4194304                                   {product} {ergonomic}
   size_t MaxHeapSize                              = 2078277632                                {product} {ergonomic}
   size_t MaxNewSize                               = 1246756864                                {product} {ergonomic}
   size_t MinHeapDeltaBytes                        = 1048576                                   {product} {ergonomic}
   size_t MinHeapSize                              = 8388608                                   {product} {ergonomic}
    uintx NonNMethodCodeHeapSize                   = 5839372                                {pd product} {ergonomic}
    uintx NonProfiledCodeHeapSize                  = 122909434                              {pd product} {ergonomic}
    uintx ProfiledCodeHeapSize                     = 122909434                              {pd product} {ergonomic}
    uintx ReservedCodeCacheSize                    = 251658240                              {pd product} {ergonomic}
     bool SegmentedCodeCache                       = true                                      {product} {ergonomic}
     bool ShowCodeDetailsInExceptionMessages       = true                                   {manageable} {command line}
   size_t SoftMaxHeapSize                          = 2078277632                             {manageable} {ergonomic}
     bool UseCompressedClassPointers               = true                           {product lp64_product} {ergonomic}
     bool UseCompressedOops                        = true                           {product lp64_product} {ergonomic}
     bool UseG1GC                                  = true                                      {product} {ergonomic}
     bool UseLargePagesIndividualAllocation        = false                                  {pd product} {ergonomic}

Logging:
Log output configuration:
 #0: stdout all=warning uptime,level,tags
 #1: stderr all=off uptime,level,tags

Environment Variables:
JAVA_HOME=C:\Program Files\Java\jdk-17.0.4
PATH=C:/Users/DELL/Downloads/eclipse//plugins/org.eclipse.justj.openjdk.hotspot.jre.full.win32.x86_64_17.0.3.v20220515-1416/jre/bin/server;C:/Users/DELL/Downloads/eclipse//plugins/org.eclipse.justj.openjdk.hotspot.jre.full.win32.x86_64_17.0.3.v20220515-1416/jre/bin;C:\Program Files\Common Files\Oracle\Java\javapath;C:\Windows\system32;C:\Windows;C:\Windows\System32\Wbem;C:\Windows\System32\WindowsPowerShell\v1.0\;C:\Windows\System32\OpenSSH\;C:\apache-maven-3.8.6\bin;C:\apache-maven-3.8.6\bin;C:\apache-maven-3.8.6\bin;C:\Program Files\Java\jdk-17.0.4\bin;C:\Users\DELL\AppData\Local\Microsoft\WindowsApps;;C:\Users\DELL\AppData\Local\Programs\Microsoft VS Code\bin;C:\Users\DELL\Downloads\eclipse;
USERNAME=DELL
OS=Windows_NT
PROCESSOR_IDENTIFIER=Intel64 Family 6 Model 140 Stepping 1, GenuineIntel



---------------  S Y S T E M  ---------------

OS:
 Windows 10 , 64 bit Build 19041 (10.0.19041.1889)
OS uptime: 14 days 4:21 hours

CPU: total 8 (initial active 8) (4 cores per cpu, 2 threads per core) family 6 model 140 stepping 1 microcode 0xa4, cx8, cmov, fxsr, ht, mmx, 3dnowpref, sse, sse2, sse3, ssse3, sse4.1, sse4.2, popcnt, lzcnt, tsc, tscinvbit, avx, avx2, aes, erms, clmul, bmi1, bmi2, adx, avx512f, avx512dq, avx512cd, avx512bw, avx512vl, sha, fma, vzeroupper, avx512_vpopcntdq, avx512_vpclmulqdq, avx512_vaes, avx512_vnni, clflush, clflushopt, clwb, avx512_vbmi2, avx512_vbmi

Memory: 4k page, system-wide physical 7926M (793M free)
TotalPageFile size 9974M (AvailPageFile size 5M)
current process WorkingSet (physical memory assigned to process): 178M, peak: 178M
current process commit charge ("private bytes"): 211M, peak: 239M

vm_info: OpenJDK 64-Bit Server VM (17.0.3+7) for windows-amd64 JRE (17.0.3+7), built on Apr 19 2022 16:55:35 by "" with MS VC++ 16.7 (VS2019)

END.
