#
# There is insufficient memory for the Java Runtime Environment to continue.
# Native memory allocation (malloc) failed to allocate 743792 bytes for Chunk::new
# Possible reasons:
#   The system is out of physical RAM or swap space
#   The process is running with CompressedOops enabled, and the Java Heap may be blocking the growth of the native heap
# Possible solutions:
#   Reduce memory load on the system
#   Increase physical memory or swap space
#   Check if swap backing store is full
#   Decrease Java heap size (-Xmx/-Xms)
#   Decrease number of Java threads
#   Decrease Java thread stack sizes (-Xss)
#   Set larger code cache with -XX:ReservedCodeCacheSize=
#   JVM is running with Unscaled Compressed Oops mode in which the Java heap is
#     placed in the first 4GB address space. The Java Heap base address is the
#     maximum limit for the native heap growth. Please use -XX:HeapBaseMinAddress
#     to set the Java Heap base and to place the Java Heap above 4GB virtual address.
# This output file may be truncated or incomplete.
#
#  Out of Memory Error (arena.cpp:189), pid=6548, tid=10368
#
# JRE version: OpenJDK Runtime Environment Temurin-17.0.3+7 (17.0.3+7) (build 17.0.3+7)
# Java VM: OpenJDK 64-Bit Server VM Temurin-17.0.3+7 (17.0.3+7, mixed mode, tiered, compressed oops, compressed class ptrs, g1 gc, windows-amd64)
# No core dump will be written. Minidumps are not enabled by default on client versions of Windows
#

---------------  S U M M A R Y ------------

Command Line: -ea -Dfile.encoding=UTF-8 -XX:+ShowCodeDetailsInExceptionMessages org.eclipse.jdt.internal.junit.runner.RemoteTestRunner -version 3 -port 61091 -testLoaderClass org.eclipse.jdt.internal.junit4.runner.JUnit4TestLoader -loaderpluginname org.eclipse.jdt.junit4.runtime -classNames testRunner.TestRunner

Host: 11th Gen Intel(R) Core(TM) i5-1135G7 @ 2.40GHz, 8 cores, 7G,  Windows 10 , 64 bit Build 19041 (10.0.19041.1889)
Time: Wed Sep 21 15:30:14 2022 India Standard Time elapsed time: 2.752284 seconds (0d 0h 0m 2s)

---------------  T H R E A D  ---------------

Current thread (0x000002195b079880):  JavaThread "C2 CompilerThread0" daemon [_thread_in_native, id=10368, stack(0x00000063cce00000,0x00000063ccf00000)]


Current CompileTask:
C2:   2752 2428       4       java.lang.invoke.MethodType::makeImpl (109 bytes)

Stack: [0x00000063cce00000,0x00000063ccf00000]
Native frames: (J=compiled Java code, j=interpreted, Vv=VM code, C=native code)
V  [jvm.dll+0x675efa]
V  [jvm.dll+0x830a24]
V  [jvm.dll+0x8321ce]
V  [jvm.dll+0x832833]
V  [jvm.dll+0x2454b5]
V  [jvm.dll+0xabd7b]
V  [jvm.dll+0xac30c]
V  [jvm.dll+0x363627]
V  [jvm.dll+0x1bb882]
V  [jvm.dll+0x2184b9]
V  [jvm.dll+0x217781]
V  [jvm.dll+0x1a3ccd]
V  [jvm.dll+0x227178]
V  [jvm.dll+0x2252bc]
V  [jvm.dll+0x7e673b]
V  [jvm.dll+0x7e0cfa]
V  [jvm.dll+0x674d85]
C  [ucrtbase.dll+0x21bb2]
C  [KERNEL32.DLL+0x17034]
C  [ntdll.dll+0x52651]


---------------  P R O C E S S  ---------------

Threads class SMR info:
_java_thread_list=0x000002195e833350, length=26, elements={
0x000002193e56be50, 0x000002195b051020, 0x000002195b0518e0, 0x000002195b071500,
0x000002195b0719d0, 0x000002195b0744b0, 0x000002195b074d70, 0x000002195b079880,
0x000002195b07a230, 0x000002195b0982a0, 0x000002195b1f3a40, 0x000002195b20fd60,
0x000002195b6964a0, 0x000002195c4e65e0, 0x000002195e01f890, 0x000002195c778870,
0x000002195c701040, 0x000002195c871480, 0x000002195c871950, 0x000002195cabf490,
0x000002195cac07d0, 0x000002195cabfe30, 0x000002195cabefc0, 0x000002195c86bc50,
0x000002195cabf960, 0x000002195e6d43a0
}

Java Threads: ( => current thread )
  0x000002193e56be50 JavaThread "main" [_thread_in_native, id=19112, stack(0x00000063cc100000,0x00000063cc200000)]
  0x000002195b051020 JavaThread "Reference Handler" daemon [_thread_blocked, id=15916, stack(0x00000063cc800000,0x00000063cc900000)]
  0x000002195b0518e0 JavaThread "Finalizer" daemon [_thread_blocked, id=14712, stack(0x00000063cc900000,0x00000063cca00000)]
  0x000002195b071500 JavaThread "Signal Dispatcher" daemon [_thread_blocked, id=8456, stack(0x00000063cca00000,0x00000063ccb00000)]
  0x000002195b0719d0 JavaThread "Attach Listener" daemon [_thread_blocked, id=14512, stack(0x00000063ccb00000,0x00000063ccc00000)]
  0x000002195b0744b0 JavaThread "Service Thread" daemon [_thread_blocked, id=12548, stack(0x00000063ccc00000,0x00000063ccd00000)]
  0x000002195b074d70 JavaThread "Monitor Deflation Thread" daemon [_thread_blocked, id=9620, stack(0x00000063ccd00000,0x00000063cce00000)]
=>0x000002195b079880 JavaThread "C2 CompilerThread0" daemon [_thread_in_native, id=10368, stack(0x00000063cce00000,0x00000063ccf00000)]
  0x000002195b07a230 JavaThread "C1 CompilerThread0" daemon [_thread_blocked, id=9080, stack(0x00000063ccf00000,0x00000063cd000000)]
  0x000002195b0982a0 JavaThread "Sweeper thread" daemon [_thread_blocked, id=19412, stack(0x00000063cd000000,0x00000063cd100000)]
  0x000002195b1f3a40 JavaThread "Notification Thread" daemon [_thread_blocked, id=8320, stack(0x00000063cd100000,0x00000063cd200000)]
  0x000002195b20fd60 JavaThread "Common-Cleaner" daemon [_thread_blocked, id=5064, stack(0x00000063cd300000,0x00000063cd400000)]
  0x000002195b6964a0 JavaThread "ReaderThread" [_thread_in_native, id=9816, stack(0x00000063cd600000,0x00000063cd700000)]
  0x000002195c4e65e0 JavaThread "ForkJoinPool.commonPool-worker-1" daemon [_thread_blocked, id=8048, stack(0x00000063cdf00000,0x00000063ce000000)]
  0x000002195e01f890 JavaThread "AsyncHttpClient-1-1" daemon [_thread_blocked, id=6596, stack(0x00000063ce000000,0x00000063ce100000)]
  0x000002195c778870 JavaThread "Exec Default Executor" daemon [_thread_in_native, id=15668, stack(0x00000063cd400000,0x00000063cd500000)]
  0x000002195c701040 JavaThread "Driver Service Executor" daemon [_thread_blocked, id=4860, stack(0x00000063cd500000,0x00000063cd600000)]
  0x000002195c871480 JavaThread "Driver Service Executor" daemon [_thread_blocked, id=1916, stack(0x00000063ce100000,0x00000063ce200000)]
  0x000002195c871950 JavaThread "UrlChecker-2" daemon [_thread_blocked, id=18160, stack(0x00000063ce200000,0x00000063ce300000)]
  0x000002195cabf490 JavaThread "Exec Stream Pumper" daemon [_thread_in_native, id=15728, stack(0x00000063ce300000,0x00000063ce400000)]
  0x000002195cac07d0 JavaThread "Exec Stream Pumper" daemon [_thread_in_native, id=11044, stack(0x00000063ce400000,0x00000063ce500000)]
  0x000002195cabfe30 JavaThread "Keep-Alive-Timer" daemon [_thread_blocked, id=9832, stack(0x00000063ce600000,0x00000063ce700000)]
  0x000002195cabefc0 JavaThread "AsyncHttpClient-1-2" daemon [_thread_in_native, id=10624, stack(0x00000063ce700000,0x00000063ce800000)]
  0x000002195c86bc50 JavaThread "C2 CompilerThread1" daemon [_thread_blocked, id=14388, stack(0x00000063ce800000,0x00000063ce900000)]
  0x000002195cabf960 JavaThread "AsyncHttpClient-1-3" daemon [_thread_in_native, id=13568, stack(0x00000063ce900000,0x00000063cea00000)]
  0x000002195e6d43a0 JavaThread "AsyncHttpClient-1-4" daemon [_thread_in_native, id=15940, stack(0x00000063cea00000,0x00000063ceb00000)]

Other Threads:
  0x000002195a0397b0 VMThread "VM Thread" [stack: 0x00000063cc700000,0x00000063cc800000] [id=14652]
  0x0000021940710370 WatcherThread [stack: 0x00000063cd200000,0x00000063cd300000] [id=11516]
  0x00000219406d61c0 GCTaskThread "GC Thread#0" [stack: 0x00000063cc200000,0x00000063cc300000] [id=2032]
  0x000002195c2c8040 GCTaskThread "GC Thread#1" [stack: 0x00000063cd700000,0x00000063cd800000] [id=10736]
  0x000002195c2c82f0 GCTaskThread "GC Thread#2" [stack: 0x00000063cd800000,0x00000063cd900000] [id=7924]
  0x000002195c2c85a0 GCTaskThread "GC Thread#3" [stack: 0x00000063cd900000,0x00000063cda00000] [id=17704]
  0x000002195c2ee8d0 GCTaskThread "GC Thread#4" [stack: 0x00000063cda00000,0x00000063cdb00000] [id=4740]
  0x000002195bdd0660 GCTaskThread "GC Thread#5" [stack: 0x00000063cdb00000,0x00000063cdc00000] [id=12576]
  0x000002195c286de0 GCTaskThread "GC Thread#6" [stack: 0x00000063cdc00000,0x00000063cdd00000] [id=14352]
  0x000002195c7a24a0 GCTaskThread "GC Thread#7" [stack: 0x00000063cdd00000,0x00000063cde00000] [id=9232]
  0x0000021940703580 ConcurrentGCThread "G1 Main Marker" [stack: 0x00000063cc300000,0x00000063cc400000] [id=14716]
  0x0000021940704eb0 ConcurrentGCThread "G1 Conc#0" [stack: 0x00000063cc400000,0x00000063cc500000] [id=13780]
  0x000002195c5524e0 ConcurrentGCThread "G1 Conc#1" [stack: 0x00000063cde00000,0x00000063cdf00000] [id=16712]
  0x0000021959ea7c70 ConcurrentGCThread "G1 Refine#0" [stack: 0x00000063cc500000,0x00000063cc600000] [id=13840]
  0x000002194074e8d0 ConcurrentGCThread "G1 Service" [stack: 0x00000063cc600000,0x00000063cc700000] [id=17012]

Threads with active compile tasks:
C2 CompilerThread0     2766 2428       4       java.lang.invoke.MethodType::makeImpl (109 bytes)

VM state: not at safepoint (normal execution)

VM Mutex/Monitor currently owned by a thread: None

Heap address: 0x0000000084200000, size: 1982 MB, Compressed Oops mode: 32-bit

CDS archive(s) not mapped
Compressed class space mapped at: 0x0000000100000000-0x0000000140000000, reserved size: 1073741824
Narrow klass base: 0x0000000000000000, Narrow klass shift: 3, Narrow klass range: 0x140000000

GC Precious Log:
 CPUs: 8 total, 8 available
 Memory: 7926M
 Large Page Support: Disabled
 NUMA Support: Disabled
 Compressed Oops: Enabled (32-bit)
 Heap Region Size: 1M
 Heap Min Capacity: 8M
 Heap Initial Capacity: 124M
 Heap Max Capacity: 1982M
 Pre-touch: Disabled
 Parallel Workers: 8
 Concurrent Workers: 2
 Concurrent Refinement Workers: 8
 Periodic GC: Disabled

Heap:
 garbage-first heap   total 45056K, used 36381K [0x0000000084200000, 0x0000000100000000)
  region size 1024K, 8 young (8192K), 1 survivors (1024K)
 Metaspace       used 35558K, committed 35904K, reserved 1081344K
  class space    used 4132K, committed 4288K, reserved 1048576K

Heap Regions: E=young(eden), S=young(survivor), O=old, HS=humongous(starts), HC=humongous(continues), CS=collection set, F=free, OA=open archive, CA=closed archive, TAMS=top-at-mark-start (previous, next)
|   0|0x0000000084200000, 0x0000000084300000, 0x0000000084300000|100%| O|  |TAMS 0x0000000084300000, 0x0000000084300000| Untracked 
|   1|0x0000000084300000, 0x0000000084400000, 0x0000000084400000|100%| O|  |TAMS 0x0000000084400000, 0x0000000084400000| Untracked 
|   2|0x0000000084400000, 0x0000000084500000, 0x0000000084500000|100%| O|  |TAMS 0x0000000084465200, 0x0000000084500000| Untracked 
|   3|0x0000000084500000, 0x0000000084600000, 0x0000000084600000|100%| O|  |TAMS 0x0000000084500000, 0x0000000084600000| Untracked 
|   4|0x0000000084600000, 0x0000000084700000, 0x0000000084700000|100%| O|  |TAMS 0x0000000084600000, 0x0000000084700000| Untracked 
|   5|0x0000000084700000, 0x00000000847d0c00, 0x0000000084800000| 81%| O|  |TAMS 0x0000000084700000, 0x0000000084700000| Untracked 
|   6|0x0000000084800000, 0x0000000084900000, 0x0000000084900000|100%| O|  |TAMS 0x0000000084800000, 0x0000000084900000| Untracked 
|   7|0x0000000084900000, 0x0000000084a00000, 0x0000000084a00000|100%| O|  |TAMS 0x0000000084900000, 0x0000000084a00000| Untracked 
|   8|0x0000000084a00000, 0x0000000084b00000, 0x0000000084b00000|100%| O|  |TAMS 0x0000000084a00000, 0x0000000084b00000| Untracked 
|   9|0x0000000084b00000, 0x0000000084c00000, 0x0000000084c00000|100%| O|  |TAMS 0x0000000084b00000, 0x0000000084c00000| Untracked 
|  10|0x0000000084c00000, 0x0000000084d00000, 0x0000000084d00000|100%| O|  |TAMS 0x0000000084c00000, 0x0000000084d00000| Untracked 
|  11|0x0000000084d00000, 0x0000000084d00000, 0x0000000084e00000|  0%| F|  |TAMS 0x0000000084d00000, 0x0000000084d00000| Untracked 
|  12|0x0000000084e00000, 0x0000000084e00000, 0x0000000084f00000|  0%| F|  |TAMS 0x0000000084e00000, 0x0000000084e00000| Untracked 
|  13|0x0000000084f00000, 0x0000000084f00000, 0x0000000085000000|  0%| F|  |TAMS 0x0000000084f00000, 0x0000000084f00000| Untracked 
|  14|0x0000000085000000, 0x0000000085100000, 0x0000000085100000|100%| O|  |TAMS 0x0000000085000000, 0x0000000085019a00| Untracked 
|  15|0x0000000085100000, 0x0000000085100000, 0x0000000085200000|  0%| F|  |TAMS 0x0000000085100000, 0x0000000085100000| Untracked 
|  16|0x0000000085200000, 0x0000000085200000, 0x0000000085300000|  0%| F|  |TAMS 0x0000000085200000, 0x0000000085200000| Untracked 
|  17|0x0000000085300000, 0x0000000085300000, 0x0000000085400000|  0%| F|  |TAMS 0x0000000085300000, 0x0000000085300000| Untracked 
|  18|0x0000000085400000, 0x0000000085400000, 0x0000000085500000|  0%| F|  |TAMS 0x0000000085400000, 0x0000000085400000| Untracked 
|  19|0x0000000085500000, 0x0000000085600000, 0x0000000085600000|100%| E|  |TAMS 0x0000000085500000, 0x0000000085500000| Complete 
|  20|0x0000000085600000, 0x0000000085700000, 0x0000000085700000|100%| E|CS|TAMS 0x0000000085600000, 0x0000000085600000| Complete 
|  21|0x0000000085700000, 0x0000000085800000, 0x0000000085800000|100%| E|CS|TAMS 0x0000000085700000, 0x0000000085700000| Complete 
|  22|0x0000000085800000, 0x00000000858b6a60, 0x0000000085900000| 71%| S|CS|TAMS 0x0000000085800000, 0x0000000085800000| Complete 
|  23|0x0000000085900000, 0x0000000085a00000, 0x0000000085a00000|100%|HS|  |TAMS 0x0000000085900000, 0x0000000085900000| Complete 
|  24|0x0000000085a00000, 0x0000000085b00000, 0x0000000085b00000|100%|HC|  |TAMS 0x0000000085a00000, 0x0000000085a00000| Complete 
|  25|0x0000000085b00000, 0x0000000085c00000, 0x0000000085c00000|100%|HC|  |TAMS 0x0000000085b00000, 0x0000000085b00000| Complete 
|  26|0x0000000085c00000, 0x0000000085d00000, 0x0000000085d00000|100%|HC|  |TAMS 0x0000000085c00000, 0x0000000085c00000| Complete 
|  27|0x0000000085d00000, 0x0000000085e00000, 0x0000000085e00000|100%|HC|  |TAMS 0x0000000085d00000, 0x0000000085d00000| Complete 
|  28|0x0000000085e00000, 0x0000000085f00000, 0x0000000085f00000|100%|HC|  |TAMS 0x0000000085e00000, 0x0000000085e00000| Complete 
|  29|0x0000000085f00000, 0x0000000086000000, 0x0000000086000000|100%|HC|  |TAMS 0x0000000085f00000, 0x0000000085f00000| Complete 
|  30|0x0000000086000000, 0x0000000086100000, 0x0000000086100000|100%|HC|  |TAMS 0x0000000086000000, 0x0000000086000000| Complete 
|  31|0x0000000086100000, 0x0000000086200000, 0x0000000086200000|100%|HC|  |TAMS 0x0000000086100000, 0x0000000086100000| Complete 
|  32|0x0000000086200000, 0x0000000086300000, 0x0000000086300000|100%|HC|  |TAMS 0x0000000086200000, 0x0000000086200000| Complete 
|  33|0x0000000086300000, 0x0000000086400000, 0x0000000086400000|100%|HC|  |TAMS 0x0000000086300000, 0x0000000086300000| Complete 
|  34|0x0000000086400000, 0x0000000086500000, 0x0000000086500000|100%|HC|  |TAMS 0x0000000086400000, 0x0000000086400000| Complete 
|  35|0x0000000086500000, 0x0000000086600000, 0x0000000086600000|100%|HC|  |TAMS 0x0000000086500000, 0x0000000086500000| Complete 
|  36|0x0000000086600000, 0x0000000086700000, 0x0000000086700000|100%|HC|  |TAMS 0x0000000086600000, 0x0000000086600000| Complete 
|  37|0x0000000086700000, 0x0000000086800000, 0x0000000086800000|100%|HC|  |TAMS 0x0000000086700000, 0x0000000086700000| Complete 
|  38|0x0000000086800000, 0x0000000086900000, 0x0000000086900000|100%|HC|  |TAMS 0x0000000086800000, 0x0000000086800000| Complete 
|  39|0x0000000086900000, 0x0000000086a00000, 0x0000000086a00000|100%|HC|  |TAMS 0x0000000086900000, 0x0000000086900000| Complete 
|  96|0x000000008a200000, 0x000000008a300000, 0x000000008a300000|100%| E|CS|TAMS 0x000000008a200000, 0x000000008a200000| Complete 
|  97|0x000000008a300000, 0x000000008a400000, 0x000000008a400000|100%| E|CS|TAMS 0x000000008a300000, 0x000000008a300000| Complete 
| 101|0x000000008a700000, 0x000000008a800000, 0x000000008a800000|100%| E|CS|TAMS 0x000000008a700000, 0x000000008a700000| Complete 
| 123|0x000000008bd00000, 0x000000008be00000, 0x000000008be00000|100%| E|CS|TAMS 0x000000008bd00000, 0x000000008bd00000| Complete 

Card table byte_map: [0x0000021953440000,0x0000021953820000] _byte_map_base: 0x000002195301f000

Marking Bits (Prev, Next): (CMBitMap*) 0x00000219406d6720, (CMBitMap*) 0x00000219406d66e0
 Prev Bits: [0x0000021955b00000, 0x00000219579f8000)
 Next Bits: [0x0000021953c00000, 0x0000021955af8000)

Polling page: 0x000002193e670000

Metaspace:

Usage:
  Non-class:     30.69 MB used.
      Class:      4.04 MB used.
       Both:     34.73 MB used.

Virtual space:
  Non-class space:       32.00 MB reserved,      30.88 MB ( 96%) committed,  4 nodes.
      Class space:        1.00 GB reserved,       4.19 MB ( <1%) committed,  1 nodes.
             Both:        1.03 GB reserved,      35.06 MB (  3%) committed. 

Chunk freelists:
   Non-Class:  1.16 MB
       Class:  3.80 MB
        Both:  4.95 MB

MaxMetaspaceSize: unlimited
CompressedClassSpaceSize: 1.00 GB
Initial GC threshold: 21.00 MB
Current GC threshold: 35.12 MB
CDS: off
MetaspaceReclaimPolicy: balanced
 - commit_granule_bytes: 65536.
 - commit_granule_words: 8192.
 - virtual_space_node_default_size: 1048576.
 - enlarge_chunks_in_place: 1.
 - new_chunks_are_fully_committed: 0.
 - uncommit_free_chunks: 1.
 - use_allocation_guard: 0.
 - handle_deallocations: 1.


Internal statistics:

num_allocs_failed_limit: 3.
num_arena_births: 240.
num_arena_deaths: 0.
num_vsnodes_births: 5.
num_vsnodes_deaths: 0.
num_space_committed: 561.
num_space_uncommitted: 0.
num_chunks_returned_to_freelist: 3.
num_chunks_taken_from_freelist: 946.
num_chunk_merges: 0.
num_chunk_splits: 663.
num_chunks_enlarged: 540.
num_purges: 0.
num_inconsistent_stats: 0.

CodeHeap 'non-profiled nmethods': size=120000Kb used=1137Kb max_used=1137Kb free=118862Kb
 bounds [0x000002194b800000, 0x000002194ba70000, 0x0000021952d30000]
CodeHeap 'profiled nmethods': size=120000Kb used=4889Kb max_used=4889Kb free=115111Kb
 bounds [0x00000219442d0000, 0x00000219447a0000, 0x000002194b800000]
CodeHeap 'non-nmethods': size=5760Kb used=1287Kb max_used=1314Kb free=4472Kb
 bounds [0x0000021943d30000, 0x0000021943fa0000, 0x00000219442d0000]
 total_blobs=3122 nmethods=2534 adapters=500
 compilation: enabled
              stopped_count=0, restarted_count=0
 full_count=0

Compilation events (20 events):
Event: 2.744 Thread 0x000002195b07a230 2510       3       java.util.AbstractQueue::<init> (5 bytes)
Event: 2.744 Thread 0x000002195b07a230 nmethod 2510 0x000002194478ba10 code [0x000002194478bbc0, 0x000002194478bd78]
Event: 2.744 Thread 0x000002195b07a230 2511       3       io.netty.util.internal.shaded.org.jctools.util.Pow2::roundToPowerOfTwo (88 bytes)
Event: 2.744 Thread 0x000002195b07a230 nmethod 2511 0x000002194478be90 code [0x000002194478c1a0, 0x000002194478cea8]
Event: 2.749 Thread 0x000002195b07a230 2513       1       io.netty.util.AsciiString::length (5 bytes)
Event: 2.749 Thread 0x000002195b07a230 nmethod 2513 0x000002194b91b510 code [0x000002194b91b6a0, 0x000002194b91b778]
Event: 2.749 Thread 0x000002195b07a230 2514       1       io.netty.buffer.PooledByteBuf::capacity (5 bytes)
Event: 2.749 Thread 0x000002195b07a230 nmethod 2514 0x000002194b91b810 code [0x000002194b91b9a0, 0x000002194b91ba78]
Event: 2.749 Thread 0x000002195b07a230 2515       3       io.netty.channel.nio.AbstractNioChannel::eventLoop (8 bytes)
Event: 2.749 Thread 0x000002195b07a230 nmethod 2515 0x000002194478d390 code [0x000002194478d540, 0x000002194478d888]
Event: 2.750 Thread 0x000002195b07a230 2516       3       io.netty.channel.AbstractChannel::eventLoop (21 bytes)
Event: 2.750 Thread 0x000002195b07a230 nmethod 2516 0x000002194478d990 code [0x000002194478db40, 0x000002194478dd48]
Event: 2.750 Thread 0x000002195b07a230 2517       3       io.netty.channel.nio.AbstractNioChannel::eventLoop (5 bytes)
Event: 2.750 Thread 0x000002195b07a230 nmethod 2517 0x000002194478de10 code [0x000002194478dfe0, 0x000002194478e408]
Event: 2.750 Thread 0x000002195b07a230 2518       3       io.netty.buffer.PooledUnsafeDirectByteBuf::_getByte (9 bytes)
Event: 2.750 Thread 0x000002195b07a230 nmethod 2518 0x000002194478e590 code [0x000002194478e760, 0x000002194478eaf8]
Event: 2.750 Thread 0x000002195b07a230 2519       3       io.netty.buffer.UnsafeByteBufUtil::getByte (5 bytes)
Event: 2.750 Thread 0x000002195b07a230 nmethod 2519 0x000002194478ec90 code [0x000002194478ee40, 0x000002194478f0d8]
Event: 2.750 Thread 0x000002195b07a230 2520       3       io.netty.util.internal.PlatformDependent::getByte (5 bytes)
Event: 2.750 Thread 0x000002195b07a230 nmethod 2520 0x000002194478f210 code [0x000002194478f3c0, 0x000002194478f5f8]

GC Heap History (12 events):
Event: 0.638 GC heap before
{Heap before GC invocations=0 (full 0):
 garbage-first heap   total 126976K, used 22528K [0x0000000084200000, 0x0000000100000000)
  region size 1024K, 23 young (23552K), 0 survivors (0K)
 Metaspace       used 14900K, committed 15040K, reserved 1064960K
  class space    used 1491K, committed 1536K, reserved 1048576K
}
Event: 0.643 GC heap after
{Heap after GC invocations=1 (full 0):
 garbage-first heap   total 126976K, used 5524K [0x0000000084200000, 0x0000000100000000)
  region size 1024K, 3 young (3072K), 3 survivors (3072K)
 Metaspace       used 14900K, committed 15040K, reserved 1064960K
  class space    used 1491K, committed 1536K, reserved 1048576K
}
Event: 1.022 GC heap before
{Heap before GC invocations=1 (full 0):
 garbage-first heap   total 126976K, used 27028K [0x0000000084200000, 0x0000000100000000)
  region size 1024K, 25 young (25600K), 3 survivors (3072K)
 Metaspace       used 21303K, committed 21504K, reserved 1073152K
  class space    used 2253K, committed 2368K, reserved 1048576K
}
Event: 1.027 GC heap after
{Heap after GC invocations=2 (full 0):
 garbage-first heap   total 126976K, used 8150K [0x0000000084200000, 0x0000000100000000)
  region size 1024K, 3 young (3072K), 3 survivors (3072K)
 Metaspace       used 21303K, committed 21504K, reserved 1073152K
  class space    used 2253K, committed 2368K, reserved 1048576K
}
Event: 1.409 GC heap before
{Heap before GC invocations=3 (full 0):
 garbage-first heap   total 34816K, used 25558K [0x0000000084200000, 0x0000000100000000)
  region size 1024K, 20 young (20480K), 3 survivors (3072K)
 Metaspace       used 26558K, committed 26816K, reserved 1073152K
  class space    used 2903K, committed 3008K, reserved 1048576K
}
Event: 1.413 GC heap after
{Heap after GC invocations=4 (full 0):
 garbage-first heap   total 34816K, used 10498K [0x0000000084200000, 0x0000000100000000)
  region size 1024K, 3 young (3072K), 3 survivors (3072K)
 Metaspace       used 26558K, committed 26816K, reserved 1073152K
  class space    used 2903K, committed 3008K, reserved 1048576K
}
Event: 1.416 GC heap before
{Heap before GC invocations=4 (full 0):
 garbage-first heap   total 34816K, used 11522K [0x0000000084200000, 0x0000000100000000)
  region size 1024K, 4 young (4096K), 3 survivors (3072K)
 Metaspace       used 26577K, committed 26816K, reserved 1073152K
  class space    used 2904K, committed 3008K, reserved 1048576K
}
Event: 1.418 GC heap after
{Heap after GC invocations=5 (full 0):
 garbage-first heap   total 34816K, used 11027K [0x0000000084200000, 0x0000000100000000)
  region size 1024K, 1 young (1024K), 1 survivors (1024K)
 Metaspace       used 26577K, committed 26816K, reserved 1073152K
  class space    used 2904K, committed 3008K, reserved 1048576K
}
Event: 1.701 GC heap before
{Heap before GC invocations=5 (full 0):
 garbage-first heap   total 34816K, used 23315K [0x0000000084200000, 0x0000000100000000)
  region size 1024K, 13 young (13312K), 1 survivors (1024K)
 Metaspace       used 31180K, committed 31424K, reserved 1081344K
  class space    used 3489K, committed 3584K, reserved 1048576K
}
Event: 1.703 GC heap after
{Heap after GC invocations=6 (full 0):
 garbage-first heap   total 34816K, used 12152K [0x0000000084200000, 0x0000000100000000)
  region size 1024K, 2 young (2048K), 2 survivors (2048K)
 Metaspace       used 31180K, committed 31424K, reserved 1081344K
  class space    used 3489K, committed 3584K, reserved 1048576K
}
Event: 1.905 GC heap before
{Heap before GC invocations=6 (full 0):
 garbage-first heap   total 34816K, used 22392K [0x0000000084200000, 0x0000000100000000)
  region size 1024K, 13 young (13312K), 2 survivors (2048K)
 Metaspace       used 33958K, committed 34176K, reserved 1081344K
  class space    used 3898K, committed 3968K, reserved 1048576K
}
Event: 1.907 GC heap after
{Heap after GC invocations=7 (full 0):
 garbage-first heap   total 34816K, used 12829K [0x0000000084200000, 0x0000000100000000)
  region size 1024K, 1 young (1024K), 1 survivors (1024K)
 Metaspace       used 33958K, committed 34176K, reserved 1081344K
  class space    used 3898K, committed 3968K, reserved 1048576K
}

Deoptimization events (20 events):
Event: 1.493 Thread 0x000002193e56be50 DEOPT PACKING pc=0x00000219445f15c3 sp=0x00000063cc1fbaa0
Event: 1.493 Thread 0x000002193e56be50 DEOPT UNPACKING pc=0x0000021943d86763 sp=0x00000063cc1faf38 mode 0
Event: 1.603 Thread 0x000002193e56be50 Uncommon trap: trap_request=0xffffff45 fr.pc=0x000002194b862bfc relative=0x000000000000055c
Event: 1.603 Thread 0x000002193e56be50 Uncommon trap: reason=unstable_if action=reinterpret pc=0x000002194b862bfc method=java.lang.String.replace(CC)Ljava/lang/String; @ 2 c2
Event: 1.603 Thread 0x000002193e56be50 DEOPT PACKING pc=0x000002194b862bfc sp=0x00000063cc1fcee0
Event: 1.603 Thread 0x000002193e56be50 DEOPT UNPACKING pc=0x0000021943d85c23 sp=0x00000063cc1fce90 mode 2
Event: 1.607 Thread 0x000002195c701040 Uncommon trap: trap_request=0xffffffc6 fr.pc=0x000002194b8ae5c4 relative=0x0000000000001da4
Event: 1.607 Thread 0x000002195c701040 Uncommon trap: reason=bimorphic_or_optimized_type_check action=maybe_recompile pc=0x000002194b8ae5c4 method=java.net.URL.<init>(Ljava/net/URL;Ljava/lang/String;Ljava/net/URLStreamHandler;)V @ 504 c2
Event: 1.607 Thread 0x000002195c701040 DEOPT PACKING pc=0x000002194b8ae5c4 sp=0x00000063cd5ff280
Event: 1.607 Thread 0x000002195c701040 DEOPT UNPACKING pc=0x0000021943d85c23 sp=0x00000063cd5ff200 mode 2
Event: 1.618 Thread 0x000002195c871950 Uncommon trap: trap_request=0xffffff45 fr.pc=0x000002194b8d6b78 relative=0x00000000000000d8
Event: 1.618 Thread 0x000002195c871950 Uncommon trap: reason=unstable_if action=reinterpret pc=0x000002194b8d6b78 method=java.lang.CharacterDataLatin1.digit(II)I @ 12 c2
Event: 1.618 Thread 0x000002195c871950 DEOPT PACKING pc=0x000002194b8d6b78 sp=0x00000063ce2fec60
Event: 1.618 Thread 0x000002195c871950 DEOPT UNPACKING pc=0x0000021943d85c23 sp=0x00000063ce2feb18 mode 2
Event: 1.642 Thread 0x000002195c871950 Uncommon trap: trap_request=0xffffff45 fr.pc=0x000002194b8d67c8 relative=0x00000000000000a8
Event: 1.642 Thread 0x000002195c871950 Uncommon trap: reason=unstable_if action=reinterpret pc=0x000002194b8d67c8 method=java.lang.CharacterDataLatin1.digit(II)I @ 12 c2
Event: 1.642 Thread 0x000002195c871950 DEOPT PACKING pc=0x000002194b8d67c8 sp=0x00000063ce2febb0
Event: 1.642 Thread 0x000002195c871950 DEOPT UNPACKING pc=0x0000021943d85c23 sp=0x00000063ce2feb28 mode 2
Event: 1.842 Thread 0x000002193e56be50 DEOPT PACKING pc=0x00000219442faf77 sp=0x00000063cc1f5f60
Event: 1.842 Thread 0x000002193e56be50 DEOPT UNPACKING pc=0x0000021943d86763 sp=0x00000063cc1f53c0 mode 0

Classes unloaded (0 events):
No events

Classes redefined (0 events):
No events

Internal exceptions (20 events):
Event: 1.573 Thread 0x000002193e56be50 Exception <a 'java/lang/NoSuchMethodError'{0x0000000085a482e0}: 'java.lang.Object java.lang.invoke.DirectMethodHandle$Holder.invokeInterface(java.lang.Object, java.lang.Object, java.lang.Object, java.lang.Object)'> (0x0000000085a482e0) 
thrown [e:\jenkins\tmp\workspace\build\src\src\hotspot\share\interpreter\linkResolver.cpp, line 766]
Event: 1.574 Thread 0x000002193e56be50 Exception <a 'java/lang/NoSuchMethodError'{0x0000000085a54b90}: 'void java.lang.invoke.DirectMethodHandle$Holder.invokeInterface(java.lang.Object, java.lang.Object, java.lang.Object)'> (0x0000000085a54b90) 
thrown [e:\jenkins\tmp\workspace\build\src\src\hotspot\share\interpreter\linkResolver.cpp, line 766]
Event: 1.575 Thread 0x000002193e56be50 Exception <a 'java/lang/NoSuchMethodError'{0x0000000085a5e088}: 'java.lang.Object java.lang.invoke.DirectMethodHandle$Holder.invokeVirtual(java.lang.Object, java.lang.Object, java.lang.Object)'> (0x0000000085a5e088) 
thrown [e:\jenkins\tmp\workspace\build\src\src\hotspot\share\interpreter\linkResolver.cpp, line 766]
Event: 1.612 Thread 0x000002195c778870 Exception <a 'java/lang/NoSuchMethodError'{0x000000008588a240}: 'void java.lang.invoke.DirectMethodHandle$Holder.invokeStatic(java.lang.Object, long)'> (0x000000008588a240) 
thrown [e:\jenkins\tmp\workspace\build\src\src\hotspot\share\interpreter\linkResolver.cpp, line 766]
Event: 1.613 Thread 0x000002195c778870 Exception <a 'java/lang/NoSuchMethodError'{0x000000008588f5e8}: 'java.lang.Object java.lang.invoke.DirectMethodHandle$Holder.newInvokeSpecial(java.lang.Object, long)'> (0x000000008588f5e8) 
thrown [e:\jenkins\tmp\workspace\build\src\src\hotspot\share\interpreter\linkResolver.cpp, line 766]
Event: 1.614 Thread 0x000002195c778870 Exception <a 'java/lang/NoSuchMethodError'{0x00000000858d7240}: 'java.lang.Object java.lang.invoke.DirectMethodHandle$Holder.invokeStaticInit(java.lang.Object, java.lang.Object, long, java.lang.Object)'> (0x00000000858d7240) 
thrown [e:\jenkins\tmp\workspace\build\src\src\hotspot\share\interpreter\linkResolver.cpp, line 766]
Event: 1.615 Thread 0x000002195c778870 Exception <a 'java/lang/NoSuchMethodError'{0x00000000858dd2c8}: 'java.lang.Object java.lang.invoke.DirectMethodHandle$Holder.newInvokeSpecial(java.lang.Object, java.lang.Object, long)'> (0x00000000858dd2c8) 
thrown [e:\jenkins\tmp\workspace\build\src\src\hotspot\share\interpreter\linkResolver.cpp, line 766]
Event: 1.615 Thread 0x000002195c778870 Exception <a 'java/lang/NoSuchMethodError'{0x00000000858e0e38}: 'java.lang.Object java.lang.invoke.Invokers$Holder.linkToTargetMethod(java.lang.Object, long, java.lang.Object)'> (0x00000000858e0e38) 
thrown [e:\jenkins\tmp\workspace\build\src\src\hotspot\share\interpreter\linkResolver.cpp, line 766]
Event: 1.619 Thread 0x000002195c871950 Exception <a 'java/net/ConnectException'{0x00000000858bfb08}: Connection refused: no further information> (0x00000000858bfb08) 
thrown [e:\jenkins\tmp\workspace\build\src\src\hotspot\share\prims\jni.cpp, line 535]
Event: 1.619 Thread 0x000002195c871950 Exception <a 'java/net/SocketException'{0x00000000858bfe40}: Socket is not connected: shutdown> (0x00000000858bfe40) 
thrown [e:\jenkins\tmp\workspace\build\src\src\hotspot\share\prims\jni.cpp, line 535]
Event: 1.643 Thread 0x000002195c871950 Exception <a 'java/net/ConnectException'{0x00000000858c0ea8}: Connection refused: no further information> (0x00000000858c0ea8) 
thrown [e:\jenkins\tmp\workspace\build\src\src\hotspot\share\prims\jni.cpp, line 535]
Event: 1.643 Thread 0x000002195c871950 Exception <a 'java/net/SocketException'{0x00000000858c11e0}: Socket is not connected: shutdown> (0x00000000858c11e0) 
thrown [e:\jenkins\tmp\workspace\build\src\src\hotspot\share\prims\jni.cpp, line 535]
Event: 1.686 Thread 0x000002193e56be50 Exception <a 'java/lang/NoSuchMethodError'{0x0000000085767bb8}: 'double java.lang.invoke.DirectMethodHandle$Holder.invokeVirtual(java.lang.Object, java.lang.Object)'> (0x0000000085767bb8) 
thrown [e:\jenkins\tmp\workspace\build\src\src\hotspot\share\interpreter\linkResolver.cpp, line 766]
Event: 1.687 Thread 0x000002193e56be50 Exception <a 'java/lang/NoSuchMethodError'{0x000000008576e418}: 'float java.lang.invoke.DirectMethodHandle$Holder.invokeVirtual(java.lang.Object, java.lang.Object)'> (0x000000008576e418) 
thrown [e:\jenkins\tmp\workspace\build\src\src\hotspot\share\interpreter\linkResolver.cpp, line 766]
Event: 1.687 Thread 0x000002193e56be50 Exception <a 'java/lang/NoSuchMethodError'{0x00000000857776a0}: 'long java.lang.invoke.DirectMethodHandle$Holder.invokeVirtual(java.lang.Object, java.lang.Object)'> (0x00000000857776a0) 
thrown [e:\jenkins\tmp\workspace\build\src\src\hotspot\share\interpreter\linkResolver.cpp, line 766]
Event: 1.716 Thread 0x000002193e56be50 Exception <a 'java/lang/NoSuchMethodError'{0x000000008bdc3ab8}: 'void java.lang.invoke.DirectMethodHandle$Holder.invokeStatic(java.lang.Object, java.lang.Object, int)'> (0x000000008bdc3ab8) 
thrown [e:\jenkins\tmp\workspace\build\src\src\hotspot\share\interpreter\linkResolver.cpp, line 766]
Event: 1.741 Thread 0x000002193e56be50 Exception <a 'java/lang/NoSuchMethodError'{0x000000008a341e08}: 'int java.lang.invoke.DirectMethodHandle$Holder.invokeSpecialIFC(java.lang.Object, java.lang.Object, java.lang.Object)'> (0x000000008a341e08) 
thrown [e:\jenkins\tmp\workspace\build\src\src\hotspot\share\interpreter\linkResolver.cpp, line 766]
Event: 1.810 Thread 0x000002193e56be50 Exception <a 'java/lang/NoSuchMethodError'{0x0000000085e913c0}: 'void java.lang.invoke.DirectMethodHandle$Holder.invokeSpecial(java.lang.Object, java.lang.Object, java.lang.Object, java.lang.Object, java.lang.Object, java.lang.Object)'> (0x0000000085e913c0) 
thrown [e:\jenkins\tmp\workspace\build\src\src\hotspot\share\interpreter\linkResolver.cpp, line 766]
Event: 2.675 Thread 0x000002193e56be50 Exception <a 'java/lang/NoSuchMethodError'{0x000000008a3c3930}: 'java.lang.Object java.lang.invoke.DirectMethodHandle$Holder.invokeSpecialIFC(java.lang.Object, java.lang.Object, java.lang.Object)'> (0x000000008a3c3930) 
thrown [e:\jenkins\tmp\workspace\build\src\src\hotspot\share\interpreter\linkResolver.cpp, line 766]
Event: 2.693 Thread 0x000002193e56be50 Exception <a 'java/lang/ClassNotFoundException'{0x000000008a284c58}: sun/util/logging/resources/spi/loggingProvider> (0x000000008a284c58) 
thrown [e:\jenkins\tmp\workspace\build\src\src\hotspot\share\classfile\systemDictionary.cpp, line 256]

VM Operations (20 events):
Event: 1.230 Executing VM operation: HandshakeAllThreads
Event: 1.230 Executing VM operation: HandshakeAllThreads done
Event: 1.316 Executing VM operation: HandshakeAllThreads
Event: 1.316 Executing VM operation: HandshakeAllThreads done
Event: 1.409 Executing VM operation: G1CollectForAllocation
Event: 1.413 Executing VM operation: G1CollectForAllocation done
Event: 1.416 Executing VM operation: G1CollectForAllocation
Event: 1.418 Executing VM operation: G1CollectForAllocation done
Event: 1.675 Executing VM operation: HandshakeAllThreads
Event: 1.675 Executing VM operation: HandshakeAllThreads done
Event: 1.676 Executing VM operation: HandshakeAllThreads
Event: 1.676 Executing VM operation: HandshakeAllThreads done
Event: 1.677 Executing VM operation: HandshakeAllThreads
Event: 1.677 Executing VM operation: HandshakeAllThreads done
Event: 1.701 Executing VM operation: G1CollectForAllocation
Event: 1.703 Executing VM operation: G1CollectForAllocation done
Event: 1.775 Executing VM operation: HandshakeAllThreads
Event: 1.775 Executing VM operation: HandshakeAllThreads done
Event: 1.904 Executing VM operation: G1TryInitiateConcMark
Event: 1.907 Executing VM operation: G1TryInitiateConcMark done

Events (20 events):
Event: 2.735 loading class java/util/concurrent/locks/ReentrantReadWriteLock done
Event: 2.735 loading class java/util/concurrent/locks/ReentrantReadWriteLock$FairSync
Event: 2.735 loading class java/util/concurrent/locks/ReentrantReadWriteLock$Sync
Event: 2.735 loading class java/util/concurrent/locks/ReentrantReadWriteLock$Sync done
Event: 2.735 loading class java/util/concurrent/locks/ReentrantReadWriteLock$FairSync done
Event: 2.735 loading class java/util/concurrent/locks/ReentrantReadWriteLock$Sync$ThreadLocalHoldCounter
Event: 2.735 loading class java/util/concurrent/locks/ReentrantReadWriteLock$Sync$ThreadLocalHoldCounter done
Event: 2.735 loading class java/util/concurrent/locks/ReentrantReadWriteLock$ReadLock
Event: 2.735 loading class java/util/concurrent/locks/ReentrantReadWriteLock$ReadLock done
Event: 2.735 loading class java/util/concurrent/locks/ReentrantReadWriteLock$WriteLock
Event: 2.736 loading class java/util/concurrent/locks/ReentrantReadWriteLock$WriteLock done
Event: 2.741 loading class java/util/Base64
Event: 2.742 loading class java/util/Base64 done
Event: 2.742 loading class java/util/Base64$Encoder
Event: 2.742 loading class java/util/Base64$Encoder done
Event: 2.742 Thread 0x000002195e6d43a0 Thread added: 0x000002195e6d43a0
Event: 2.744 loading class java/util/concurrent/CompletableFuture$UniExceptionally
Event: 2.744 loading class java/util/concurrent/CompletableFuture$UniCompletion
Event: 2.744 loading class java/util/concurrent/CompletableFuture$UniCompletion done
Event: 2.744 loading class java/util/concurrent/CompletableFuture$UniExceptionally done


Dynamic libraries:
0x00007ff636fd0000 - 0x00007ff636fde000 	C:\Users\DELL\Downloads\eclipse\plugins\org.eclipse.justj.openjdk.hotspot.jre.full.win32.x86_64_17.0.3.v20220515-1416\jre\bin\javaw.exe
0x00007ffee2690000 - 0x00007ffee2888000 	C:\Windows\SYSTEM32\ntdll.dll
0x00007ffee0e10000 - 0x00007ffee0ecd000 	C:\Windows\System32\KERNEL32.DLL
0x00007ffedfdb0000 - 0x00007ffee007e000 	C:\Windows\System32\KERNELBASE.dll
0x00007ffee0370000 - 0x00007ffee0470000 	C:\Windows\System32\ucrtbase.dll
0x00007ffed49d0000 - 0x00007ffed49e8000 	C:\Users\DELL\Downloads\eclipse\plugins\org.eclipse.justj.openjdk.hotspot.jre.full.win32.x86_64_17.0.3.v20220515-1416\jre\bin\jli.dll
0x00007ffed1a20000 - 0x00007ffed1a39000 	C:\Users\DELL\Downloads\eclipse\plugins\org.eclipse.justj.openjdk.hotspot.jre.full.win32.x86_64_17.0.3.v20220515-1416\jre\bin\VCRUNTIME140.dll
0x00007ffee24b0000 - 0x00007ffee2650000 	C:\Windows\System32\USER32.dll
0x00007ffee0340000 - 0x00007ffee0362000 	C:\Windows\System32\win32u.dll
0x00007ffecc760000 - 0x00007ffecc9fa000 	C:\Windows\WinSxS\amd64_microsoft.windows.common-controls_6595b64144ccf1df_6.0.19041.1110_none_60b5254171f9507e\COMCTL32.dll
0x00007ffee1cd0000 - 0x00007ffee1cfa000 	C:\Windows\System32\GDI32.dll
0x00007ffee1260000 - 0x00007ffee12fe000 	C:\Windows\System32\msvcrt.dll
0x00007ffee0470000 - 0x00007ffee057b000 	C:\Windows\System32\gdi32full.dll
0x00007ffee0230000 - 0x00007ffee02cd000 	C:\Windows\System32\msvcp_win.dll
0x00007ffee1eb0000 - 0x00007ffee1ee0000 	C:\Windows\System32\IMM32.DLL
0x00007ffed4f60000 - 0x00007ffed4f6c000 	C:\Users\DELL\Downloads\eclipse\plugins\org.eclipse.justj.openjdk.hotspot.jre.full.win32.x86_64_17.0.3.v20220515-1416\jre\bin\vcruntime140_1.dll
0x00007ffed1020000 - 0x00007ffed10b1000 	C:\Users\DELL\Downloads\eclipse\plugins\org.eclipse.justj.openjdk.hotspot.jre.full.win32.x86_64_17.0.3.v20220515-1416\jre\bin\msvcp140.dll
0x00007ffe78f40000 - 0x00007ffe79b88000 	C:\Users\DELL\Downloads\eclipse\plugins\org.eclipse.justj.openjdk.hotspot.jre.full.win32.x86_64_17.0.3.v20220515-1416\jre\bin\server\jvm.dll
0x00007ffee1c20000 - 0x00007ffee1cce000 	C:\Windows\System32\ADVAPI32.dll
0x00007ffee20b0000 - 0x00007ffee214c000 	C:\Windows\System32\sechost.dll
0x00007ffee0ed0000 - 0x00007ffee0ff5000 	C:\Windows\System32\RPCRT4.dll
0x00007ffee0d70000 - 0x00007ffee0d78000 	C:\Windows\System32\PSAPI.DLL
0x00007ffedb420000 - 0x00007ffedb429000 	C:\Windows\SYSTEM32\WSOCK32.dll
0x00007ffec4d80000 - 0x00007ffec4da7000 	C:\Windows\SYSTEM32\WINMM.dll
0x00007ffed4270000 - 0x00007ffed427a000 	C:\Windows\SYSTEM32\VERSION.dll
0x00007ffee1bb0000 - 0x00007ffee1c1b000 	C:\Windows\System32\WS2_32.dll
0x00007ffede640000 - 0x00007ffede652000 	C:\Windows\SYSTEM32\kernel.appcore.dll
0x00007ffed7830000 - 0x00007ffed783a000 	C:\Users\DELL\Downloads\eclipse\plugins\org.eclipse.justj.openjdk.hotspot.jre.full.win32.x86_64_17.0.3.v20220515-1416\jre\bin\jimage.dll
0x00007ffeddb90000 - 0x00007ffeddd74000 	C:\Windows\SYSTEM32\DBGHELP.DLL
0x00007ffecbba0000 - 0x00007ffecbbcc000 	C:\Windows\SYSTEM32\dbgcore.DLL
0x00007ffee0660000 - 0x00007ffee06e2000 	C:\Windows\System32\bcryptPrimitives.dll
0x00007ffed6af0000 - 0x00007ffed6b15000 	C:\Users\DELL\Downloads\eclipse\plugins\org.eclipse.justj.openjdk.hotspot.jre.full.win32.x86_64_17.0.3.v20220515-1416\jre\bin\java.dll
0x00007ffed7770000 - 0x00007ffed7788000 	C:\Users\DELL\Downloads\eclipse\plugins\org.eclipse.justj.openjdk.hotspot.jre.full.win32.x86_64_17.0.3.v20220515-1416\jre\bin\zip.dll
0x00007ffee1300000 - 0x00007ffee1a44000 	C:\Windows\System32\SHELL32.dll
0x00007ffedde90000 - 0x00007ffede624000 	C:\Windows\SYSTEM32\windows.storage.dll
0x00007ffee2150000 - 0x00007ffee24a4000 	C:\Windows\System32\combase.dll
0x00007ffedf810000 - 0x00007ffedf840000 	C:\Windows\SYSTEM32\Wldp.dll
0x00007ffee1ee0000 - 0x00007ffee1f8d000 	C:\Windows\System32\SHCORE.dll
0x00007ffee06f0000 - 0x00007ffee0745000 	C:\Windows\System32\shlwapi.dll
0x00007ffedfcf0000 - 0x00007ffedfd0f000 	C:\Windows\SYSTEM32\profapi.dll
0x00007ffed51c0000 - 0x00007ffed51d9000 	C:\Users\DELL\Downloads\eclipse\plugins\org.eclipse.justj.openjdk.hotspot.jre.full.win32.x86_64_17.0.3.v20220515-1416\jre\bin\net.dll
0x00007ffedacb0000 - 0x00007ffedadba000 	C:\Windows\SYSTEM32\WINHTTP.dll
0x00007ffedf570000 - 0x00007ffedf5da000 	C:\Windows\system32\mswsock.dll
0x00007ffed51a0000 - 0x00007ffed51b5000 	C:\Users\DELL\Downloads\eclipse\plugins\org.eclipse.justj.openjdk.hotspot.jre.full.win32.x86_64_17.0.3.v20220515-1416\jre\bin\nio.dll
0x00007ffedf210000 - 0x00007ffedf24b000 	C:\Windows\SYSTEM32\IPHLPAPI.DLL
0x00007ffee11a0000 - 0x00007ffee11a8000 	C:\Windows\System32\NSI.dll
0x00007ffed6c30000 - 0x00007ffed6c47000 	C:\Windows\SYSTEM32\dhcpcsvc6.DLL
0x00007ffed82c0000 - 0x00007ffed82dd000 	C:\Windows\SYSTEM32\dhcpcsvc.DLL
0x00007ffedf250000 - 0x00007ffedf31a000 	C:\Windows\SYSTEM32\DNSAPI.dll
0x00007ffed5d50000 - 0x00007ffed5d60000 	C:\Users\DELL\Downloads\eclipse\plugins\org.eclipse.justj.openjdk.hotspot.jre.full.win32.x86_64_17.0.3.v20220515-1416\jre\bin\verify.dll
0x00007ffedf760000 - 0x00007ffedf778000 	C:\Windows\SYSTEM32\CRYPTSP.dll
0x00007ffedee80000 - 0x00007ffedeeb4000 	C:\Windows\system32\rsaenh.dll
0x00007ffee0580000 - 0x00007ffee05a7000 	C:\Windows\System32\bcrypt.dll
0x00007ffedfc70000 - 0x00007ffedfc9e000 	C:\Windows\SYSTEM32\USERENV.dll
0x00007ffedf780000 - 0x00007ffedf78c000 	C:\Windows\SYSTEM32\CRYPTBASE.dll
0x00007ffed6a80000 - 0x00007ffed6a8a000 	C:\Windows\System32\rasadhlp.dll
0x00007ffed66d0000 - 0x00007ffed6750000 	C:\Windows\System32\fwpuclnt.dll
0x00007ffed50f0000 - 0x00007ffed50f9000 	C:\Users\DELL\Downloads\eclipse\plugins\org.eclipse.justj.openjdk.hotspot.jre.full.win32.x86_64_17.0.3.v20220515-1416\jre\bin\management.dll
0x00007ffed4d10000 - 0x00007ffed4d1b000 	C:\Users\DELL\Downloads\eclipse\plugins\org.eclipse.justj.openjdk.hotspot.jre.full.win32.x86_64_17.0.3.v20220515-1416\jre\bin\management_ext.dll
0x00007ffed5590000 - 0x00007ffed559e000 	C:\Users\DELL\Downloads\eclipse\plugins\org.eclipse.justj.openjdk.hotspot.jre.full.win32.x86_64_17.0.3.v20220515-1416\jre\bin\sunmscapi.dll
0x00007ffee0080000 - 0x00007ffee01d6000 	C:\Windows\System32\CRYPT32.dll
0x00007ffedf880000 - 0x00007ffedf8a7000 	C:\Windows\SYSTEM32\ncrypt.dll
0x00007ffedf840000 - 0x00007ffedf87b000 	C:\Windows\SYSTEM32\NTASN1.dll
0x00007ffed4aa0000 - 0x00007ffed4aa7000 	C:\Windows\system32\wshunix.dll
0x00007ffec1260000 - 0x00007ffec1277000 	C:\Windows\system32\napinsp.dll
0x00007ffed08d0000 - 0x00007ffed08eb000 	C:\Windows\system32\pnrpnsp.dll
0x00007ffeb7550000 - 0x00007ffeb7565000 	C:\Windows\system32\wshbth.dll
0x00007ffedb2e0000 - 0x00007ffedb2fd000 	C:\Windows\system32\NLAapi.dll
0x00007ffedac80000 - 0x00007ffedac92000 	C:\Windows\System32\winrnr.dll

dbghelp: loaded successfully - version: 4.0.5 - missing functions: none
symbol engine: initialized successfully - sym options: 0x614 - pdb path: .;C:\Users\DELL\Downloads\eclipse\plugins\org.eclipse.justj.openjdk.hotspot.jre.full.win32.x86_64_17.0.3.v20220515-1416\jre\bin;C:\Windows\SYSTEM32;C:\Windows\WinSxS\amd64_microsoft.windows.common-controls_6595b64144ccf1df_6.0.19041.1110_none_60b5254171f9507e;C:\Users\DELL\Downloads\eclipse\plugins\org.eclipse.justj.openjdk.hotspot.jre.full.win32.x86_64_17.0.3.v20220515-1416\jre\bin\server

VM Arguments:
jvm_args: -ea -Dfile.encoding=UTF-8 -XX:+ShowCodeDetailsInExceptionMessages 
java_command: org.eclipse.jdt.internal.junit.runner.RemoteTestRunner -version 3 -port 61091 -testLoaderClass org.eclipse.jdt.internal.junit4.runner.JUnit4TestLoader -loaderpluginname org.eclipse.jdt.junit4.runtime -classNames testRunner.TestRunner
java_class_path (initial): C:\Users\DELL\git\LearnED_Cucumber\LearnED\target\test-classes;C:\Users\DELL\git\LearnED_Cucumber\LearnED\target\classes;C:\Users\DELL\.m2\repository\junit\junit\4.12\junit-4.12.jar;C:\Users\DELL\.m2\repository\io\cucumber\cucumber-core\7.1.0\cucumber-core-7.1.0.jar;C:\Users\DELL\.m2\repository\io\cucumber\cucumber-gherkin\7.1.0\cucumber-gherkin-7.1.0.jar;C:\Users\DELL\.m2\repository\io\cucumber\cucumber-gherkin-messages\7.1.0\cucumber-gherkin-messages-7.1.0.jar;C:\Users\DELL\.m2\repository\io\cucumber\messages\17.1.1\messages-17.1.1.jar;C:\Users\DELL\.m2\repository\io\cucumber\tag-expressions\4.1.0\tag-expressions-4.1.0.jar;C:\Users\DELL\.m2\repository\io\cucumber\cucumber-expressions\13.0.1\cucumber-expressions-13.0.1.jar;C:\Users\DELL\.m2\repository\io\cucumber\datatable\7.1.0\datatable-7.1.0.jar;C:\Users\DELL\.m2\repository\io\cucumber\cucumber-plugin\7.1.0\cucumber-plugin-7.1.0.jar;C:\Users\DELL\.m2\repository\io\cucumber\docstring\7.1.0\docstring-7.1.0.jar;C:\Users\DELL\.m2\repository\io\cucumber\html-formatter\17.0.0\html-formatter-17.0.0.jar;C:\Users\DELL\.m2\repository\io\cucumber\create-meta\6.0.4\create-meta-6.0.4.jar;C:\Users\DELL\.m2\repository\org\apiguardian\apiguardian-api\1.1.2\apiguardian-api-1.1.2.jar;C:\Users\DELL\.m2\repository\io\cucumber\cucumber-java\7.1.0\cucumber-java-7.1.0.jar;C:\Users\DELL\.m2\repository\io\cucumber\cucumber-html\0.2.7\cucumber-html-0.2.7.jar;C:\Users\DELL\.m2\repository\io\cucumber\cucumber-jvm-deps\1.0.6\cucumber-jvm-deps-1.0.6.jar;C:\Users\DELL\.m2\repository\net\masterthought\cucumber-reporting\5.6.1\cucumber-reporting-5.6.1.jar;C:\Users\DELL\.m2\repository\com\fasterxml\jackson\core\jackson-databind\2.12.1\jackson-databind-2.12.1.jar;C:\Users\DELL\.m2\repository\com\fasterxml\jackson\core\jackson-annotations\2.12.1\jackson-annotations-2.12.1.jar;C:\Users\DELL\.m2\repository\com\fasterxml\jackson\core\jackson-core\2.12.1\jackson-core-2.12.1.jar;C:\Users\DELL\.m2\repository\com\fasterxml\ja
Launcher Type: SUN_STANDARD

[Global flags]
     intx CICompilerCount                          = 4                                         {product} {ergonomic}
     uint ConcGCThreads                            = 2                                         {product} {ergonomic}
     uint G1ConcRefinementThreads                  = 8                                         {product} {ergonomic}
   size_t G1HeapRegionSize                         = 1048576                                   {product} {ergonomic}
    uintx GCDrainStackTargetSize                   = 64                                        {product} {ergonomic}
   size_t InitialHeapSize                          = 130023424                                 {product} {ergonomic}
   size_t MarkStackSize                            = 4194304                                   {product} {ergonomic}
   size_t MaxHeapSize                              = 2078277632                                {product} {ergonomic}
   size_t MaxNewSize                               = 1246756864                                {product} {ergonomic}
   size_t MinHeapDeltaBytes                        = 1048576                                   {product} {ergonomic}
   size_t MinHeapSize                              = 8388608                                   {product} {ergonomic}
    uintx NonNMethodCodeHeapSize                   = 5839372                                {pd product} {ergonomic}
    uintx NonProfiledCodeHeapSize                  = 122909434                              {pd product} {ergonomic}
    uintx ProfiledCodeHeapSize                     = 122909434                              {pd product} {ergonomic}
    uintx ReservedCodeCacheSize                    = 251658240                              {pd product} {ergonomic}
     bool SegmentedCodeCache                       = true                                      {product} {ergonomic}
     bool ShowCodeDetailsInExceptionMessages       = true                                   {manageable} {command line}
   size_t SoftMaxHeapSize                          = 2078277632                             {manageable} {ergonomic}
     bool UseCompressedClassPointers               = true                           {product lp64_product} {ergonomic}
     bool UseCompressedOops                        = true                           {product lp64_product} {ergonomic}
     bool UseG1GC                                  = true                                      {product} {ergonomic}
     bool UseLargePagesIndividualAllocation        = false                                  {pd product} {ergonomic}

Logging:
Log output configuration:
 #0: stdout all=warning uptime,level,tags
 #1: stderr all=off uptime,level,tags

Environment Variables:
JAVA_HOME=C:\Program Files\Java\jdk-17.0.4
PATH=C:/Users/DELL/Downloads/eclipse//plugins/org.eclipse.justj.openjdk.hotspot.jre.full.win32.x86_64_17.0.3.v20220515-1416/jre/bin/server;C:/Users/DELL/Downloads/eclipse//plugins/org.eclipse.justj.openjdk.hotspot.jre.full.win32.x86_64_17.0.3.v20220515-1416/jre/bin;C:\Program Files\Common Files\Oracle\Java\javapath;C:\Windows\system32;C:\Windows;C:\Windows\System32\Wbem;C:\Windows\System32\WindowsPowerShell\v1.0\;C:\Windows\System32\OpenSSH\;C:\apache-maven-3.8.6\bin;C:\apache-maven-3.8.6\bin;C:\apache-maven-3.8.6\bin;C:\Program Files\Java\jdk-17.0.4\bin;C:\Users\DELL\AppData\Local\Microsoft\WindowsApps;;C:\Users\DELL\AppData\Local\Programs\Microsoft VS Code\bin;C:\Users\DELL\Downloads\eclipse;
USERNAME=DELL
OS=Windows_NT
PROCESSOR_IDENTIFIER=Intel64 Family 6 Model 140 Stepping 1, GenuineIntel



---------------  S Y S T E M  ---------------

OS:
 Windows 10 , 64 bit Build 19041 (10.0.19041.1889)
OS uptime: 14 days 4:06 hours

CPU: total 8 (initial active 8) (4 cores per cpu, 2 threads per core) family 6 model 140 stepping 1 microcode 0xa4, cx8, cmov, fxsr, ht, mmx, 3dnowpref, sse, sse2, sse3, ssse3, sse4.1, sse4.2, popcnt, lzcnt, tsc, tscinvbit, avx, avx2, aes, erms, clmul, bmi1, bmi2, adx, avx512f, avx512dq, avx512cd, avx512bw, avx512vl, sha, fma, vzeroupper, avx512_vpopcntdq, avx512_vpclmulqdq, avx512_vaes, avx512_vnni, clflush, clflushopt, clwb, avx512_vbmi2, avx512_vbmi

Memory: 4k page, system-wide physical 7926M (729M free)
TotalPageFile size 9974M (AvailPageFile size 5M)
current process WorkingSet (physical memory assigned to process): 202M, peak: 202M
current process commit charge ("private bytes"): 236M, peak: 239M

vm_info: OpenJDK 64-Bit Server VM (17.0.3+7) for windows-amd64 JRE (17.0.3+7), built on Apr 19 2022 16:55:35 by "" with MS VC++ 16.7 (VS2019)

END.
