#
# There is insufficient memory for the Java Runtime Environment to continue.
# Native memory allocation (mmap) failed to map 27262976 bytes for G1 virtual space
# Possible reasons:
#   The system is out of physical RAM or swap space
#   The process is running with CompressedOops enabled, and the Java Heap may be blocking the growth of the native heap
# Possible solutions:
#   Reduce memory load on the system
#   Increase physical memory or swap space
#   Check if swap backing store is full
#   Decrease Java heap size (-Xmx/-Xms)
#   Decrease number of Java threads
#   Decrease Java thread stack sizes (-Xss)
#   Set larger code cache with -XX:ReservedCodeCacheSize=
#   JVM is running with Unscaled Compressed Oops mode in which the Java heap is
#     placed in the first 4GB address space. The Java Heap base address is the
#     maximum limit for the native heap growth. Please use -XX:HeapBaseMinAddress
#     to set the Java Heap base and to place the Java Heap above 4GB virtual address.
# This output file may be truncated or incomplete.
#
#  Out of Memory Error (os_windows.cpp:3535), pid=15084, tid=6320
#
# JRE version: OpenJDK Runtime Environment Temurin-17.0.3+7 (17.0.3+7) (build 17.0.3+7)
# Java VM: OpenJDK 64-Bit Server VM Temurin-17.0.3+7 (17.0.3+7, mixed mode, tiered, compressed oops, compressed class ptrs, g1 gc, windows-amd64)
# No core dump will be written. Minidumps are not enabled by default on client versions of Windows
#

---------------  S U M M A R Y ------------

Command Line: -ea -Dfile.encoding=UTF-8 -XX:+ShowCodeDetailsInExceptionMessages org.eclipse.jdt.internal.junit.runner.RemoteTestRunner -version 3 -port 54169 -testLoaderClass org.eclipse.jdt.internal.junit4.runner.JUnit4TestLoader -loaderpluginname org.eclipse.jdt.junit4.runtime -classNames testRunner.TestRunner

Host: 11th Gen Intel(R) Core(TM) i5-1135G7 @ 2.40GHz, 8 cores, 7G,  Windows 10 , 64 bit Build 19041 (10.0.19041.1889)
Time: Wed Sep 21 15:39:39 2022 India Standard Time elapsed time: 2.408983 seconds (0d 0h 0m 2s)

---------------  T H R E A D  ---------------

Current thread (0x00000240f46eb450):  VMThread "VM Thread" [stack: 0x000000bc00c00000,0x000000bc00d00000] [id=6320]

Stack: [0x000000bc00c00000,0x000000bc00d00000]
Native frames: (J=compiled Java code, j=interpreted, Vv=VM code, C=native code)
V  [jvm.dll+0x675efa]
V  [jvm.dll+0x830a24]
V  [jvm.dll+0x8321ce]
V  [jvm.dll+0x832833]
V  [jvm.dll+0x2454b5]
V  [jvm.dll+0x672de9]
V  [jvm.dll+0x667732]
V  [jvm.dll+0x3043ab]
V  [jvm.dll+0x30b8f6]
V  [jvm.dll+0x35b62e]
V  [jvm.dll+0x35b85f]
V  [jvm.dll+0x2db248]
V  [jvm.dll+0x2d94fc]
V  [jvm.dll+0x2d8acc]
V  [jvm.dll+0x32c51c]
V  [jvm.dll+0x836cdb]
V  [jvm.dll+0x837a14]
V  [jvm.dll+0x837f2c]
V  [jvm.dll+0x838304]
V  [jvm.dll+0x8383d0]
V  [jvm.dll+0x7e0cfa]
V  [jvm.dll+0x674d85]
C  [ucrtbase.dll+0x21bb2]
C  [KERNEL32.DLL+0x17034]
C  [ntdll.dll+0x52651]

VM_Operation (0x000000bc006fb640): CollectForMetadataAllocation, mode: safepoint, requested by thread 0x00000240d87cda20


---------------  P R O C E S S  ---------------

Threads class SMR info:
_java_thread_list=0x00000240fa317c80, length=26, elements={
0x00000240d87cda20, 0x00000240f5013020, 0x00000240f50138e0, 0x00000240f472e2a0,
0x00000240f501df20, 0x00000240f5020400, 0x00000240f5028cd0, 0x00000240f502cdc0,
0x00000240f502d6c0, 0x00000240f5040fc0, 0x00000240f51a61a0, 0x00000240f51c30a0,
0x00000240f56bb9f0, 0x00000240f8af6670, 0x00000240f879ae20, 0x00000240f8911ee0,
0x00000240f665d390, 0x00000240f662f190, 0x00000240f6cc7820, 0x00000240f87e7070,
0x00000240f87e6ba0, 0x00000240f87e7540, 0x00000240f87e4520, 0x00000240f87e6200,
0x00000240f8aabb90, 0x00000240f87e7a10
}

Java Threads: ( => current thread )
  0x00000240d87cda20 JavaThread "main" [_thread_blocked, id=7124, stack(0x000000bc00600000,0x000000bc00700000)]
  0x00000240f5013020 JavaThread "Reference Handler" daemon [_thread_blocked, id=7600, stack(0x000000bc00d00000,0x000000bc00e00000)]
  0x00000240f50138e0 JavaThread "Finalizer" daemon [_thread_blocked, id=17400, stack(0x000000bc00e00000,0x000000bc00f00000)]
  0x00000240f472e2a0 JavaThread "Signal Dispatcher" daemon [_thread_blocked, id=13532, stack(0x000000bc00f00000,0x000000bc01000000)]
  0x00000240f501df20 JavaThread "Attach Listener" daemon [_thread_blocked, id=12204, stack(0x000000bc01000000,0x000000bc01100000)]
  0x00000240f5020400 JavaThread "Service Thread" daemon [_thread_blocked, id=2336, stack(0x000000bc01100000,0x000000bc01200000)]
  0x00000240f5028cd0 JavaThread "Monitor Deflation Thread" daemon [_thread_blocked, id=6816, stack(0x000000bc01200000,0x000000bc01300000)]
  0x00000240f502cdc0 JavaThread "C2 CompilerThread0" daemon [_thread_in_native, id=15820, stack(0x000000bc01300000,0x000000bc01400000)]
  0x00000240f502d6c0 JavaThread "C1 CompilerThread0" daemon [_thread_blocked, id=1808, stack(0x000000bc01400000,0x000000bc01500000)]
  0x00000240f5040fc0 JavaThread "Sweeper thread" daemon [_thread_blocked, id=17076, stack(0x000000bc01500000,0x000000bc01600000)]
  0x00000240f51a61a0 JavaThread "Notification Thread" daemon [_thread_blocked, id=12200, stack(0x000000bc01600000,0x000000bc01700000)]
  0x00000240f51c30a0 JavaThread "Common-Cleaner" daemon [_thread_blocked, id=9960, stack(0x000000bc01800000,0x000000bc01900000)]
  0x00000240f56bb9f0 JavaThread "ReaderThread" [_thread_in_native, id=16348, stack(0x000000bc01b00000,0x000000bc01c00000)]
  0x00000240f8af6670 JavaThread "ForkJoinPool.commonPool-worker-1" daemon [_thread_blocked, id=7468, stack(0x000000bc02400000,0x000000bc02500000)]
  0x00000240f879ae20 JavaThread "AsyncHttpClient-1-1" daemon [_thread_blocked, id=15080, stack(0x000000bc02500000,0x000000bc02600000)]
  0x00000240f8911ee0 JavaThread "Exec Default Executor" daemon [_thread_in_native, id=16324, stack(0x000000bc02600000,0x000000bc02700000)]
  0x00000240f665d390 JavaThread "Driver Service Executor" daemon [_thread_blocked, id=18780, stack(0x000000bc02700000,0x000000bc02800000)]
  0x00000240f662f190 JavaThread "Driver Service Executor" daemon [_thread_blocked, id=8792, stack(0x000000bc02800000,0x000000bc02900000)]
  0x00000240f6cc7820 JavaThread "UrlChecker-2" daemon [_thread_blocked, id=8208, stack(0x000000bc02900000,0x000000bc02a00000)]
  0x00000240f87e7070 JavaThread "Exec Stream Pumper" daemon [_thread_in_native, id=14496, stack(0x000000bc02a00000,0x000000bc02b00000)]
  0x00000240f87e6ba0 JavaThread "Exec Stream Pumper" daemon [_thread_in_native, id=1416, stack(0x000000bc02b00000,0x000000bc02c00000)]
  0x00000240f87e7540 JavaThread "Keep-Alive-Timer" daemon [_thread_blocked, id=6304, stack(0x000000bc02d00000,0x000000bc02e00000)]
  0x00000240f87e4520 JavaThread "AsyncHttpClient-1-2" daemon [_thread_in_native, id=19056, stack(0x000000bc02e00000,0x000000bc02f00000)]
  0x00000240f87e6200 JavaThread "AsyncHttpClient-1-3" daemon [_thread_in_native, id=7536, stack(0x000000bc01900000,0x000000bc01a00000)]
  0x00000240f8aabb90 JavaThread "C2 CompilerThread1" daemon [_thread_blocked, id=10888, stack(0x000000bc01a00000,0x000000bc01b00000)]
  0x00000240f87e7a10 JavaThread "AsyncHttpClient-1-4" daemon [_thread_in_native, id=17296, stack(0x000000bc02f00000,0x000000bc03000000)]

Other Threads:
=>0x00000240f46eb450 VMThread "VM Thread" [stack: 0x000000bc00c00000,0x000000bc00d00000] [id=6320]
  0x00000240da9952b0 WatcherThread [stack: 0x000000bc01700000,0x000000bc01800000] [id=12176]
  0x00000240da977e20 GCTaskThread "GC Thread#0" [stack: 0x000000bc00700000,0x000000bc00800000] [id=10492]
  0x00000240f5f1ecc0 GCTaskThread "GC Thread#1" [stack: 0x000000bc01c00000,0x000000bc01d00000] [id=18084]
  0x00000240f5f94030 GCTaskThread "GC Thread#2" [stack: 0x000000bc01d00000,0x000000bc01e00000] [id=8344]
  0x00000240f5f942e0 GCTaskThread "GC Thread#3" [stack: 0x000000bc01e00000,0x000000bc01f00000] [id=12324]
  0x00000240f5f955c0 GCTaskThread "GC Thread#4" [stack: 0x000000bc01f00000,0x000000bc02000000] [id=2764]
  0x00000240f5e9e380 GCTaskThread "GC Thread#5" [stack: 0x000000bc02000000,0x000000bc02100000] [id=84]
  0x00000240f5f3c1d0 GCTaskThread "GC Thread#6" [stack: 0x000000bc02100000,0x000000bc02200000] [id=16272]
  0x00000240f6674370 GCTaskThread "GC Thread#7" [stack: 0x000000bc02200000,0x000000bc02300000] [id=12800]
  0x00000240da988c40 ConcurrentGCThread "G1 Main Marker" [stack: 0x000000bc00800000,0x000000bc00900000] [id=10636]
  0x00000240da98a970 ConcurrentGCThread "G1 Conc#0" [stack: 0x000000bc00900000,0x000000bc00a00000] [id=14172]
  0x00000240f65de730 ConcurrentGCThread "G1 Conc#1" [stack: 0x000000bc02300000,0x000000bc02400000] [id=2636]
  0x00000240da9e81c0 ConcurrentGCThread "G1 Refine#0" [stack: 0x000000bc00a00000,0x000000bc00b00000] [id=8320]
  0x00000240f4552210 ConcurrentGCThread "G1 Service" [stack: 0x000000bc00b00000,0x000000bc00c00000] [id=9588]

Threads with active compile tasks:
C2 CompilerThread0     2419 2449   !   4       jdk.internal.loader.BuiltinClassLoader::loadClassOrNull (143 bytes)

VM state: at safepoint (normal execution)

VM Mutex/Monitor currently owned by a thread:  ([mutex/lock_event])
[0x00000240da9203b0] Threads_lock - owner thread: 0x00000240f46eb450
[0x00000240da91ee50] Heap_lock - owner thread: 0x00000240d87cda20

Heap address: 0x0000000084200000, size: 1982 MB, Compressed Oops mode: 32-bit

CDS archive(s) not mapped
Compressed class space mapped at: 0x0000000100000000-0x0000000140000000, reserved size: 1073741824
Narrow klass base: 0x0000000000000000, Narrow klass shift: 3, Narrow klass range: 0x140000000

GC Precious Log:
 CPUs: 8 total, 8 available
 Memory: 7926M
 Large Page Support: Disabled
 NUMA Support: Disabled
 Compressed Oops: Enabled (32-bit)
 Heap Region Size: 1M
 Heap Min Capacity: 8M
 Heap Initial Capacity: 124M
 Heap Max Capacity: 1982M
 Pre-touch: Disabled
 Parallel Workers: 8
 Concurrent Workers: 2
 Concurrent Refinement Workers: 8
 Periodic GC: Disabled

Heap:
 garbage-first heap   total 46080K, used 30457K [0x0000000084200000, 0x0000000100000000)
  region size 1024K, 2 young (2048K), 2 survivors (2048K)
 Metaspace       used 35754K, committed 35968K, reserved 1081344K
  class space    used 4158K, committed 4288K, reserved 1048576K

Heap Regions: E=young(eden), S=young(survivor), O=old, HS=humongous(starts), HC=humongous(continues), CS=collection set, F=free, OA=open archive, CA=closed archive, TAMS=top-at-mark-start (previous, next)
|   0|0x0000000084200000, 0x0000000084300000, 0x0000000084300000|100%| O|  |TAMS 0x0000000084300000, 0x0000000084300000| Untracked 
|   1|0x0000000084300000, 0x0000000084400000, 0x0000000084400000|100%| O|  |TAMS 0x0000000084400000, 0x0000000084400000| Untracked 
|   2|0x0000000084400000, 0x0000000084500000, 0x0000000084500000|100%| O|  |TAMS 0x0000000084474000, 0x0000000084500000| Untracked 
|   3|0x0000000084500000, 0x0000000084600000, 0x0000000084600000|100%| O|  |TAMS 0x0000000084500000, 0x0000000084600000| Untracked 
|   4|0x0000000084600000, 0x0000000084700000, 0x0000000084700000|100%| O|  |TAMS 0x0000000084600000, 0x0000000084700000| Untracked 
|   5|0x0000000084700000, 0x0000000084800000, 0x0000000084800000|100%| O|  |TAMS 0x0000000084700000, 0x0000000084800000| Untracked 
|   6|0x0000000084800000, 0x0000000084900000, 0x0000000084900000|100%| O|  |TAMS 0x0000000084800000, 0x0000000084900000| Untracked 
|   7|0x0000000084900000, 0x0000000084a00000, 0x0000000084a00000|100%| O|  |TAMS 0x0000000084900000, 0x0000000084a00000| Untracked 
|   8|0x0000000084a00000, 0x0000000084a41c00, 0x0000000084b00000| 25%| O|  |TAMS 0x0000000084a00000, 0x0000000084a41c00| Untracked 
|   9|0x0000000084b00000, 0x0000000084b00000, 0x0000000084c00000|  0%| F|  |TAMS 0x0000000084b00000, 0x0000000084b00000| Untracked 
|  10|0x0000000084c00000, 0x0000000084c00000, 0x0000000084d00000|  0%| F|  |TAMS 0x0000000084c00000, 0x0000000084c00000| Untracked 
|  11|0x0000000084d00000, 0x0000000084d00000, 0x0000000084e00000|  0%| F|  |TAMS 0x0000000084d00000, 0x0000000084d00000| Untracked 
|  12|0x0000000084e00000, 0x0000000084e00000, 0x0000000084f00000|  0%| F|  |TAMS 0x0000000084e00000, 0x0000000084e00000| Untracked 
|  13|0x0000000084f00000, 0x0000000085000000, 0x0000000085000000|100%| O|  |TAMS 0x0000000084f00000, 0x0000000085000000| Untracked 
|  14|0x0000000085000000, 0x0000000085100000, 0x0000000085100000|100%| O|  |TAMS 0x0000000085000000, 0x0000000085100000| Untracked 
|  15|0x0000000085100000, 0x0000000085200000, 0x0000000085200000|100%| O|  |TAMS 0x0000000085100000, 0x0000000085200000| Untracked 
|  16|0x0000000085200000, 0x0000000085200000, 0x0000000085300000|  0%| F|  |TAMS 0x0000000085200000, 0x0000000085200000| Untracked 
|  17|0x0000000085300000, 0x000000008537cb00, 0x0000000085400000| 48%| S|CS|TAMS 0x0000000085300000, 0x0000000085300000| Complete 
|  18|0x0000000085400000, 0x0000000085500000, 0x0000000085500000|100%| S|CS|TAMS 0x0000000085400000, 0x0000000085400000| Complete 
|  19|0x0000000085500000, 0x0000000085500000, 0x0000000085600000|  0%| F|  |TAMS 0x0000000085500000, 0x0000000085500000| Untracked 
|  20|0x0000000085600000, 0x0000000085600000, 0x0000000085700000|  0%| F|  |TAMS 0x0000000085600000, 0x0000000085600000| Untracked 
|  21|0x0000000085700000, 0x0000000085700000, 0x0000000085800000|  0%| F|  |TAMS 0x0000000085700000, 0x0000000085700000| Untracked 
|  22|0x0000000085800000, 0x0000000085800000, 0x0000000085900000|  0%| F|  |TAMS 0x0000000085800000, 0x0000000085800000| Untracked 
|  23|0x0000000085900000, 0x0000000085900000, 0x0000000085a00000|  0%| F|  |TAMS 0x0000000085900000, 0x0000000085900000| Untracked 
|  24|0x0000000085a00000, 0x0000000085b00000, 0x0000000085b00000|100%|HS|  |TAMS 0x0000000085a00000, 0x0000000085b00000| Complete 
|  25|0x0000000085b00000, 0x0000000085c00000, 0x0000000085c00000|100%|HC|  |TAMS 0x0000000085b00000, 0x0000000085c00000| Complete 
|  26|0x0000000085c00000, 0x0000000085d00000, 0x0000000085d00000|100%|HC|  |TAMS 0x0000000085c00000, 0x0000000085d00000| Complete 
|  27|0x0000000085d00000, 0x0000000085e00000, 0x0000000085e00000|100%|HC|  |TAMS 0x0000000085d00000, 0x0000000085e00000| Complete 
|  28|0x0000000085e00000, 0x0000000085f00000, 0x0000000085f00000|100%|HC|  |TAMS 0x0000000085e00000, 0x0000000085f00000| Complete 
|  29|0x0000000085f00000, 0x0000000086000000, 0x0000000086000000|100%|HC|  |TAMS 0x0000000085f00000, 0x0000000086000000| Complete 
|  30|0x0000000086000000, 0x0000000086100000, 0x0000000086100000|100%|HC|  |TAMS 0x0000000086000000, 0x0000000086100000| Complete 
|  31|0x0000000086100000, 0x0000000086200000, 0x0000000086200000|100%|HC|  |TAMS 0x0000000086100000, 0x0000000086200000| Complete 
|  32|0x0000000086200000, 0x0000000086300000, 0x0000000086300000|100%|HC|  |TAMS 0x0000000086200000, 0x0000000086300000| Complete 
|  33|0x0000000086300000, 0x0000000086400000, 0x0000000086400000|100%|HC|  |TAMS 0x0000000086300000, 0x0000000086400000| Complete 
|  34|0x0000000086400000, 0x0000000086500000, 0x0000000086500000|100%|HC|  |TAMS 0x0000000086400000, 0x0000000086500000| Complete 
|  35|0x0000000086500000, 0x0000000086600000, 0x0000000086600000|100%|HC|  |TAMS 0x0000000086500000, 0x0000000086600000| Complete 
|  36|0x0000000086600000, 0x0000000086700000, 0x0000000086700000|100%|HC|  |TAMS 0x0000000086600000, 0x0000000086700000| Complete 
|  37|0x0000000086700000, 0x0000000086800000, 0x0000000086800000|100%|HC|  |TAMS 0x0000000086700000, 0x0000000086800000| Complete 
|  38|0x0000000086800000, 0x0000000086900000, 0x0000000086900000|100%|HC|  |TAMS 0x0000000086800000, 0x0000000086900000| Complete 
|  39|0x0000000086900000, 0x0000000086a00000, 0x0000000086a00000|100%|HC|  |TAMS 0x0000000086900000, 0x0000000086a00000| Complete 
|  40|0x0000000086a00000, 0x0000000086b00000, 0x0000000086b00000|100%|HC|  |TAMS 0x0000000086a00000, 0x0000000086b00000| Complete 
|  95|0x000000008a100000, 0x000000008a100000, 0x000000008a200000|  0%| F|  |TAMS 0x000000008a100000, 0x000000008a100000| Untracked 
|  96|0x000000008a200000, 0x000000008a200000, 0x000000008a300000|  0%| F|  |TAMS 0x000000008a200000, 0x000000008a200000| Untracked 
|  97|0x000000008a300000, 0x000000008a300000, 0x000000008a400000|  0%| F|  |TAMS 0x000000008a300000, 0x000000008a300000| Untracked 
| 123|0x000000008bd00000, 0x000000008bd00000, 0x000000008be00000|  0%| F|  |TAMS 0x000000008bd00000, 0x000000008bd00000| Untracked 

Card table byte_map: [0x00000240ed6e0000,0x00000240edac0000] _byte_map_base: 0x00000240ed2bf000

Marking Bits (Prev, Next): (CMBitMap*) 0x00000240da978380, (CMBitMap*) 0x00000240da978340
 Prev Bits: [0x00000240efda0000, 0x00000240f1c98000)
 Next Bits: [0x00000240edea0000, 0x00000240efd98000)

Polling page: 0x00000240d88d0000

Metaspace:

Usage:
  Non-class:     30.85 MB used.
      Class:      4.06 MB used.
       Both:     34.92 MB used.

Virtual space:
  Non-class space:       32.00 MB reserved,      30.94 MB ( 97%) committed,  4 nodes.
      Class space:        1.00 GB reserved,       4.19 MB ( <1%) committed,  1 nodes.
             Both:        1.03 GB reserved,      35.12 MB (  3%) committed. 

Chunk freelists:
   Non-Class:  576.00 KB
       Class:  3.77 MB
        Both:  4.33 MB

MaxMetaspaceSize: unlimited
CompressedClassSpaceSize: 1.00 GB
Initial GC threshold: 21.00 MB
Current GC threshold: 35.12 MB
CDS: off
MetaspaceReclaimPolicy: balanced
 - commit_granule_bytes: 65536.
 - commit_granule_words: 8192.
 - virtual_space_node_default_size: 1048576.
 - enlarge_chunks_in_place: 1.
 - new_chunks_are_fully_committed: 0.
 - uncommit_free_chunks: 1.
 - use_allocation_guard: 0.
 - handle_deallocations: 1.


Internal statistics:

num_allocs_failed_limit: 6.
num_arena_births: 240.
num_arena_deaths: 0.
num_vsnodes_births: 5.
num_vsnodes_deaths: 0.
num_space_committed: 562.
num_space_uncommitted: 0.
num_chunks_returned_to_freelist: 6.
num_chunks_taken_from_freelist: 959.
num_chunk_merges: 3.
num_chunk_splits: 677.
num_chunks_enlarged: 542.
num_purges: 0.
num_inconsistent_stats: 0.

CodeHeap 'non-profiled nmethods': size=120000Kb used=1228Kb max_used=1228Kb free=118771Kb
 bounds [0x00000240e5aa0000, 0x00000240e5d10000, 0x00000240ecfd0000]
CodeHeap 'profiled nmethods': size=120000Kb used=4950Kb max_used=4950Kb free=115049Kb
 bounds [0x00000240de570000, 0x00000240dea50000, 0x00000240e5aa0000]
CodeHeap 'non-nmethods': size=5760Kb used=1285Kb max_used=1317Kb free=4474Kb
 bounds [0x00000240ddfd0000, 0x00000240de240000, 0x00000240de570000]
 total_blobs=3160 nmethods=2572 adapters=500
 compilation: enabled
              stopped_count=0, restarted_count=0
 full_count=0

Compilation events (20 events):
Event: 2.402 Thread 0x00000240f502d6c0 2563       3       io.cucumber.messages.internal.com.fasterxml.jackson.databind.introspect.POJOPropertyBuilder::_findExplicitNames (54 bytes)
Event: 2.402 Thread 0x00000240f8aabb90 2567       4       java.lang.reflect.Modifier::isPublic (12 bytes)
Event: 2.402 Thread 0x00000240f502d6c0 nmethod 2563 0x00000240dea42c10 code [0x00000240dea42e20, 0x00000240dea43548]
Event: 2.402 Thread 0x00000240f502d6c0 2564       3       io.cucumber.messages.internal.com.fasterxml.jackson.databind.introspect.POJOPropertyBuilder::_trimByVisibility (11 bytes)
Event: 2.402 Thread 0x00000240f502d6c0 nmethod 2564 0x00000240dea43790 code [0x00000240dea43940, 0x00000240dea43ae8]
Event: 2.402 Thread 0x00000240f502d6c0 2565       3       java.util.LinkedHashMap::values (25 bytes)
Event: 2.402 Thread 0x00000240f8aabb90 nmethod 2567 0x00000240e5bd2190 code [0x00000240e5bd2300, 0x00000240e5bd2358]
Event: 2.402 Thread 0x00000240f502d6c0 nmethod 2565 0x00000240dea43b90 code [0x00000240dea43d40, 0x00000240dea440b8]
Event: 2.402 Thread 0x00000240f502d6c0 2566       1       io.cucumber.messages.internal.com.fasterxml.jackson.databind.cfg.BaseSettings::getTypeResolverBuilder (5 bytes)
Event: 2.402 Thread 0x00000240f502d6c0 nmethod 2566 0x00000240e5bd2490 code [0x00000240e5bd2620, 0x00000240e5bd26f8]
Event: 2.402 Thread 0x00000240f8aabb90 2568       4       io.cucumber.messages.internal.com.fasterxml.jackson.databind.introspect.AnnotatedMember::getAnnotation (18 bytes)
Event: 2.403 Thread 0x00000240f502d6c0 2569       3       io.cucumber.messages.internal.com.fasterxml.jackson.databind.introspect.JacksonAnnotationIntrospector::hasAnyGetter (28 bytes)
Event: 2.403 Thread 0x00000240f8aabb90 nmethod 2568 0x00000240e5bd2790 code [0x00000240e5bd2900, 0x00000240e5bd29b8]
Event: 2.403 Thread 0x00000240f502d6c0 nmethod 2569 0x00000240dea44210 code [0x00000240dea44400, 0x00000240dea449b8]
Event: 2.403 Thread 0x00000240f502d6c0 2570       3       io.cucumber.messages.internal.com.fasterxml.jackson.databind.introspect.JacksonAnnotationIntrospector::hasAsKey (28 bytes)
Event: 2.403 Thread 0x00000240f502d6c0 nmethod 2570 0x00000240dea44b10 code [0x00000240dea44d00, 0x00000240dea452b8]
Event: 2.403 Thread 0x00000240f502d6c0 2571       3       io.cucumber.messages.internal.com.fasterxml.jackson.databind.cfg.MapperConfig::constructType (9 bytes)
Event: 2.403 Thread 0x00000240f502d6c0 nmethod 2571 0x00000240dea45410 code [0x00000240dea455c0, 0x00000240dea45828]
Event: 2.403 Thread 0x00000240f502d6c0 2572       1       io.cucumber.messages.internal.com.fasterxml.jackson.databind.cfg.ConfigOverride::getInclude (5 bytes)
Event: 2.403 Thread 0x00000240f502d6c0 nmethod 2572 0x00000240e5bd2a90 code [0x00000240e5bd2c20, 0x00000240e5bd2cf8]

GC Heap History (13 events):
Event: 0.644 GC heap before
{Heap before GC invocations=0 (full 0):
 garbage-first heap   total 126976K, used 22528K [0x0000000084200000, 0x0000000100000000)
  region size 1024K, 23 young (23552K), 0 survivors (0K)
 Metaspace       used 14908K, committed 15040K, reserved 1064960K
  class space    used 1490K, committed 1536K, reserved 1048576K
}
Event: 0.649 GC heap after
{Heap after GC invocations=1 (full 0):
 garbage-first heap   total 126976K, used 5584K [0x0000000084200000, 0x0000000100000000)
  region size 1024K, 3 young (3072K), 3 survivors (3072K)
 Metaspace       used 14908K, committed 15040K, reserved 1064960K
  class space    used 1490K, committed 1536K, reserved 1048576K
}
Event: 1.022 GC heap before
{Heap before GC invocations=1 (full 0):
 garbage-first heap   total 126976K, used 28112K [0x0000000084200000, 0x0000000100000000)
  region size 1024K, 26 young (26624K), 3 survivors (3072K)
 Metaspace       used 21305K, committed 21504K, reserved 1073152K
  class space    used 2253K, committed 2368K, reserved 1048576K
}
Event: 1.027 GC heap after
{Heap after GC invocations=2 (full 0):
 garbage-first heap   total 126976K, used 7963K [0x0000000084200000, 0x0000000100000000)
  region size 1024K, 3 young (3072K), 3 survivors (3072K)
 Metaspace       used 21305K, committed 21504K, reserved 1073152K
  class space    used 2253K, committed 2368K, reserved 1048576K
}
Event: 1.307 GC heap before
{Heap before GC invocations=3 (full 0):
 garbage-first heap   total 34816K, used 25371K [0x0000000084200000, 0x0000000100000000)
  region size 1024K, 21 young (21504K), 3 survivors (3072K)
 Metaspace       used 26713K, committed 27008K, reserved 1073152K
  class space    used 2910K, committed 3072K, reserved 1048576K
}
Event: 1.311 GC heap after
{Heap after GC invocations=4 (full 0):
 garbage-first heap   total 34816K, used 10300K [0x0000000084200000, 0x0000000100000000)
  region size 1024K, 5 young (5120K), 5 survivors (5120K)
 Metaspace       used 26713K, committed 27008K, reserved 1073152K
  class space    used 2910K, committed 3072K, reserved 1048576K
}
Event: 1.332 GC heap before
{Heap before GC invocations=4 (full 0):
 garbage-first heap   total 34816K, used 11324K [0x0000000084200000, 0x0000000100000000)
  region size 1024K, 6 young (6144K), 5 survivors (5120K)
 Metaspace       used 27570K, committed 27840K, reserved 1081344K
  class space    used 3010K, committed 3136K, reserved 1048576K
}
Event: 1.336 GC heap after
{Heap after GC invocations=5 (full 0):
 garbage-first heap   total 34816K, used 10964K [0x0000000084200000, 0x0000000100000000)
  region size 1024K, 1 young (1024K), 1 survivors (1024K)
 Metaspace       used 27570K, committed 27840K, reserved 1081344K
  class space    used 3010K, committed 3136K, reserved 1048576K
}
Event: 1.617 GC heap before
{Heap before GC invocations=5 (full 0):
 garbage-first heap   total 34816K, used 24276K [0x0000000084200000, 0x0000000100000000)
  region size 1024K, 14 young (14336K), 1 survivors (1024K)
 Metaspace       used 31590K, committed 31808K, reserved 1081344K
  class space    used 3563K, committed 3648K, reserved 1048576K
}
Event: 1.619 GC heap after
{Heap after GC invocations=6 (full 0):
 garbage-first heap   total 34816K, used 11630K [0x0000000084200000, 0x0000000100000000)
  region size 1024K, 2 young (2048K), 2 survivors (2048K)
 Metaspace       used 31590K, committed 31808K, reserved 1081344K
  class space    used 3563K, committed 3648K, reserved 1048576K
}
Event: 1.776 GC heap before
{Heap before GC invocations=6 (full 0):
 garbage-first heap   total 34816K, used 20846K [0x0000000084200000, 0x0000000100000000)
  region size 1024K, 12 young (12288K), 2 survivors (2048K)
 Metaspace       used 33988K, committed 34240K, reserved 1081344K
  class space    used 3898K, committed 3968K, reserved 1048576K
}
Event: 1.779 GC heap after
{Heap after GC invocations=7 (full 0):
 garbage-first heap   total 34816K, used 12159K [0x0000000084200000, 0x0000000100000000)
  region size 1024K, 1 young (1024K), 1 survivors (1024K)
 Metaspace       used 33988K, committed 34240K, reserved 1081344K
  class space    used 3898K, committed 3968K, reserved 1048576K
}
Event: 2.406 GC heap before
{Heap before GC invocations=7 (full 0):
 garbage-first heap   total 46080K, used 36735K [0x0000000084200000, 0x0000000100000000)
  region size 1024K, 9 young (9216K), 1 survivors (1024K)
 Metaspace       used 35754K, committed 35968K, reserved 1081344K
  class space    used 4158K, committed 4288K, reserved 1048576K
}

Deoptimization events (20 events):
Event: 1.375 Thread 0x00000240d87cda20 DEOPT PACKING pc=0x00000240de8722c3 sp=0x000000bc006fbc00
Event: 1.375 Thread 0x00000240d87cda20 DEOPT UNPACKING pc=0x00000240de026763 sp=0x000000bc006fb098 mode 0
Event: 1.470 Thread 0x00000240d87cda20 Uncommon trap: trap_request=0xffffff45 fr.pc=0x00000240e5b064fc relative=0x000000000000055c
Event: 1.470 Thread 0x00000240d87cda20 Uncommon trap: reason=unstable_if action=reinterpret pc=0x00000240e5b064fc method=java.lang.String.replace(CC)Ljava/lang/String; @ 2 c2
Event: 1.470 Thread 0x00000240d87cda20 DEOPT PACKING pc=0x00000240e5b064fc sp=0x000000bc006fd040
Event: 1.470 Thread 0x00000240d87cda20 DEOPT UNPACKING pc=0x00000240de025c23 sp=0x000000bc006fcff0 mode 2
Event: 1.473 Thread 0x00000240f665d390 Uncommon trap: trap_request=0xffffffc6 fr.pc=0x00000240e5b4e324 relative=0x0000000000001e84
Event: 1.473 Thread 0x00000240f665d390 Uncommon trap: reason=bimorphic_or_optimized_type_check action=maybe_recompile pc=0x00000240e5b4e324 method=java.net.URL.<init>(Ljava/net/URL;Ljava/lang/String;Ljava/net/URLStreamHandler;)V @ 504 c2
Event: 1.473 Thread 0x00000240f665d390 DEOPT PACKING pc=0x00000240e5b4e324 sp=0x000000bc027ff2b0
Event: 1.473 Thread 0x00000240f665d390 DEOPT UNPACKING pc=0x00000240de025c23 sp=0x000000bc027ff230 mode 2
Event: 1.489 Thread 0x00000240f6cc7820 Uncommon trap: trap_request=0xffffff45 fr.pc=0x00000240e5b74bf8 relative=0x00000000000000d8
Event: 1.489 Thread 0x00000240f6cc7820 Uncommon trap: reason=unstable_if action=reinterpret pc=0x00000240e5b74bf8 method=java.lang.CharacterDataLatin1.digit(II)I @ 12 c2
Event: 1.489 Thread 0x00000240f6cc7820 DEOPT PACKING pc=0x00000240e5b74bf8 sp=0x000000bc029fe960
Event: 1.489 Thread 0x00000240f6cc7820 DEOPT UNPACKING pc=0x00000240de025c23 sp=0x000000bc029fe818 mode 2
Event: 1.511 Thread 0x00000240f6cc7820 Uncommon trap: trap_request=0xffffff45 fr.pc=0x00000240e5b74848 relative=0x00000000000000a8
Event: 1.511 Thread 0x00000240f6cc7820 Uncommon trap: reason=unstable_if action=reinterpret pc=0x00000240e5b74848 method=java.lang.CharacterDataLatin1.digit(II)I @ 12 c2
Event: 1.511 Thread 0x00000240f6cc7820 DEOPT PACKING pc=0x00000240e5b74848 sp=0x000000bc029fe8b0
Event: 1.511 Thread 0x00000240f6cc7820 DEOPT UNPACKING pc=0x00000240de025c23 sp=0x000000bc029fe828 mode 2
Event: 1.696 Thread 0x00000240d87cda20 DEOPT PACKING pc=0x00000240de59b477 sp=0x000000bc006f9600
Event: 1.696 Thread 0x00000240d87cda20 DEOPT UNPACKING pc=0x00000240de026763 sp=0x000000bc006f8a60 mode 0

Classes unloaded (0 events):
No events

Classes redefined (0 events):
No events

Internal exceptions (20 events):
Event: 1.431 Thread 0x00000240d87cda20 Exception <a 'java/lang/NoSuchMethodError'{0x0000000085b03de8}: 'java.lang.Object java.lang.invoke.DirectMethodHandle$Holder.invokeInterface(java.lang.Object, java.lang.Object, java.lang.Object, java.lang.Object)'> (0x0000000085b03de8) 
thrown [e:\jenkins\tmp\workspace\build\src\src\hotspot\share\interpreter\linkResolver.cpp, line 766]
Event: 1.432 Thread 0x00000240d87cda20 Exception <a 'java/lang/NoSuchMethodError'{0x0000000085b10698}: 'void java.lang.invoke.DirectMethodHandle$Holder.invokeInterface(java.lang.Object, java.lang.Object, java.lang.Object)'> (0x0000000085b10698) 
thrown [e:\jenkins\tmp\workspace\build\src\src\hotspot\share\interpreter\linkResolver.cpp, line 766]
Event: 1.433 Thread 0x00000240d87cda20 Exception <a 'java/lang/NoSuchMethodError'{0x0000000085b19b90}: 'java.lang.Object java.lang.invoke.DirectMethodHandle$Holder.invokeVirtual(java.lang.Object, java.lang.Object, java.lang.Object)'> (0x0000000085b19b90) 
thrown [e:\jenkins\tmp\workspace\build\src\src\hotspot\share\interpreter\linkResolver.cpp, line 766]
Event: 1.478 Thread 0x00000240f8911ee0 Exception <a 'java/lang/NoSuchMethodError'{0x0000000085952558}: 'void java.lang.invoke.DirectMethodHandle$Holder.invokeStatic(java.lang.Object, long)'> (0x0000000085952558) 
thrown [e:\jenkins\tmp\workspace\build\src\src\hotspot\share\interpreter\linkResolver.cpp, line 766]
Event: 1.479 Thread 0x00000240f8911ee0 Exception <a 'java/lang/NoSuchMethodError'{0x0000000085957900}: 'java.lang.Object java.lang.invoke.DirectMethodHandle$Holder.newInvokeSpecial(java.lang.Object, long)'> (0x0000000085957900) 
thrown [e:\jenkins\tmp\workspace\build\src\src\hotspot\share\interpreter\linkResolver.cpp, line 766]
Event: 1.482 Thread 0x00000240f8911ee0 Exception <a 'java/lang/NoSuchMethodError'{0x0000000085961b70}: 'java.lang.Object java.lang.invoke.DirectMethodHandle$Holder.invokeStaticInit(java.lang.Object, java.lang.Object, long, java.lang.Object)'> (0x0000000085961b70) 
thrown [e:\jenkins\tmp\workspace\build\src\src\hotspot\share\interpreter\linkResolver.cpp, line 766]
Event: 1.483 Thread 0x00000240f8911ee0 Exception <a 'java/lang/NoSuchMethodError'{0x00000000859aa798}: 'java.lang.Object java.lang.invoke.DirectMethodHandle$Holder.newInvokeSpecial(java.lang.Object, java.lang.Object, long)'> (0x00000000859aa798) 
thrown [e:\jenkins\tmp\workspace\build\src\src\hotspot\share\interpreter\linkResolver.cpp, line 766]
Event: 1.483 Thread 0x00000240f8911ee0 Exception <a 'java/lang/NoSuchMethodError'{0x00000000859ae308}: 'java.lang.Object java.lang.invoke.Invokers$Holder.linkToTargetMethod(java.lang.Object, long, java.lang.Object)'> (0x00000000859ae308) 
thrown [e:\jenkins\tmp\workspace\build\src\src\hotspot\share\interpreter\linkResolver.cpp, line 766]
Event: 1.490 Thread 0x00000240f6cc7820 Exception <a 'java/net/ConnectException'{0x000000008598d010}: Connection refused: no further information> (0x000000008598d010) 
thrown [e:\jenkins\tmp\workspace\build\src\src\hotspot\share\prims\jni.cpp, line 535]
Event: 1.490 Thread 0x00000240f6cc7820 Exception <a 'java/net/SocketException'{0x000000008598d348}: Socket is not connected: shutdown> (0x000000008598d348) 
thrown [e:\jenkins\tmp\workspace\build\src\src\hotspot\share\prims\jni.cpp, line 535]
Event: 1.511 Thread 0x00000240f6cc7820 Exception <a 'java/net/ConnectException'{0x000000008598e3b0}: Connection refused: no further information> (0x000000008598e3b0) 
thrown [e:\jenkins\tmp\workspace\build\src\src\hotspot\share\prims\jni.cpp, line 535]
Event: 1.512 Thread 0x00000240f6cc7820 Exception <a 'java/net/SocketException'{0x000000008598e6e8}: Socket is not connected: shutdown> (0x000000008598e6e8) 
thrown [e:\jenkins\tmp\workspace\build\src\src\hotspot\share\prims\jni.cpp, line 535]
Event: 1.559 Thread 0x00000240d87cda20 Exception <a 'java/lang/NoSuchMethodError'{0x000000008585aec8}: 'double java.lang.invoke.DirectMethodHandle$Holder.invokeVirtual(java.lang.Object, java.lang.Object)'> (0x000000008585aec8) 
thrown [e:\jenkins\tmp\workspace\build\src\src\hotspot\share\interpreter\linkResolver.cpp, line 766]
Event: 1.559 Thread 0x00000240d87cda20 Exception <a 'java/lang/NoSuchMethodError'{0x0000000085861728}: 'float java.lang.invoke.DirectMethodHandle$Holder.invokeVirtual(java.lang.Object, java.lang.Object)'> (0x0000000085861728) 
thrown [e:\jenkins\tmp\workspace\build\src\src\hotspot\share\interpreter\linkResolver.cpp, line 766]
Event: 1.560 Thread 0x00000240d87cda20 Exception <a 'java/lang/NoSuchMethodError'{0x000000008586a9b0}: 'long java.lang.invoke.DirectMethodHandle$Holder.invokeVirtual(java.lang.Object, java.lang.Object)'> (0x000000008586a9b0) 
thrown [e:\jenkins\tmp\workspace\build\src\src\hotspot\share\interpreter\linkResolver.cpp, line 766]
Event: 1.593 Thread 0x00000240d87cda20 Exception <a 'java/lang/NoSuchMethodError'{0x00000000857e57f0}: 'void java.lang.invoke.DirectMethodHandle$Holder.invokeStatic(java.lang.Object, java.lang.Object, int)'> (0x00000000857e57f0) 
thrown [e:\jenkins\tmp\workspace\build\src\src\hotspot\share\interpreter\linkResolver.cpp, line 766]
Event: 1.627 Thread 0x00000240d87cda20 Exception <a 'java/lang/NoSuchMethodError'{0x000000008bd649a8}: 'int java.lang.invoke.DirectMethodHandle$Holder.invokeSpecialIFC(java.lang.Object, java.lang.Object, java.lang.Object)'> (0x000000008bd649a8) 
thrown [e:\jenkins\tmp\workspace\build\src\src\hotspot\share\interpreter\linkResolver.cpp, line 766]
Event: 1.691 Thread 0x00000240d87cda20 Exception <a 'java/lang/NoSuchMethodError'{0x000000008a1c28e8}: 'void java.lang.invoke.DirectMethodHandle$Holder.invokeSpecial(java.lang.Object, java.lang.Object, java.lang.Object, java.lang.Object, java.lang.Object, java.lang.Object)'> (0x000000008a1c28e8) 
thrown [e:\jenkins\tmp\workspace\build\src\src\hotspot\share\interpreter\linkResolver.cpp, line 766]
Event: 2.295 Thread 0x00000240d87cda20 Exception <a 'java/lang/NoSuchMethodError'{0x000000008a278110}: 'java.lang.Object java.lang.invoke.DirectMethodHandle$Holder.invokeSpecialIFC(java.lang.Object, java.lang.Object, java.lang.Object)'> (0x000000008a278110) 
thrown [e:\jenkins\tmp\workspace\build\src\src\hotspot\share\interpreter\linkResolver.cpp, line 766]
Event: 2.308 Thread 0x00000240d87cda20 Exception <a 'java/lang/ClassNotFoundException'{0x000000008a139130}: sun/util/logging/resources/spi/loggingProvider> (0x000000008a139130) 
thrown [e:\jenkins\tmp\workspace\build\src\src\hotspot\share\classfile\systemDictionary.cpp, line 256]

VM Operations (20 events):
Event: 1.175 Executing VM operation: HandshakeAllThreads done
Event: 1.220 Executing VM operation: HandshakeAllThreads
Event: 1.220 Executing VM operation: HandshakeAllThreads done
Event: 1.307 Executing VM operation: G1CollectForAllocation
Event: 1.312 Executing VM operation: G1CollectForAllocation done
Event: 1.332 Executing VM operation: G1CollectForAllocation
Event: 1.336 Executing VM operation: G1CollectForAllocation done
Event: 1.545 Executing VM operation: HandshakeAllThreads
Event: 1.546 Executing VM operation: HandshakeAllThreads done
Event: 1.547 Executing VM operation: HandshakeAllThreads
Event: 1.547 Executing VM operation: HandshakeAllThreads done
Event: 1.548 Executing VM operation: HandshakeAllThreads
Event: 1.548 Executing VM operation: HandshakeAllThreads done
Event: 1.617 Executing VM operation: G1CollectForAllocation
Event: 1.619 Executing VM operation: G1CollectForAllocation done
Event: 1.648 Executing VM operation: HandshakeAllThreads
Event: 1.648 Executing VM operation: HandshakeAllThreads done
Event: 1.776 Executing VM operation: G1TryInitiateConcMark
Event: 1.779 Executing VM operation: G1TryInitiateConcMark done
Event: 2.405 Executing VM operation: CollectForMetadataAllocation

Events (20 events):
Event: 2.343 loading class java/util/concurrent/locks/ReentrantReadWriteLock$Sync$ThreadLocalHoldCounter done
Event: 2.343 loading class java/util/concurrent/locks/ReentrantReadWriteLock$ReadLock
Event: 2.343 loading class java/util/concurrent/locks/ReentrantReadWriteLock$ReadLock done
Event: 2.343 loading class java/util/concurrent/locks/ReentrantReadWriteLock$WriteLock
Event: 2.343 loading class java/util/concurrent/locks/ReentrantReadWriteLock$WriteLock done
Event: 2.347 loading class java/util/Base64
Event: 2.347 loading class java/util/Base64 done
Event: 2.347 loading class java/util/Base64$Encoder
Event: 2.348 loading class java/util/Base64$Encoder done
Event: 2.348 Thread 0x00000240f87e7a10 Thread added: 0x00000240f87e7a10
Event: 2.350 loading class java/util/concurrent/CompletableFuture$UniExceptionally
Event: 2.350 loading class java/util/concurrent/CompletableFuture$UniCompletion
Event: 2.350 loading class java/util/concurrent/CompletableFuture$UniCompletion done
Event: 2.350 loading class java/util/concurrent/CompletableFuture$UniExceptionally done
Event: 2.397 loading class java/util/concurrent/ConcurrentLinkedDeque$Itr
Event: 2.397 loading class java/util/concurrent/ConcurrentLinkedDeque$AbstractItr
Event: 2.397 loading class java/util/concurrent/ConcurrentLinkedDeque$AbstractItr done
Event: 2.397 loading class java/util/concurrent/ConcurrentLinkedDeque$Itr done
Event: 2.398 loading class java/time/Instant$1
Event: 2.398 loading class java/time/Instant$1 done


Dynamic libraries:
0x00007ff636fd0000 - 0x00007ff636fde000 	C:\Users\DELL\Downloads\eclipse\plugins\org.eclipse.justj.openjdk.hotspot.jre.full.win32.x86_64_17.0.3.v20220515-1416\jre\bin\javaw.exe
0x00007ffee2690000 - 0x00007ffee2888000 	C:\Windows\SYSTEM32\ntdll.dll
0x00007ffee0e10000 - 0x00007ffee0ecd000 	C:\Windows\System32\KERNEL32.DLL
0x00007ffedfdb0000 - 0x00007ffee007e000 	C:\Windows\System32\KERNELBASE.dll
0x00007ffee0370000 - 0x00007ffee0470000 	C:\Windows\System32\ucrtbase.dll
0x00007ffed49d0000 - 0x00007ffed49e8000 	C:\Users\DELL\Downloads\eclipse\plugins\org.eclipse.justj.openjdk.hotspot.jre.full.win32.x86_64_17.0.3.v20220515-1416\jre\bin\jli.dll
0x00007ffee24b0000 - 0x00007ffee2650000 	C:\Windows\System32\USER32.dll
0x00007ffee0340000 - 0x00007ffee0362000 	C:\Windows\System32\win32u.dll
0x00007ffed1a20000 - 0x00007ffed1a39000 	C:\Users\DELL\Downloads\eclipse\plugins\org.eclipse.justj.openjdk.hotspot.jre.full.win32.x86_64_17.0.3.v20220515-1416\jre\bin\VCRUNTIME140.dll
0x00007ffecc760000 - 0x00007ffecc9fa000 	C:\Windows\WinSxS\amd64_microsoft.windows.common-controls_6595b64144ccf1df_6.0.19041.1110_none_60b5254171f9507e\COMCTL32.dll
0x00007ffee1260000 - 0x00007ffee12fe000 	C:\Windows\System32\msvcrt.dll
0x00007ffee1cd0000 - 0x00007ffee1cfa000 	C:\Windows\System32\GDI32.dll
0x00007ffee0470000 - 0x00007ffee057b000 	C:\Windows\System32\gdi32full.dll
0x00007ffee0230000 - 0x00007ffee02cd000 	C:\Windows\System32\msvcp_win.dll
0x00007ffee1eb0000 - 0x00007ffee1ee0000 	C:\Windows\System32\IMM32.DLL
0x00007ffed4f60000 - 0x00007ffed4f6c000 	C:\Users\DELL\Downloads\eclipse\plugins\org.eclipse.justj.openjdk.hotspot.jre.full.win32.x86_64_17.0.3.v20220515-1416\jre\bin\vcruntime140_1.dll
0x00007ffed1020000 - 0x00007ffed10b1000 	C:\Users\DELL\Downloads\eclipse\plugins\org.eclipse.justj.openjdk.hotspot.jre.full.win32.x86_64_17.0.3.v20220515-1416\jre\bin\msvcp140.dll
0x00007ffe78f40000 - 0x00007ffe79b88000 	C:\Users\DELL\Downloads\eclipse\plugins\org.eclipse.justj.openjdk.hotspot.jre.full.win32.x86_64_17.0.3.v20220515-1416\jre\bin\server\jvm.dll
0x00007ffee1c20000 - 0x00007ffee1cce000 	C:\Windows\System32\ADVAPI32.dll
0x00007ffee20b0000 - 0x00007ffee214c000 	C:\Windows\System32\sechost.dll
0x00007ffee0ed0000 - 0x00007ffee0ff5000 	C:\Windows\System32\RPCRT4.dll
0x00007ffee0d70000 - 0x00007ffee0d78000 	C:\Windows\System32\PSAPI.DLL
0x00007ffec4d80000 - 0x00007ffec4da7000 	C:\Windows\SYSTEM32\WINMM.dll
0x00007ffedb420000 - 0x00007ffedb429000 	C:\Windows\SYSTEM32\WSOCK32.dll
0x00007ffed4270000 - 0x00007ffed427a000 	C:\Windows\SYSTEM32\VERSION.dll
0x00007ffee1bb0000 - 0x00007ffee1c1b000 	C:\Windows\System32\WS2_32.dll
0x00007ffede640000 - 0x00007ffede652000 	C:\Windows\SYSTEM32\kernel.appcore.dll
0x00007ffed7830000 - 0x00007ffed783a000 	C:\Users\DELL\Downloads\eclipse\plugins\org.eclipse.justj.openjdk.hotspot.jre.full.win32.x86_64_17.0.3.v20220515-1416\jre\bin\jimage.dll
0x00007ffeddb90000 - 0x00007ffeddd74000 	C:\Windows\SYSTEM32\DBGHELP.DLL
0x00007ffecbba0000 - 0x00007ffecbbcc000 	C:\Windows\SYSTEM32\dbgcore.DLL
0x00007ffee0660000 - 0x00007ffee06e2000 	C:\Windows\System32\bcryptPrimitives.dll
0x00007ffed6af0000 - 0x00007ffed6b15000 	C:\Users\DELL\Downloads\eclipse\plugins\org.eclipse.justj.openjdk.hotspot.jre.full.win32.x86_64_17.0.3.v20220515-1416\jre\bin\java.dll
0x00007ffed7770000 - 0x00007ffed7788000 	C:\Users\DELL\Downloads\eclipse\plugins\org.eclipse.justj.openjdk.hotspot.jre.full.win32.x86_64_17.0.3.v20220515-1416\jre\bin\zip.dll
0x00007ffee1300000 - 0x00007ffee1a44000 	C:\Windows\System32\SHELL32.dll
0x00007ffedde90000 - 0x00007ffede624000 	C:\Windows\SYSTEM32\windows.storage.dll
0x00007ffee2150000 - 0x00007ffee24a4000 	C:\Windows\System32\combase.dll
0x00007ffedf810000 - 0x00007ffedf840000 	C:\Windows\SYSTEM32\Wldp.dll
0x00007ffee1ee0000 - 0x00007ffee1f8d000 	C:\Windows\System32\SHCORE.dll
0x00007ffee06f0000 - 0x00007ffee0745000 	C:\Windows\System32\shlwapi.dll
0x00007ffedfcf0000 - 0x00007ffedfd0f000 	C:\Windows\SYSTEM32\profapi.dll
0x00007ffed51c0000 - 0x00007ffed51d9000 	C:\Users\DELL\Downloads\eclipse\plugins\org.eclipse.justj.openjdk.hotspot.jre.full.win32.x86_64_17.0.3.v20220515-1416\jre\bin\net.dll
0x00007ffedacb0000 - 0x00007ffedadba000 	C:\Windows\SYSTEM32\WINHTTP.dll
0x00007ffedf570000 - 0x00007ffedf5da000 	C:\Windows\system32\mswsock.dll
0x00007ffed51a0000 - 0x00007ffed51b5000 	C:\Users\DELL\Downloads\eclipse\plugins\org.eclipse.justj.openjdk.hotspot.jre.full.win32.x86_64_17.0.3.v20220515-1416\jre\bin\nio.dll
0x00007ffedf210000 - 0x00007ffedf24b000 	C:\Windows\SYSTEM32\IPHLPAPI.DLL
0x00007ffee11a0000 - 0x00007ffee11a8000 	C:\Windows\System32\NSI.dll
0x00007ffed6c30000 - 0x00007ffed6c47000 	C:\Windows\SYSTEM32\dhcpcsvc6.DLL
0x00007ffed82c0000 - 0x00007ffed82dd000 	C:\Windows\SYSTEM32\dhcpcsvc.DLL
0x00007ffedf250000 - 0x00007ffedf31a000 	C:\Windows\SYSTEM32\DNSAPI.dll
0x00007ffed5d50000 - 0x00007ffed5d60000 	C:\Users\DELL\Downloads\eclipse\plugins\org.eclipse.justj.openjdk.hotspot.jre.full.win32.x86_64_17.0.3.v20220515-1416\jre\bin\verify.dll
0x00007ffedf760000 - 0x00007ffedf778000 	C:\Windows\SYSTEM32\CRYPTSP.dll
0x00007ffedee80000 - 0x00007ffedeeb4000 	C:\Windows\system32\rsaenh.dll
0x00007ffee0580000 - 0x00007ffee05a7000 	C:\Windows\System32\bcrypt.dll
0x00007ffedfc70000 - 0x00007ffedfc9e000 	C:\Windows\SYSTEM32\USERENV.dll
0x00007ffedf780000 - 0x00007ffedf78c000 	C:\Windows\SYSTEM32\CRYPTBASE.dll
0x00007ffed6a80000 - 0x00007ffed6a8a000 	C:\Windows\System32\rasadhlp.dll
0x00007ffed66d0000 - 0x00007ffed6750000 	C:\Windows\System32\fwpuclnt.dll
0x00007ffed50f0000 - 0x00007ffed50f9000 	C:\Users\DELL\Downloads\eclipse\plugins\org.eclipse.justj.openjdk.hotspot.jre.full.win32.x86_64_17.0.3.v20220515-1416\jre\bin\management.dll
0x00007ffed4d10000 - 0x00007ffed4d1b000 	C:\Users\DELL\Downloads\eclipse\plugins\org.eclipse.justj.openjdk.hotspot.jre.full.win32.x86_64_17.0.3.v20220515-1416\jre\bin\management_ext.dll
0x00007ffed5590000 - 0x00007ffed559e000 	C:\Users\DELL\Downloads\eclipse\plugins\org.eclipse.justj.openjdk.hotspot.jre.full.win32.x86_64_17.0.3.v20220515-1416\jre\bin\sunmscapi.dll
0x00007ffee0080000 - 0x00007ffee01d6000 	C:\Windows\System32\CRYPT32.dll
0x00007ffedf880000 - 0x00007ffedf8a7000 	C:\Windows\SYSTEM32\ncrypt.dll
0x00007ffedf840000 - 0x00007ffedf87b000 	C:\Windows\SYSTEM32\NTASN1.dll
0x00007ffed4aa0000 - 0x00007ffed4aa7000 	C:\Windows\system32\wshunix.dll
0x00007ffec1260000 - 0x00007ffec1277000 	C:\Windows\system32\napinsp.dll
0x00007ffed08d0000 - 0x00007ffed08eb000 	C:\Windows\system32\pnrpnsp.dll
0x00007ffeb7550000 - 0x00007ffeb7565000 	C:\Windows\system32\wshbth.dll
0x00007ffedb2e0000 - 0x00007ffedb2fd000 	C:\Windows\system32\NLAapi.dll
0x00007ffedac80000 - 0x00007ffedac92000 	C:\Windows\System32\winrnr.dll

dbghelp: loaded successfully - version: 4.0.5 - missing functions: none
symbol engine: initialized successfully - sym options: 0x614 - pdb path: .;C:\Users\DELL\Downloads\eclipse\plugins\org.eclipse.justj.openjdk.hotspot.jre.full.win32.x86_64_17.0.3.v20220515-1416\jre\bin;C:\Windows\SYSTEM32;C:\Windows\WinSxS\amd64_microsoft.windows.common-controls_6595b64144ccf1df_6.0.19041.1110_none_60b5254171f9507e;C:\Users\DELL\Downloads\eclipse\plugins\org.eclipse.justj.openjdk.hotspot.jre.full.win32.x86_64_17.0.3.v20220515-1416\jre\bin\server

VM Arguments:
jvm_args: -ea -Dfile.encoding=UTF-8 -XX:+ShowCodeDetailsInExceptionMessages 
java_command: org.eclipse.jdt.internal.junit.runner.RemoteTestRunner -version 3 -port 54169 -testLoaderClass org.eclipse.jdt.internal.junit4.runner.JUnit4TestLoader -loaderpluginname org.eclipse.jdt.junit4.runtime -classNames testRunner.TestRunner
java_class_path (initial): C:\Users\DELL\git\LearnED_Cucumber\LearnED\target\test-classes;C:\Users\DELL\git\LearnED_Cucumber\LearnED\target\classes;C:\Users\DELL\.m2\repository\junit\junit\4.12\junit-4.12.jar;C:\Users\DELL\.m2\repository\io\cucumber\cucumber-core\7.1.0\cucumber-core-7.1.0.jar;C:\Users\DELL\.m2\repository\io\cucumber\cucumber-gherkin\7.1.0\cucumber-gherkin-7.1.0.jar;C:\Users\DELL\.m2\repository\io\cucumber\cucumber-gherkin-messages\7.1.0\cucumber-gherkin-messages-7.1.0.jar;C:\Users\DELL\.m2\repository\io\cucumber\messages\17.1.1\messages-17.1.1.jar;C:\Users\DELL\.m2\repository\io\cucumber\tag-expressions\4.1.0\tag-expressions-4.1.0.jar;C:\Users\DELL\.m2\repository\io\cucumber\cucumber-expressions\13.0.1\cucumber-expressions-13.0.1.jar;C:\Users\DELL\.m2\repository\io\cucumber\datatable\7.1.0\datatable-7.1.0.jar;C:\Users\DELL\.m2\repository\io\cucumber\cucumber-plugin\7.1.0\cucumber-plugin-7.1.0.jar;C:\Users\DELL\.m2\repository\io\cucumber\docstring\7.1.0\docstring-7.1.0.jar;C:\Users\DELL\.m2\repository\io\cucumber\html-formatter\17.0.0\html-formatter-17.0.0.jar;C:\Users\DELL\.m2\repository\io\cucumber\create-meta\6.0.4\create-meta-6.0.4.jar;C:\Users\DELL\.m2\repository\org\apiguardian\apiguardian-api\1.1.2\apiguardian-api-1.1.2.jar;C:\Users\DELL\.m2\repository\io\cucumber\cucumber-java\7.1.0\cucumber-java-7.1.0.jar;C:\Users\DELL\.m2\repository\io\cucumber\cucumber-html\0.2.7\cucumber-html-0.2.7.jar;C:\Users\DELL\.m2\repository\io\cucumber\cucumber-jvm-deps\1.0.6\cucumber-jvm-deps-1.0.6.jar;C:\Users\DELL\.m2\repository\net\masterthought\cucumber-reporting\5.6.1\cucumber-reporting-5.6.1.jar;C:\Users\DELL\.m2\repository\com\fasterxml\jackson\core\jackson-databind\2.12.1\jackson-databind-2.12.1.jar;C:\Users\DELL\.m2\repository\com\fasterxml\jackson\core\jackson-annotations\2.12.1\jackson-annotations-2.12.1.jar;C:\Users\DELL\.m2\repository\com\fasterxml\jackson\core\jackson-core\2.12.1\jackson-core-2.12.1.jar;C:\Users\DELL\.m2\repository\com\fasterxml\ja
Launcher Type: SUN_STANDARD

[Global flags]
     intx CICompilerCount                          = 4                                         {product} {ergonomic}
     uint ConcGCThreads                            = 2                                         {product} {ergonomic}
     uint G1ConcRefinementThreads                  = 8                                         {product} {ergonomic}
   size_t G1HeapRegionSize                         = 1048576                                   {product} {ergonomic}
    uintx GCDrainStackTargetSize                   = 64                                        {product} {ergonomic}
   size_t InitialHeapSize                          = 130023424                                 {product} {ergonomic}
   size_t MarkStackSize                            = 4194304                                   {product} {ergonomic}
   size_t MaxHeapSize                              = 2078277632                                {product} {ergonomic}
   size_t MaxNewSize                               = 1246756864                                {product} {ergonomic}
   size_t MinHeapDeltaBytes                        = 1048576                                   {product} {ergonomic}
   size_t MinHeapSize                              = 8388608                                   {product} {ergonomic}
    uintx NonNMethodCodeHeapSize                   = 5839372                                {pd product} {ergonomic}
    uintx NonProfiledCodeHeapSize                  = 122909434                              {pd product} {ergonomic}
    uintx ProfiledCodeHeapSize                     = 122909434                              {pd product} {ergonomic}
    uintx ReservedCodeCacheSize                    = 251658240                              {pd product} {ergonomic}
     bool SegmentedCodeCache                       = true                                      {product} {ergonomic}
     bool ShowCodeDetailsInExceptionMessages       = true                                   {manageable} {command line}
   size_t SoftMaxHeapSize                          = 2078277632                             {manageable} {ergonomic}
     bool UseCompressedClassPointers               = true                           {product lp64_product} {ergonomic}
     bool UseCompressedOops                        = true                           {product lp64_product} {ergonomic}
     bool UseG1GC                                  = true                                      {product} {ergonomic}
     bool UseLargePagesIndividualAllocation        = false                                  {pd product} {ergonomic}

Logging:
Log output configuration:
 #0: stdout all=warning uptime,level,tags
 #1: stderr all=off uptime,level,tags

Environment Variables:
JAVA_HOME=C:\Program Files\Java\jdk-17.0.4
PATH=C:/Users/DELL/Downloads/eclipse//plugins/org.eclipse.justj.openjdk.hotspot.jre.full.win32.x86_64_17.0.3.v20220515-1416/jre/bin/server;C:/Users/DELL/Downloads/eclipse//plugins/org.eclipse.justj.openjdk.hotspot.jre.full.win32.x86_64_17.0.3.v20220515-1416/jre/bin;C:\Program Files\Common Files\Oracle\Java\javapath;C:\Windows\system32;C:\Windows;C:\Windows\System32\Wbem;C:\Windows\System32\WindowsPowerShell\v1.0\;C:\Windows\System32\OpenSSH\;C:\apache-maven-3.8.6\bin;C:\apache-maven-3.8.6\bin;C:\apache-maven-3.8.6\bin;C:\Program Files\Java\jdk-17.0.4\bin;C:\Users\DELL\AppData\Local\Microsoft\WindowsApps;;C:\Users\DELL\AppData\Local\Programs\Microsoft VS Code\bin;C:\Users\DELL\Downloads\eclipse;
USERNAME=DELL
OS=Windows_NT
PROCESSOR_IDENTIFIER=Intel64 Family 6 Model 140 Stepping 1, GenuineIntel



---------------  S Y S T E M  ---------------

OS:
 Windows 10 , 64 bit Build 19041 (10.0.19041.1889)
OS uptime: 14 days 4:16 hours

CPU: total 8 (initial active 8) (4 cores per cpu, 2 threads per core) family 6 model 140 stepping 1 microcode 0xa4, cx8, cmov, fxsr, ht, mmx, 3dnowpref, sse, sse2, sse3, ssse3, sse4.1, sse4.2, popcnt, lzcnt, tsc, tscinvbit, avx, avx2, aes, erms, clmul, bmi1, bmi2, adx, avx512f, avx512dq, avx512cd, avx512bw, avx512vl, sha, fma, vzeroupper, avx512_vpopcntdq, avx512_vpclmulqdq, avx512_vaes, avx512_vnni, clflush, clflushopt, clwb, avx512_vbmi2, avx512_vbmi

Memory: 4k page, system-wide physical 7926M (795M free)
TotalPageFile size 9974M (AvailPageFile size 24M)
current process WorkingSet (physical memory assigned to process): 221M, peak: 221M
current process commit charge ("private bytes"): 253M, peak: 276M

vm_info: OpenJDK 64-Bit Server VM (17.0.3+7) for windows-amd64 JRE (17.0.3+7), built on Apr 19 2022 16:55:35 by "" with MS VC++ 16.7 (VS2019)

END.
